2025-01-02T08:38:07.673+0700 INFO info message
2025-01-02T08:38:07.677+0700 ERROR info message
2025-01-02T08:38:07.781+0700 INFO info message
2025-01-02T08:38:07.781+0700 ERROR info message
2025-01-02T08:38:08.046+0700 INFO HV000001: Hibernate Validator 8.0.1.Final
2025-01-02T08:38:08.074+0700 INFO Starting Main using Java 19.0.1 with PID 28180 (E:\MyJob\calendar_api\target\classes started by Тагир in E:\MyJob\calendar_api)
2025-01-02T08:38:08.076+0700 INFO No active profile set, falling back to 1 default profile: "default"
2025-01-02T08:38:08.295+0700 INFO Devtools property defaults active! Set 'spring.devtools.add-properties' to 'false' to disable
2025-01-02T08:38:08.295+0700 INFO For additional web related logging consider setting the 'logging.level.web' property to 'DEBUG'
2025-01-02T08:38:08.806+0700 INFO Bootstrapping Spring Data JPA repositories in DEFAULT mode.
2025-01-02T08:38:08.880+0700 INFO Finished Spring Data repository scanning in 69 ms. Found 15 JPA repository interfaces.
2025-01-02T08:38:09.299+0700 INFO Tomcat initialized with port 8080 (http)
2025-01-02T08:38:09.308+0700 INFO Initializing ProtocolHandler ["http-nio-8080"]
2025-01-02T08:38:09.310+0700 INFO Starting service [Tomcat]
2025-01-02T08:38:09.310+0700 INFO Starting Servlet engine: [Apache Tomcat/10.1.18]
2025-01-02T08:38:09.361+0700 INFO Initializing Spring embedded WebApplicationContext
2025-01-02T08:38:09.362+0700 INFO Root WebApplicationContext: initialization completed in 1064 ms
2025-01-02T08:38:09.467+0700 INFO HHH000204: Processing PersistenceUnitInfo [name: default]
2025-01-02T08:38:09.502+0700 INFO HHH000412: Hibernate ORM core version 6.4.1.Final
2025-01-02T08:38:09.528+0700 INFO HHH000026: Second-level cache disabled
2025-01-02T08:38:09.639+0700 INFO No LoadTimeWeaver setup: ignoring JPA class transformer
2025-01-02T08:38:09.657+0700 INFO HikariPool-1 - Starting...
2025-01-02T08:38:09.744+0700 INFO HikariPool-1 - Added connection org.postgresql.jdbc.PgConnection@374ff32d
2025-01-02T08:38:09.746+0700 INFO HikariPool-1 - Start completed.
2025-01-02T08:38:09.778+0700 WARN HHH90000025: PostgreSQLDialect does not need to be specified explicitly using 'hibernate.dialect' (remove the property setting and it will be selected by default)
2025-01-02T08:38:10.883+0700 INFO HHH000489: No JTA platform available (set 'hibernate.transaction.jta.platform' to enable JTA platform integration)
2025-01-02T08:38:11.160+0700 INFO Initialized JPA EntityManagerFactory for persistence unit 'default'
2025-01-02T08:38:11.780+0700 WARN spring.jpa.open-in-view is enabled by default. Therefore, database queries may be performed during view rendering. Explicitly configure spring.jpa.open-in-view to disable this warning
2025-01-02T08:38:12.442+0700 INFO LiveReload server is running on port 35729
2025-01-02T08:38:12.461+0700 INFO Starting ProtocolHandler ["http-nio-8080"]
2025-01-02T08:38:12.472+0700 INFO Tomcat started on port 8080 (http) with context path ''
2025-01-02T08:38:12.480+0700 INFO Started Main in 4.694 seconds (process running for 5.647)
2025-01-02T08:38:59.168+0700 INFO Initializing Spring DispatcherServlet 'dispatcherServlet'
2025-01-02T08:38:59.169+0700 INFO Initializing Servlet 'dispatcherServlet'
2025-01-02T08:38:59.170+0700 INFO Completed initialization in 1 ms
2025-01-02T08:39:01.242+0700 WARN Resolved [org.jfree.data.UnknownKeyException: Key not found: Задание на пересечение с ВЛ и линиями связи]
2025-01-02T08:39:01.258+0700 WARN Resolved [org.springframework.web.servlet.resource.NoResourceFoundException: No static resource favicon.ico.]
2025-01-02T08:40:49.599+0700 INFO Restarting due to 1 class path change (0 additions, 1 deletion, 0 modifications)
2025-01-02T08:40:49.603+0700 INFO Stopping ProtocolHandler ["http-nio-8080"]
2025-01-02T08:40:49.615+0700 INFO Closing JPA EntityManagerFactory for persistence unit 'default'
2025-01-02T08:40:49.617+0700 INFO HikariPool-1 - Shutdown initiated...
2025-01-02T08:40:49.620+0700 INFO HikariPool-1 - Shutdown completed.
2025-01-02T08:40:49.704+0700 INFO info message
2025-01-02T08:40:49.704+0700 ERROR info message
2025-01-02T08:40:49.737+0700 INFO Starting Main using Java 19.0.1 with PID 28180 (E:\MyJob\calendar_api\target\classes started by Тагир in E:\MyJob\calendar_api)
2025-01-02T08:40:49.737+0700 INFO No active profile set, falling back to 1 default profile: "default"
2025-01-02T08:40:49.884+0700 INFO Bootstrapping Spring Data JPA repositories in DEFAULT mode.
2025-01-02T08:40:49.917+0700 INFO Finished Spring Data repository scanning in 32 ms. Found 15 JPA repository interfaces.
2025-01-02T08:40:50.020+0700 INFO Tomcat initialized with port 8080 (http)
2025-01-02T08:40:50.021+0700 INFO Initializing ProtocolHandler ["http-nio-8080"]
2025-01-02T08:40:50.021+0700 INFO Starting service [Tomcat]
2025-01-02T08:40:50.021+0700 INFO Starting Servlet engine: [Apache Tomcat/10.1.18]
2025-01-02T08:40:50.041+0700 INFO Initializing Spring embedded WebApplicationContext
2025-01-02T08:40:50.041+0700 INFO Root WebApplicationContext: initialization completed in 302 ms
2025-01-02T08:40:50.081+0700 INFO HHH000204: Processing PersistenceUnitInfo [name: default]
2025-01-02T08:40:50.084+0700 INFO HHH000026: Second-level cache disabled
2025-01-02T08:40:50.087+0700 INFO No LoadTimeWeaver setup: ignoring JPA class transformer
2025-01-02T08:40:50.088+0700 INFO HikariPool-2 - Starting...
2025-01-02T08:40:50.120+0700 INFO HikariPool-2 - Added connection org.postgresql.jdbc.PgConnection@5e0dcdc8
2025-01-02T08:40:50.121+0700 INFO HikariPool-2 - Start completed.
2025-01-02T08:40:50.129+0700 WARN HHH90000025: PostgreSQLDialect does not need to be specified explicitly using 'hibernate.dialect' (remove the property setting and it will be selected by default)
2025-01-02T08:40:50.424+0700 INFO HHH000489: No JTA platform available (set 'hibernate.transaction.jta.platform' to enable JTA platform integration)
2025-01-02T08:40:50.719+0700 INFO Initialized JPA EntityManagerFactory for persistence unit 'default'
2025-01-02T08:40:50.974+0700 WARN Exception encountered during context initialization - cancelling refresh attempt: org.springframework.beans.factory.BeanCreationException: Error creating bean with name 'baseLinearRoadController': Resolution of declared constructors on bean Class [ru.tomsknipineft.controllers.BaseLinearRoadController] from ClassLoader [org.springframework.boot.devtools.restart.classloader.RestartClassLoader@15d1a132] failed
2025-01-02T08:40:50.976+0700 INFO Closing JPA EntityManagerFactory for persistence unit 'default'
2025-01-02T08:40:50.977+0700 INFO HikariPool-2 - Shutdown initiated...
2025-01-02T08:40:50.981+0700 INFO HikariPool-2 - Shutdown completed.
2025-01-02T08:40:50.982+0700 INFO Stopping service [Tomcat]
2025-01-02T08:40:50.991+0700 INFO 

Error starting ApplicationContext. To display the condition evaluation report re-run your application with 'debug' enabled.
2025-01-02T08:40:51.008+0700 ERROR Application run failed
org.springframework.beans.factory.BeanCreationException: Error creating bean with name 'baseLinearRoadController': Resolution of declared constructors on bean Class [ru.tomsknipineft.controllers.BaseLinearRoadController] from ClassLoader [org.springframework.boot.devtools.restart.classloader.RestartClassLoader@15d1a132] failed
	at org.springframework.beans.factory.annotation.AutowiredAnnotationBeanPostProcessor.determineCandidateConstructors(AutowiredAnnotationBeanPostProcessor.java:383) ~[spring-beans-6.1.3.jar:6.1.3]
	at org.springframework.beans.factory.support.AbstractAutowireCapableBeanFactory.determineConstructorsFromBeanPostProcessors(AbstractAutowireCapableBeanFactory.java:1293) ~[spring-beans-6.1.3.jar:6.1.3]
	at org.springframework.beans.factory.support.AbstractAutowireCapableBeanFactory.createBeanInstance(AbstractAutowireCapableBeanFactory.java:1188) ~[spring-beans-6.1.3.jar:6.1.3]
	at org.springframework.beans.factory.support.AbstractAutowireCapableBeanFactory.doCreateBean(AbstractAutowireCapableBeanFactory.java:561) ~[spring-beans-6.1.3.jar:6.1.3]
	at org.springframework.beans.factory.support.AbstractAutowireCapableBeanFactory.createBean(AbstractAutowireCapableBeanFactory.java:521) ~[spring-beans-6.1.3.jar:6.1.3]
	at org.springframework.beans.factory.support.AbstractBeanFactory.lambda$doGetBean$0(AbstractBeanFactory.java:325) ~[spring-beans-6.1.3.jar:6.1.3]
	at org.springframework.beans.factory.support.DefaultSingletonBeanRegistry.getSingleton(DefaultSingletonBeanRegistry.java:234) ~[spring-beans-6.1.3.jar:6.1.3]
	at org.springframework.beans.factory.support.AbstractBeanFactory.doGetBean(AbstractBeanFactory.java:323) ~[spring-beans-6.1.3.jar:6.1.3]
	at org.springframework.beans.factory.support.AbstractBeanFactory.getBean(AbstractBeanFactory.java:199) ~[spring-beans-6.1.3.jar:6.1.3]
	at org.springframework.beans.factory.support.DefaultListableBeanFactory.preInstantiateSingletons(DefaultListableBeanFactory.java:975) ~[spring-beans-6.1.3.jar:6.1.3]
	at org.springframework.context.support.AbstractApplicationContext.finishBeanFactoryInitialization(AbstractApplicationContext.java:959) ~[spring-context-6.1.3.jar:6.1.3]
	at org.springframework.context.support.AbstractApplicationContext.refresh(AbstractApplicationContext.java:624) ~[spring-context-6.1.3.jar:6.1.3]
	at org.springframework.boot.web.servlet.context.ServletWebServerApplicationContext.refresh(ServletWebServerApplicationContext.java:146) ~[spring-boot-3.2.2.jar:3.2.2]
	at org.springframework.boot.SpringApplication.refresh(SpringApplication.java:754) [spring-boot-3.2.2.jar:3.2.2]
	at org.springframework.boot.SpringApplication.refreshContext(SpringApplication.java:456) [spring-boot-3.2.2.jar:3.2.2]
	at org.springframework.boot.SpringApplication.run(SpringApplication.java:334) [spring-boot-3.2.2.jar:3.2.2]
	at org.springframework.boot.SpringApplication.run(SpringApplication.java:1354) [spring-boot-3.2.2.jar:3.2.2]
	at org.springframework.boot.SpringApplication.run(SpringApplication.java:1343) [spring-boot-3.2.2.jar:3.2.2]
	at ru.tomsknipineft.Main.main(Main.java:20) [classes/:?]
	at java.base/jdk.internal.reflect.DirectMethodHandleAccessor.invoke(DirectMethodHandleAccessor.java:104) ~[?:?]
	at java.base/java.lang.reflect.Method.invoke(Method.java:578) ~[?:?]
	at org.springframework.boot.devtools.restart.RestartLauncher.run(RestartLauncher.java:50) [spring-boot-devtools-3.2.2.jar:3.2.2]
Caused by: java.lang.NoClassDefFoundError: ru/tomsknipineft/services/baseService/RoadCreateDataBaseService
	at java.base/java.lang.Class.getDeclaredConstructors0(Native Method) ~[?:?]
	at java.base/java.lang.Class.privateGetDeclaredConstructors(Class.java:3429) ~[?:?]
	at java.base/java.lang.Class.getDeclaredConstructors(Class.java:2608) ~[?:?]
	at org.springframework.beans.factory.annotation.AutowiredAnnotationBeanPostProcessor.determineCandidateConstructors(AutowiredAnnotationBeanPostProcessor.java:378) ~[spring-beans-6.1.3.jar:6.1.3]
	... 21 more
Caused by: java.lang.ClassNotFoundException: ru.tomsknipineft.services.baseService.RoadCreateDataBaseService
	at java.base/jdk.internal.loader.BuiltinClassLoader.loadClass(BuiltinClassLoader.java:641) ~[?:?]
	at java.base/jdk.internal.loader.ClassLoaders$AppClassLoader.loadClass(ClassLoaders.java:188) ~[?:?]
	at java.base/java.lang.ClassLoader.loadClass(ClassLoader.java:521) ~[?:?]
	at java.base/java.lang.Class.forName0(Native Method) ~[?:?]
	at java.base/java.lang.Class.forName(Class.java:495) ~[?:?]
	at java.base/java.lang.Class.forName(Class.java:474) ~[?:?]
	at org.springframework.boot.devtools.restart.classloader.RestartClassLoader.loadClass(RestartClassLoader.java:121) ~[spring-boot-devtools-3.2.2.jar:3.2.2]
	at java.base/java.lang.ClassLoader.loadClass(ClassLoader.java:521) ~[?:?]
	at java.base/java.lang.Class.getDeclaredConstructors0(Native Method) ~[?:?]
	at java.base/java.lang.Class.privateGetDeclaredConstructors(Class.java:3429) ~[?:?]
	at java.base/java.lang.Class.getDeclaredConstructors(Class.java:2608) ~[?:?]
	at org.springframework.beans.factory.annotation.AutowiredAnnotationBeanPostProcessor.determineCandidateConstructors(AutowiredAnnotationBeanPostProcessor.java:378) ~[spring-beans-6.1.3.jar:6.1.3]
	... 21 more
2025-01-02T08:40:52.447+0700 INFO info message
2025-01-02T08:40:52.447+0700 ERROR info message
2025-01-02T08:40:52.482+0700 INFO Starting Main using Java 19.0.1 with PID 28180 (E:\MyJob\calendar_api\target\classes started by Тагир in E:\MyJob\calendar_api)
2025-01-02T08:40:52.482+0700 INFO No active profile set, falling back to 1 default profile: "default"
2025-01-02T08:40:52.595+0700 INFO Bootstrapping Spring Data JPA repositories in DEFAULT mode.
2025-01-02T08:40:52.621+0700 INFO Finished Spring Data repository scanning in 26 ms. Found 15 JPA repository interfaces.
2025-01-02T08:40:52.700+0700 INFO Tomcat initialized with port 8080 (http)
2025-01-02T08:40:52.702+0700 INFO Initializing ProtocolHandler ["http-nio-8080"]
2025-01-02T08:40:52.702+0700 INFO Starting service [Tomcat]
2025-01-02T08:40:52.702+0700 INFO Starting Servlet engine: [Apache Tomcat/10.1.18]
2025-01-02T08:40:52.714+0700 INFO Initializing Spring embedded WebApplicationContext
2025-01-02T08:40:52.714+0700 INFO Root WebApplicationContext: initialization completed in 230 ms
2025-01-02T08:40:52.751+0700 INFO HHH000204: Processing PersistenceUnitInfo [name: default]
2025-01-02T08:40:52.753+0700 INFO HHH000026: Second-level cache disabled
2025-01-02T08:40:52.755+0700 INFO No LoadTimeWeaver setup: ignoring JPA class transformer
2025-01-02T08:40:52.756+0700 INFO HikariPool-3 - Starting...
2025-01-02T08:40:52.781+0700 INFO HikariPool-3 - Added connection org.postgresql.jdbc.PgConnection@2f2a65c4
2025-01-02T08:40:52.782+0700 INFO HikariPool-3 - Start completed.
2025-01-02T08:40:52.787+0700 WARN HHH90000025: PostgreSQLDialect does not need to be specified explicitly using 'hibernate.dialect' (remove the property setting and it will be selected by default)
2025-01-02T08:40:53.007+0700 INFO HHH000489: No JTA platform available (set 'hibernate.transaction.jta.platform' to enable JTA platform integration)
2025-01-02T08:40:53.161+0700 INFO Initialized JPA EntityManagerFactory for persistence unit 'default'
2025-01-02T08:40:53.473+0700 WARN spring.jpa.open-in-view is enabled by default. Therefore, database queries may be performed during view rendering. Explicitly configure spring.jpa.open-in-view to disable this warning
2025-01-02T08:40:53.897+0700 INFO LiveReload server is running on port 35729
2025-01-02T08:40:53.904+0700 INFO Starting ProtocolHandler ["http-nio-8080"]
2025-01-02T08:40:53.906+0700 INFO Tomcat started on port 8080 (http) with context path ''
2025-01-02T08:40:53.911+0700 INFO Started Main in 1.462 seconds (process running for 167.077)
2025-01-02T08:40:53.912+0700 INFO Condition evaluation unchanged
2025-01-02T08:40:58.092+0700 INFO Initializing Spring DispatcherServlet 'dispatcherServlet'
2025-01-02T08:40:58.092+0700 INFO Initializing Servlet 'dispatcherServlet'
2025-01-02T08:40:58.093+0700 INFO Completed initialization in 1 ms
2025-01-02T08:40:59.452+0700 WARN Resolved [org.jfree.data.UnknownKeyException: Key not found: Задание на пересечение с ВЛ и линиями связи]
2025-01-02T08:40:59.465+0700 WARN Resolved [org.springframework.web.servlet.resource.NoResourceFoundException: No static resource favicon.ico.]
2025-01-02T08:50:00.932+0700 INFO Restarting due to 1 class path change (0 additions, 1 deletion, 0 modifications)
2025-01-02T08:50:00.934+0700 INFO Stopping ProtocolHandler ["http-nio-8080"]
2025-01-02T08:50:00.945+0700 INFO Closing JPA EntityManagerFactory for persistence unit 'default'
2025-01-02T08:50:00.945+0700 INFO HikariPool-3 - Shutdown initiated...
2025-01-02T08:50:00.948+0700 INFO HikariPool-3 - Shutdown completed.
2025-01-02T08:50:01.029+0700 INFO info message
2025-01-02T08:50:01.030+0700 ERROR info message
2025-01-02T08:50:01.063+0700 INFO Starting Main using Java 19.0.1 with PID 28180 (E:\MyJob\calendar_api\target\classes started by Тагир in E:\MyJob\calendar_api)
2025-01-02T08:50:01.064+0700 INFO No active profile set, falling back to 1 default profile: "default"
2025-01-02T08:50:01.174+0700 INFO Bootstrapping Spring Data JPA repositories in DEFAULT mode.
2025-01-02T08:50:01.201+0700 INFO Finished Spring Data repository scanning in 26 ms. Found 15 JPA repository interfaces.
2025-01-02T08:50:01.301+0700 INFO Tomcat initialized with port 8080 (http)
2025-01-02T08:50:01.302+0700 INFO Initializing ProtocolHandler ["http-nio-8080"]
2025-01-02T08:50:01.303+0700 INFO Starting service [Tomcat]
2025-01-02T08:50:01.303+0700 INFO Starting Servlet engine: [Apache Tomcat/10.1.18]
2025-01-02T08:50:01.315+0700 INFO Initializing Spring embedded WebApplicationContext
2025-01-02T08:50:01.315+0700 INFO Root WebApplicationContext: initialization completed in 248 ms
2025-01-02T08:50:01.346+0700 INFO HHH000204: Processing PersistenceUnitInfo [name: default]
2025-01-02T08:50:01.348+0700 INFO HHH000026: Second-level cache disabled
2025-01-02T08:50:01.351+0700 INFO No LoadTimeWeaver setup: ignoring JPA class transformer
2025-01-02T08:50:01.351+0700 INFO HikariPool-4 - Starting...
2025-01-02T08:50:01.380+0700 INFO HikariPool-4 - Added connection org.postgresql.jdbc.PgConnection@428420b7
2025-01-02T08:50:01.381+0700 INFO HikariPool-4 - Start completed.
2025-01-02T08:50:01.386+0700 WARN HHH90000025: PostgreSQLDialect does not need to be specified explicitly using 'hibernate.dialect' (remove the property setting and it will be selected by default)
2025-01-02T08:50:01.625+0700 INFO HHH000489: No JTA platform available (set 'hibernate.transaction.jta.platform' to enable JTA platform integration)
2025-01-02T08:50:01.875+0700 INFO Initialized JPA EntityManagerFactory for persistence unit 'default'
2025-01-02T08:50:02.052+0700 WARN Exception encountered during context initialization - cancelling refresh attempt: org.springframework.beans.factory.BeanCreationException: Error creating bean with name 'baseLinearRoadController': Resolution of declared constructors on bean Class [ru.tomsknipineft.controllers.BaseLinearRoadController] from ClassLoader [org.springframework.boot.devtools.restart.classloader.RestartClassLoader@1ec77708] failed
2025-01-02T08:50:02.052+0700 INFO Closing JPA EntityManagerFactory for persistence unit 'default'
2025-01-02T08:50:02.052+0700 INFO HikariPool-4 - Shutdown initiated...
2025-01-02T08:50:02.057+0700 INFO HikariPool-4 - Shutdown completed.
2025-01-02T08:50:02.058+0700 INFO Stopping service [Tomcat]
2025-01-02T08:50:02.063+0700 INFO 

Error starting ApplicationContext. To display the condition evaluation report re-run your application with 'debug' enabled.
2025-01-02T08:50:02.064+0700 ERROR Application run failed
org.springframework.beans.factory.BeanCreationException: Error creating bean with name 'baseLinearRoadController': Resolution of declared constructors on bean Class [ru.tomsknipineft.controllers.BaseLinearRoadController] from ClassLoader [org.springframework.boot.devtools.restart.classloader.RestartClassLoader@1ec77708] failed
	at org.springframework.beans.factory.annotation.AutowiredAnnotationBeanPostProcessor.determineCandidateConstructors(AutowiredAnnotationBeanPostProcessor.java:383) ~[spring-beans-6.1.3.jar:6.1.3]
	at org.springframework.beans.factory.support.AbstractAutowireCapableBeanFactory.determineConstructorsFromBeanPostProcessors(AbstractAutowireCapableBeanFactory.java:1293) ~[spring-beans-6.1.3.jar:6.1.3]
	at org.springframework.beans.factory.support.AbstractAutowireCapableBeanFactory.createBeanInstance(AbstractAutowireCapableBeanFactory.java:1188) ~[spring-beans-6.1.3.jar:6.1.3]
	at org.springframework.beans.factory.support.AbstractAutowireCapableBeanFactory.doCreateBean(AbstractAutowireCapableBeanFactory.java:561) ~[spring-beans-6.1.3.jar:6.1.3]
	at org.springframework.beans.factory.support.AbstractAutowireCapableBeanFactory.createBean(AbstractAutowireCapableBeanFactory.java:521) ~[spring-beans-6.1.3.jar:6.1.3]
	at org.springframework.beans.factory.support.AbstractBeanFactory.lambda$doGetBean$0(AbstractBeanFactory.java:325) ~[spring-beans-6.1.3.jar:6.1.3]
	at org.springframework.beans.factory.support.DefaultSingletonBeanRegistry.getSingleton(DefaultSingletonBeanRegistry.java:234) ~[spring-beans-6.1.3.jar:6.1.3]
	at org.springframework.beans.factory.support.AbstractBeanFactory.doGetBean(AbstractBeanFactory.java:323) ~[spring-beans-6.1.3.jar:6.1.3]
	at org.springframework.beans.factory.support.AbstractBeanFactory.getBean(AbstractBeanFactory.java:199) ~[spring-beans-6.1.3.jar:6.1.3]
	at org.springframework.beans.factory.support.DefaultListableBeanFactory.preInstantiateSingletons(DefaultListableBeanFactory.java:975) ~[spring-beans-6.1.3.jar:6.1.3]
	at org.springframework.context.support.AbstractApplicationContext.finishBeanFactoryInitialization(AbstractApplicationContext.java:959) ~[spring-context-6.1.3.jar:6.1.3]
	at org.springframework.context.support.AbstractApplicationContext.refresh(AbstractApplicationContext.java:624) ~[spring-context-6.1.3.jar:6.1.3]
	at org.springframework.boot.web.servlet.context.ServletWebServerApplicationContext.refresh(ServletWebServerApplicationContext.java:146) ~[spring-boot-3.2.2.jar:3.2.2]
	at org.springframework.boot.SpringApplication.refresh(SpringApplication.java:754) [spring-boot-3.2.2.jar:3.2.2]
	at org.springframework.boot.SpringApplication.refreshContext(SpringApplication.java:456) [spring-boot-3.2.2.jar:3.2.2]
	at org.springframework.boot.SpringApplication.run(SpringApplication.java:334) [spring-boot-3.2.2.jar:3.2.2]
	at org.springframework.boot.SpringApplication.run(SpringApplication.java:1354) [spring-boot-3.2.2.jar:3.2.2]
	at org.springframework.boot.SpringApplication.run(SpringApplication.java:1343) [spring-boot-3.2.2.jar:3.2.2]
	at ru.tomsknipineft.Main.main(Main.java:20) [classes/:?]
	at java.base/jdk.internal.reflect.DirectMethodHandleAccessor.invoke(DirectMethodHandleAccessor.java:104) ~[?:?]
	at java.base/java.lang.reflect.Method.invoke(Method.java:578) ~[?:?]
	at org.springframework.boot.devtools.restart.RestartLauncher.run(RestartLauncher.java:50) [spring-boot-devtools-3.2.2.jar:3.2.2]
Caused by: java.lang.NoClassDefFoundError: ru/tomsknipineft/services/baseService/RoadCreateDataBaseService
	at java.base/java.lang.Class.getDeclaredConstructors0(Native Method) ~[?:?]
	at java.base/java.lang.Class.privateGetDeclaredConstructors(Class.java:3429) ~[?:?]
	at java.base/java.lang.Class.getDeclaredConstructors(Class.java:2608) ~[?:?]
	at org.springframework.beans.factory.annotation.AutowiredAnnotationBeanPostProcessor.determineCandidateConstructors(AutowiredAnnotationBeanPostProcessor.java:378) ~[spring-beans-6.1.3.jar:6.1.3]
	... 21 more
Caused by: java.lang.ClassNotFoundException: ru.tomsknipineft.services.baseService.RoadCreateDataBaseService
	at java.base/jdk.internal.loader.BuiltinClassLoader.loadClass(BuiltinClassLoader.java:641) ~[?:?]
	at java.base/jdk.internal.loader.ClassLoaders$AppClassLoader.loadClass(ClassLoaders.java:188) ~[?:?]
	at java.base/java.lang.ClassLoader.loadClass(ClassLoader.java:521) ~[?:?]
	at java.base/java.lang.Class.forName0(Native Method) ~[?:?]
	at java.base/java.lang.Class.forName(Class.java:495) ~[?:?]
	at java.base/java.lang.Class.forName(Class.java:474) ~[?:?]
	at org.springframework.boot.devtools.restart.classloader.RestartClassLoader.loadClass(RestartClassLoader.java:121) ~[spring-boot-devtools-3.2.2.jar:3.2.2]
	at java.base/java.lang.ClassLoader.loadClass(ClassLoader.java:521) ~[?:?]
	at java.base/java.lang.Class.getDeclaredConstructors0(Native Method) ~[?:?]
	at java.base/java.lang.Class.privateGetDeclaredConstructors(Class.java:3429) ~[?:?]
	at java.base/java.lang.Class.getDeclaredConstructors(Class.java:2608) ~[?:?]
	at org.springframework.beans.factory.annotation.AutowiredAnnotationBeanPostProcessor.determineCandidateConstructors(AutowiredAnnotationBeanPostProcessor.java:378) ~[spring-beans-6.1.3.jar:6.1.3]
	... 21 more
2025-01-02T08:50:03.502+0700 INFO info message
2025-01-02T08:50:03.502+0700 ERROR info message
2025-01-02T08:50:03.536+0700 INFO Starting Main using Java 19.0.1 with PID 28180 (E:\MyJob\calendar_api\target\classes started by Тагир in E:\MyJob\calendar_api)
2025-01-02T08:50:03.537+0700 INFO No active profile set, falling back to 1 default profile: "default"
2025-01-02T08:50:03.642+0700 INFO Bootstrapping Spring Data JPA repositories in DEFAULT mode.
2025-01-02T08:50:03.664+0700 INFO Finished Spring Data repository scanning in 21 ms. Found 15 JPA repository interfaces.
2025-01-02T08:50:03.728+0700 INFO Tomcat initialized with port 8080 (http)
2025-01-02T08:50:03.728+0700 INFO Initializing ProtocolHandler ["http-nio-8080"]
2025-01-02T08:50:03.728+0700 INFO Starting service [Tomcat]
2025-01-02T08:50:03.729+0700 INFO Starting Servlet engine: [Apache Tomcat/10.1.18]
2025-01-02T08:50:03.740+0700 INFO Initializing Spring embedded WebApplicationContext
2025-01-02T08:50:03.740+0700 INFO Root WebApplicationContext: initialization completed in 201 ms
2025-01-02T08:50:03.772+0700 INFO HHH000204: Processing PersistenceUnitInfo [name: default]
2025-01-02T08:50:03.773+0700 INFO HHH000026: Second-level cache disabled
2025-01-02T08:50:03.776+0700 INFO No LoadTimeWeaver setup: ignoring JPA class transformer
2025-01-02T08:50:03.776+0700 INFO HikariPool-5 - Starting...
2025-01-02T08:50:03.831+0700 INFO HikariPool-5 - Added connection org.postgresql.jdbc.PgConnection@4f7651ca
2025-01-02T08:50:03.831+0700 INFO HikariPool-5 - Start completed.
2025-01-02T08:50:03.837+0700 WARN HHH90000025: PostgreSQLDialect does not need to be specified explicitly using 'hibernate.dialect' (remove the property setting and it will be selected by default)
2025-01-02T08:50:04.024+0700 INFO HHH000489: No JTA platform available (set 'hibernate.transaction.jta.platform' to enable JTA platform integration)
2025-01-02T08:50:04.163+0700 INFO Initialized JPA EntityManagerFactory for persistence unit 'default'
2025-01-02T08:50:04.494+0700 WARN spring.jpa.open-in-view is enabled by default. Therefore, database queries may be performed during view rendering. Explicitly configure spring.jpa.open-in-view to disable this warning
2025-01-02T08:50:04.958+0700 INFO LiveReload server is running on port 35729
2025-01-02T08:50:04.965+0700 INFO Starting ProtocolHandler ["http-nio-8080"]
2025-01-02T08:50:04.967+0700 INFO Tomcat started on port 8080 (http) with context path ''
2025-01-02T08:50:04.970+0700 INFO Started Main in 1.465 seconds (process running for 718.137)
2025-01-02T08:50:04.971+0700 INFO Condition evaluation unchanged
2025-01-02T08:50:12.475+0700 INFO Initializing Spring DispatcherServlet 'dispatcherServlet'
2025-01-02T08:50:12.476+0700 INFO Initializing Servlet 'dispatcherServlet'
2025-01-02T08:50:12.477+0700 INFO Completed initialization in 1 ms
2025-01-02T08:50:13.833+0700 WARN Resolved [org.jfree.data.UnknownKeyException: Key not found: Задание на пересечение с ВЛ и линиями связи]
2025-01-02T08:50:13.843+0700 WARN Resolved [org.springframework.web.servlet.resource.NoResourceFoundException: No static resource favicon.ico.]
2025-01-02T09:14:19.948+0700 INFO Restarting due to 2 class path changes (0 additions, 2 deletions, 0 modifications)
2025-01-02T09:14:19.950+0700 INFO Stopping ProtocolHandler ["http-nio-8080"]
2025-01-02T09:14:19.960+0700 INFO Closing JPA EntityManagerFactory for persistence unit 'default'
2025-01-02T09:14:19.961+0700 INFO HikariPool-5 - Shutdown initiated...
2025-01-02T09:14:19.964+0700 INFO HikariPool-5 - Shutdown completed.
2025-01-02T09:14:20.042+0700 INFO info message
2025-01-02T09:14:20.042+0700 ERROR info message
2025-01-02T09:14:20.084+0700 INFO Starting Main using Java 19.0.1 with PID 28180 (E:\MyJob\calendar_api\target\classes started by Тагир in E:\MyJob\calendar_api)
2025-01-02T09:14:20.084+0700 INFO No active profile set, falling back to 1 default profile: "default"
2025-01-02T09:14:20.196+0700 INFO Bootstrapping Spring Data JPA repositories in DEFAULT mode.
2025-01-02T09:14:20.217+0700 INFO Finished Spring Data repository scanning in 20 ms. Found 15 JPA repository interfaces.
2025-01-02T09:14:20.293+0700 INFO Tomcat initialized with port 8080 (http)
2025-01-02T09:14:20.294+0700 INFO Initializing ProtocolHandler ["http-nio-8080"]
2025-01-02T09:14:20.295+0700 INFO Starting service [Tomcat]
2025-01-02T09:14:20.295+0700 INFO Starting Servlet engine: [Apache Tomcat/10.1.18]
2025-01-02T09:14:20.306+0700 INFO Initializing Spring embedded WebApplicationContext
2025-01-02T09:14:20.307+0700 INFO Root WebApplicationContext: initialization completed in 220 ms
2025-01-02T09:14:20.336+0700 INFO HHH000204: Processing PersistenceUnitInfo [name: default]
2025-01-02T09:14:20.337+0700 INFO HHH000026: Second-level cache disabled
2025-01-02T09:14:20.340+0700 INFO No LoadTimeWeaver setup: ignoring JPA class transformer
2025-01-02T09:14:20.341+0700 INFO HikariPool-6 - Starting...
2025-01-02T09:14:20.366+0700 INFO HikariPool-6 - Added connection org.postgresql.jdbc.PgConnection@198a5f1f
2025-01-02T09:14:20.366+0700 INFO HikariPool-6 - Start completed.
2025-01-02T09:14:20.371+0700 WARN HHH90000025: PostgreSQLDialect does not need to be specified explicitly using 'hibernate.dialect' (remove the property setting and it will be selected by default)
2025-01-02T09:14:20.597+0700 INFO HHH000489: No JTA platform available (set 'hibernate.transaction.jta.platform' to enable JTA platform integration)
2025-01-02T09:14:20.948+0700 INFO Initialized JPA EntityManagerFactory for persistence unit 'default'
2025-01-02T09:14:21.139+0700 WARN Exception encountered during context initialization - cancelling refresh attempt: org.springframework.beans.factory.BeanCreationException: Error creating bean with name 'baseLinearRoadController': Resolution of declared constructors on bean Class [ru.tomsknipineft.controllers.BaseLinearRoadController] from ClassLoader [org.springframework.boot.devtools.restart.classloader.RestartClassLoader@2ee407c8] failed
2025-01-02T09:14:21.140+0700 INFO Closing JPA EntityManagerFactory for persistence unit 'default'
2025-01-02T09:14:21.140+0700 INFO HikariPool-6 - Shutdown initiated...
2025-01-02T09:14:21.142+0700 INFO HikariPool-6 - Shutdown completed.
2025-01-02T09:14:21.142+0700 INFO Stopping service [Tomcat]
2025-01-02T09:14:21.147+0700 INFO 

Error starting ApplicationContext. To display the condition evaluation report re-run your application with 'debug' enabled.
2025-01-02T09:14:21.149+0700 ERROR Application run failed
org.springframework.beans.factory.BeanCreationException: Error creating bean with name 'baseLinearRoadController': Resolution of declared constructors on bean Class [ru.tomsknipineft.controllers.BaseLinearRoadController] from ClassLoader [org.springframework.boot.devtools.restart.classloader.RestartClassLoader@2ee407c8] failed
	at org.springframework.beans.factory.annotation.AutowiredAnnotationBeanPostProcessor.determineCandidateConstructors(AutowiredAnnotationBeanPostProcessor.java:383) ~[spring-beans-6.1.3.jar:6.1.3]
	at org.springframework.beans.factory.support.AbstractAutowireCapableBeanFactory.determineConstructorsFromBeanPostProcessors(AbstractAutowireCapableBeanFactory.java:1293) ~[spring-beans-6.1.3.jar:6.1.3]
	at org.springframework.beans.factory.support.AbstractAutowireCapableBeanFactory.createBeanInstance(AbstractAutowireCapableBeanFactory.java:1188) ~[spring-beans-6.1.3.jar:6.1.3]
	at org.springframework.beans.factory.support.AbstractAutowireCapableBeanFactory.doCreateBean(AbstractAutowireCapableBeanFactory.java:561) ~[spring-beans-6.1.3.jar:6.1.3]
	at org.springframework.beans.factory.support.AbstractAutowireCapableBeanFactory.createBean(AbstractAutowireCapableBeanFactory.java:521) ~[spring-beans-6.1.3.jar:6.1.3]
	at org.springframework.beans.factory.support.AbstractBeanFactory.lambda$doGetBean$0(AbstractBeanFactory.java:325) ~[spring-beans-6.1.3.jar:6.1.3]
	at org.springframework.beans.factory.support.DefaultSingletonBeanRegistry.getSingleton(DefaultSingletonBeanRegistry.java:234) ~[spring-beans-6.1.3.jar:6.1.3]
	at org.springframework.beans.factory.support.AbstractBeanFactory.doGetBean(AbstractBeanFactory.java:323) ~[spring-beans-6.1.3.jar:6.1.3]
	at org.springframework.beans.factory.support.AbstractBeanFactory.getBean(AbstractBeanFactory.java:199) ~[spring-beans-6.1.3.jar:6.1.3]
	at org.springframework.beans.factory.support.DefaultListableBeanFactory.preInstantiateSingletons(DefaultListableBeanFactory.java:975) ~[spring-beans-6.1.3.jar:6.1.3]
	at org.springframework.context.support.AbstractApplicationContext.finishBeanFactoryInitialization(AbstractApplicationContext.java:959) ~[spring-context-6.1.3.jar:6.1.3]
	at org.springframework.context.support.AbstractApplicationContext.refresh(AbstractApplicationContext.java:624) ~[spring-context-6.1.3.jar:6.1.3]
	at org.springframework.boot.web.servlet.context.ServletWebServerApplicationContext.refresh(ServletWebServerApplicationContext.java:146) ~[spring-boot-3.2.2.jar:3.2.2]
	at org.springframework.boot.SpringApplication.refresh(SpringApplication.java:754) [spring-boot-3.2.2.jar:3.2.2]
	at org.springframework.boot.SpringApplication.refreshContext(SpringApplication.java:456) [spring-boot-3.2.2.jar:3.2.2]
	at org.springframework.boot.SpringApplication.run(SpringApplication.java:334) [spring-boot-3.2.2.jar:3.2.2]
	at org.springframework.boot.SpringApplication.run(SpringApplication.java:1354) [spring-boot-3.2.2.jar:3.2.2]
	at org.springframework.boot.SpringApplication.run(SpringApplication.java:1343) [spring-boot-3.2.2.jar:3.2.2]
	at ru.tomsknipineft.Main.main(Main.java:20) [classes/:?]
	at java.base/jdk.internal.reflect.DirectMethodHandleAccessor.invoke(DirectMethodHandleAccessor.java:104) ~[?:?]
	at java.base/java.lang.reflect.Method.invoke(Method.java:578) ~[?:?]
	at org.springframework.boot.devtools.restart.RestartLauncher.run(RestartLauncher.java:50) [spring-boot-devtools-3.2.2.jar:3.2.2]
Caused by: java.lang.NoClassDefFoundError: ru/tomsknipineft/services/baseService/RoadCreateDataBaseService
	at java.base/java.lang.Class.getDeclaredConstructors0(Native Method) ~[?:?]
	at java.base/java.lang.Class.privateGetDeclaredConstructors(Class.java:3429) ~[?:?]
	at java.base/java.lang.Class.getDeclaredConstructors(Class.java:2608) ~[?:?]
	at org.springframework.beans.factory.annotation.AutowiredAnnotationBeanPostProcessor.determineCandidateConstructors(AutowiredAnnotationBeanPostProcessor.java:378) ~[spring-beans-6.1.3.jar:6.1.3]
	... 21 more
Caused by: java.lang.ClassNotFoundException: ru.tomsknipineft.services.baseService.RoadCreateDataBaseService
	at java.base/jdk.internal.loader.BuiltinClassLoader.loadClass(BuiltinClassLoader.java:641) ~[?:?]
	at java.base/jdk.internal.loader.ClassLoaders$AppClassLoader.loadClass(ClassLoaders.java:188) ~[?:?]
	at java.base/java.lang.ClassLoader.loadClass(ClassLoader.java:521) ~[?:?]
	at java.base/java.lang.Class.forName0(Native Method) ~[?:?]
	at java.base/java.lang.Class.forName(Class.java:495) ~[?:?]
	at java.base/java.lang.Class.forName(Class.java:474) ~[?:?]
	at org.springframework.boot.devtools.restart.classloader.RestartClassLoader.loadClass(RestartClassLoader.java:121) ~[spring-boot-devtools-3.2.2.jar:3.2.2]
	at java.base/java.lang.ClassLoader.loadClass(ClassLoader.java:521) ~[?:?]
	at java.base/java.lang.Class.getDeclaredConstructors0(Native Method) ~[?:?]
	at java.base/java.lang.Class.privateGetDeclaredConstructors(Class.java:3429) ~[?:?]
	at java.base/java.lang.Class.getDeclaredConstructors(Class.java:2608) ~[?:?]
	at org.springframework.beans.factory.annotation.AutowiredAnnotationBeanPostProcessor.determineCandidateConstructors(AutowiredAnnotationBeanPostProcessor.java:378) ~[spring-beans-6.1.3.jar:6.1.3]
	... 21 more
2025-01-02T09:14:23.619+0700 INFO info message
2025-01-02T09:14:23.620+0700 ERROR info message
2025-01-02T09:14:23.640+0700 INFO Starting Main using Java 19.0.1 with PID 28180 (E:\MyJob\calendar_api\target\classes started by Тагир in E:\MyJob\calendar_api)
2025-01-02T09:14:23.640+0700 INFO No active profile set, falling back to 1 default profile: "default"
2025-01-02T09:14:23.728+0700 INFO Bootstrapping Spring Data JPA repositories in DEFAULT mode.
2025-01-02T09:14:23.745+0700 INFO Finished Spring Data repository scanning in 16 ms. Found 15 JPA repository interfaces.
2025-01-02T09:14:23.796+0700 INFO Tomcat initialized with port 8080 (http)
2025-01-02T09:14:23.796+0700 INFO Initializing ProtocolHandler ["http-nio-8080"]
2025-01-02T09:14:23.796+0700 INFO Starting service [Tomcat]
2025-01-02T09:14:23.796+0700 INFO Starting Servlet engine: [Apache Tomcat/10.1.18]
2025-01-02T09:14:23.806+0700 INFO Initializing Spring embedded WebApplicationContext
2025-01-02T09:14:23.807+0700 INFO Root WebApplicationContext: initialization completed in 166 ms
2025-01-02T09:14:23.829+0700 INFO HHH000204: Processing PersistenceUnitInfo [name: default]
2025-01-02T09:14:23.831+0700 INFO HHH000026: Second-level cache disabled
2025-01-02T09:14:23.832+0700 INFO No LoadTimeWeaver setup: ignoring JPA class transformer
2025-01-02T09:14:23.833+0700 INFO HikariPool-7 - Starting...
2025-01-02T09:14:23.863+0700 INFO HikariPool-7 - Added connection org.postgresql.jdbc.PgConnection@1b895a33
2025-01-02T09:14:23.863+0700 INFO HikariPool-7 - Start completed.
2025-01-02T09:14:23.868+0700 WARN HHH90000025: PostgreSQLDialect does not need to be specified explicitly using 'hibernate.dialect' (remove the property setting and it will be selected by default)
2025-01-02T09:14:24.097+0700 INFO HHH000489: No JTA platform available (set 'hibernate.transaction.jta.platform' to enable JTA platform integration)
2025-01-02T09:14:24.237+0700 INFO Initialized JPA EntityManagerFactory for persistence unit 'default'
2025-01-02T09:14:24.520+0700 WARN spring.jpa.open-in-view is enabled by default. Therefore, database queries may be performed during view rendering. Explicitly configure spring.jpa.open-in-view to disable this warning
2025-01-02T09:14:25.048+0700 INFO LiveReload server is running on port 35729
2025-01-02T09:14:25.054+0700 INFO Starting ProtocolHandler ["http-nio-8080"]
2025-01-02T09:14:25.056+0700 INFO Tomcat started on port 8080 (http) with context path ''
2025-01-02T09:14:25.058+0700 INFO Started Main in 1.437 seconds (process running for 2178.226)
2025-01-02T09:14:25.059+0700 INFO Condition evaluation unchanged
2025-01-02T09:14:29.866+0700 INFO Initializing Spring DispatcherServlet 'dispatcherServlet'
2025-01-02T09:14:29.866+0700 INFO Initializing Servlet 'dispatcherServlet'
2025-01-02T09:14:29.868+0700 INFO Completed initialization in 2 ms
2025-01-02T09:14:31.453+0700 WARN Resolved [org.springframework.web.servlet.resource.NoResourceFoundException: No static resource favicon.ico.]
2025-01-02T09:16:48.888+0700 INFO Restarting due to 1 class path change (0 additions, 1 deletion, 0 modifications)
2025-01-02T09:16:48.890+0700 INFO Stopping ProtocolHandler ["http-nio-8080"]
2025-01-02T09:16:48.903+0700 INFO Closing JPA EntityManagerFactory for persistence unit 'default'
2025-01-02T09:16:48.904+0700 INFO HikariPool-7 - Shutdown initiated...
2025-01-02T09:16:48.906+0700 INFO HikariPool-7 - Shutdown completed.
2025-01-02T09:16:48.988+0700 INFO info message
2025-01-02T09:16:48.988+0700 ERROR info message
2025-01-02T09:16:49.015+0700 INFO Starting Main using Java 19.0.1 with PID 28180 (E:\MyJob\calendar_api\target\classes started by Тагир in E:\MyJob\calendar_api)
2025-01-02T09:16:49.016+0700 INFO No active profile set, falling back to 1 default profile: "default"
2025-01-02T09:16:49.132+0700 INFO Bootstrapping Spring Data JPA repositories in DEFAULT mode.
2025-01-02T09:16:49.161+0700 INFO Finished Spring Data repository scanning in 28 ms. Found 15 JPA repository interfaces.
2025-01-02T09:16:49.239+0700 INFO Tomcat initialized with port 8080 (http)
2025-01-02T09:16:49.240+0700 INFO Initializing ProtocolHandler ["http-nio-8080"]
2025-01-02T09:16:49.240+0700 INFO Starting service [Tomcat]
2025-01-02T09:16:49.240+0700 INFO Starting Servlet engine: [Apache Tomcat/10.1.18]
2025-01-02T09:16:49.257+0700 INFO Initializing Spring embedded WebApplicationContext
2025-01-02T09:16:49.257+0700 INFO Root WebApplicationContext: initialization completed in 240 ms
2025-01-02T09:16:49.289+0700 INFO HHH000204: Processing PersistenceUnitInfo [name: default]
2025-01-02T09:16:49.291+0700 INFO HHH000026: Second-level cache disabled
2025-01-02T09:16:49.293+0700 INFO No LoadTimeWeaver setup: ignoring JPA class transformer
2025-01-02T09:16:49.294+0700 INFO HikariPool-8 - Starting...
2025-01-02T09:16:49.320+0700 INFO HikariPool-8 - Added connection org.postgresql.jdbc.PgConnection@15471022
2025-01-02T09:16:49.320+0700 INFO HikariPool-8 - Start completed.
2025-01-02T09:16:49.326+0700 WARN HHH90000025: PostgreSQLDialect does not need to be specified explicitly using 'hibernate.dialect' (remove the property setting and it will be selected by default)
2025-01-02T09:16:49.560+0700 INFO HHH000489: No JTA platform available (set 'hibernate.transaction.jta.platform' to enable JTA platform integration)
2025-01-02T09:16:49.835+0700 INFO Initialized JPA EntityManagerFactory for persistence unit 'default'
2025-01-02T09:16:50.158+0700 WARN spring.jpa.open-in-view is enabled by default. Therefore, database queries may be performed during view rendering. Explicitly configure spring.jpa.open-in-view to disable this warning
2025-01-02T09:16:50.652+0700 INFO LiveReload server is running on port 35729
2025-01-02T09:16:50.661+0700 INFO Starting ProtocolHandler ["http-nio-8080"]
2025-01-02T09:16:50.664+0700 INFO Tomcat started on port 8080 (http) with context path ''
2025-01-02T09:16:50.667+0700 INFO Started Main in 1.677 seconds (process running for 2323.834)
2025-01-02T09:16:50.668+0700 INFO Condition evaluation unchanged
2025-01-02T09:16:52.096+0700 INFO Restarting due to 1 class path change (1 addition, 0 deletions, 0 modifications)
2025-01-02T09:16:52.098+0700 INFO Stopping ProtocolHandler ["http-nio-8080"]
2025-01-02T09:16:52.117+0700 INFO Closing JPA EntityManagerFactory for persistence unit 'default'
2025-01-02T09:16:52.117+0700 INFO HikariPool-8 - Shutdown initiated...
2025-01-02T09:16:52.125+0700 INFO HikariPool-8 - Shutdown completed.
2025-01-02T09:16:52.229+0700 INFO info message
2025-01-02T09:16:52.229+0700 ERROR info message
2025-01-02T09:16:52.277+0700 INFO Starting Main using Java 19.0.1 with PID 28180 (E:\MyJob\calendar_api\target\classes started by Тагир in E:\MyJob\calendar_api)
2025-01-02T09:16:52.278+0700 INFO No active profile set, falling back to 1 default profile: "default"
2025-01-02T09:16:52.476+0700 INFO Bootstrapping Spring Data JPA repositories in DEFAULT mode.
2025-01-02T09:16:52.512+0700 INFO Finished Spring Data repository scanning in 36 ms. Found 15 JPA repository interfaces.
2025-01-02T09:16:52.626+0700 INFO Tomcat initialized with port 8080 (http)
2025-01-02T09:16:52.626+0700 INFO Initializing ProtocolHandler ["http-nio-8080"]
2025-01-02T09:16:52.627+0700 INFO Starting service [Tomcat]
2025-01-02T09:16:52.627+0700 INFO Starting Servlet engine: [Apache Tomcat/10.1.18]
2025-01-02T09:16:52.648+0700 INFO Initializing Spring embedded WebApplicationContext
2025-01-02T09:16:52.648+0700 INFO Root WebApplicationContext: initialization completed in 368 ms
2025-01-02T09:16:52.700+0700 INFO HHH000204: Processing PersistenceUnitInfo [name: default]
2025-01-02T09:16:52.704+0700 INFO HHH000026: Second-level cache disabled
2025-01-02T09:16:52.709+0700 INFO No LoadTimeWeaver setup: ignoring JPA class transformer
2025-01-02T09:16:52.709+0700 INFO HikariPool-9 - Starting...
2025-01-02T09:16:52.747+0700 INFO HikariPool-9 - Added connection org.postgresql.jdbc.PgConnection@1797c20e
2025-01-02T09:16:52.748+0700 INFO HikariPool-9 - Start completed.
2025-01-02T09:16:52.756+0700 WARN HHH90000025: PostgreSQLDialect does not need to be specified explicitly using 'hibernate.dialect' (remove the property setting and it will be selected by default)
2025-01-02T09:16:53.217+0700 INFO HHH000489: No JTA platform available (set 'hibernate.transaction.jta.platform' to enable JTA platform integration)
2025-01-02T09:16:53.518+0700 INFO Initialized JPA EntityManagerFactory for persistence unit 'default'
2025-01-02T09:16:54.066+0700 WARN spring.jpa.open-in-view is enabled by default. Therefore, database queries may be performed during view rendering. Explicitly configure spring.jpa.open-in-view to disable this warning
2025-01-02T09:16:54.810+0700 INFO LiveReload server is running on port 35729
2025-01-02T09:16:54.824+0700 INFO Starting ProtocolHandler ["http-nio-8080"]
2025-01-02T09:16:54.827+0700 INFO Tomcat started on port 8080 (http) with context path ''
2025-01-02T09:16:54.832+0700 INFO Started Main in 2.598 seconds (process running for 2327.999)
2025-01-02T09:16:54.833+0700 INFO Condition evaluation unchanged
2025-01-02T09:17:24.594+0700 INFO Initializing Spring DispatcherServlet 'dispatcherServlet'
2025-01-02T09:17:24.594+0700 INFO Initializing Servlet 'dispatcherServlet'
2025-01-02T09:17:24.596+0700 INFO Completed initialization in 2 ms
2025-01-02T09:17:25.953+0700 WARN Resolved [org.springframework.web.servlet.resource.NoResourceFoundException: No static resource favicon.ico.]
2025-01-02T09:57:31.292+0700 WARN HikariPool-9 - Thread starvation or clock leap detected (housekeeper delta=17m38s18ms446µs100ns).
2025-01-02T11:04:15.040+0700 WARN HikariPool-9 - Thread starvation or clock leap detected (housekeeper delta=49m13s485ms627µs600ns).
2025-01-02T11:30:43.806+0700 INFO Closing JPA EntityManagerFactory for persistence unit 'default'
2025-01-02T11:30:43.806+0700 INFO HikariPool-9 - Shutdown initiated...
2025-01-02T11:30:43.811+0700 INFO HikariPool-9 - Shutdown completed.
