2025-01-01T17:50:06.711+0700 INFO info message
2025-01-01T17:50:06.713+0700 ERROR info message
2025-01-01T17:50:06.784+0700 INFO info message
2025-01-01T17:50:06.784+0700 ERROR info message
2025-01-01T17:50:06.988+0700 INFO HV000001: Hibernate Validator 8.0.1.Final
2025-01-01T17:50:07.013+0700 INFO Starting Main using Java 19.0.1 with PID 25200 (E:\MyJob\calendar_api\target\classes started by Тагир in E:\MyJob\calendar_api)
2025-01-01T17:50:07.019+0700 INFO No active profile set, falling back to 1 default profile: "default"
2025-01-01T17:50:07.251+0700 INFO Devtools property defaults active! Set 'spring.devtools.add-properties' to 'false' to disable
2025-01-01T17:50:07.252+0700 INFO For additional web related logging consider setting the 'logging.level.web' property to 'DEBUG'
2025-01-01T17:50:07.765+0700 INFO Bootstrapping Spring Data JPA repositories in DEFAULT mode.
2025-01-01T17:50:07.844+0700 INFO Finished Spring Data repository scanning in 73 ms. Found 15 JPA repository interfaces.
2025-01-01T17:50:08.204+0700 INFO Tomcat initialized with port 8080 (http)
2025-01-01T17:50:08.211+0700 INFO Initializing ProtocolHandler ["http-nio-8080"]
2025-01-01T17:50:08.213+0700 INFO Starting service [Tomcat]
2025-01-01T17:50:08.213+0700 INFO Starting Servlet engine: [Apache Tomcat/10.1.18]
2025-01-01T17:50:08.245+0700 INFO Initializing Spring embedded WebApplicationContext
2025-01-01T17:50:08.246+0700 INFO Root WebApplicationContext: initialization completed in 992 ms
2025-01-01T17:50:08.360+0700 INFO HHH000204: Processing PersistenceUnitInfo [name: default]
2025-01-01T17:50:08.392+0700 INFO HHH000412: Hibernate ORM core version 6.4.1.Final
2025-01-01T17:50:08.411+0700 INFO HHH000026: Second-level cache disabled
2025-01-01T17:50:08.521+0700 INFO No LoadTimeWeaver setup: ignoring JPA class transformer
2025-01-01T17:50:08.536+0700 INFO HikariPool-1 - Starting...
2025-01-01T17:50:08.633+0700 INFO HikariPool-1 - Added connection org.postgresql.jdbc.PgConnection@cba9b84
2025-01-01T17:50:08.634+0700 INFO HikariPool-1 - Start completed.
2025-01-01T17:50:08.654+0700 WARN HHH90000025: PostgreSQLDialect does not need to be specified explicitly using 'hibernate.dialect' (remove the property setting and it will be selected by default)
2025-01-01T17:50:09.614+0700 INFO HHH000489: No JTA platform available (set 'hibernate.transaction.jta.platform' to enable JTA platform integration)
2025-01-01T17:50:09.783+0700 WARN SQL Warning Code: 0, SQLState: 00000
2025-01-01T17:50:09.783+0700 WARN constraint "uk_ko0jact2fkf2dmwvdi7w5ssnb" of relation "roads_task_additional_design_departments_schedules" does not exist, skipping
2025-01-01T17:50:09.788+0700 WARN SQL Warning Code: 0, SQLState: 00000
2025-01-01T17:50:09.788+0700 WARN constraint "uk_b1wokfn1ld37mwq9f8pirsvkg" of relation "roads_task_main_design_departments_schedules" does not exist, skipping
2025-01-01T17:50:09.793+0700 WARN SQL Warning Code: 0, SQLState: 00000
2025-01-01T17:50:09.793+0700 WARN constraint "uk_k4xcj3y61oqbqyqefl7obi761" of relation "roads_workload_departments" does not exist, skipping
2025-01-01T17:50:09.825+0700 INFO Initialized JPA EntityManagerFactory for persistence unit 'default'
2025-01-01T17:50:10.492+0700 WARN spring.jpa.open-in-view is enabled by default. Therefore, database queries may be performed during view rendering. Explicitly configure spring.jpa.open-in-view to disable this warning
2025-01-01T17:50:11.171+0700 INFO LiveReload server is running on port 35729
2025-01-01T17:50:11.190+0700 INFO Starting ProtocolHandler ["http-nio-8080"]
2025-01-01T17:50:11.205+0700 INFO Tomcat started on port 8080 (http) with context path ''
2025-01-01T17:50:11.212+0700 INFO Started Main in 4.425 seconds (process running for 5.282)
2025-01-01T17:50:51.598+0700 INFO Initializing Spring DispatcherServlet 'dispatcherServlet'
2025-01-01T17:50:51.598+0700 INFO Initializing Servlet 'dispatcherServlet'
2025-01-01T17:50:51.599+0700 INFO Completed initialization in 1 ms
2025-01-01T17:50:52.333+0700 WARN Resolved [org.springframework.web.servlet.resource.NoResourceFoundException: No static resource favicon.ico.]
2025-01-01T17:50:53.635+0700 WARN Resolved [org.springframework.web.servlet.resource.NoResourceFoundException: No static resource favicon.ico.]
2025-01-01T17:50:54.726+0700 WARN Resolved [org.springframework.web.servlet.resource.NoResourceFoundException: No static resource favicon.ico.]
2025-01-01T17:50:55.569+0700 WARN Resolved [org.springframework.web.servlet.resource.NoResourceFoundException: No static resource favicon.ico.]
2025-01-01T17:51:18.224+0700 WARN Resolved [org.springframework.web.servlet.resource.NoResourceFoundException: No static resource favicon.ico.]
2025-01-01T17:51:19.555+0700 WARN Resolved [org.springframework.web.servlet.resource.NoResourceFoundException: No static resource favicon.ico.]
2025-01-01T17:51:31.727+0700 WARN Resolved [org.springframework.web.servlet.resource.NoResourceFoundException: No static resource favicon.ico.]
2025-01-01T17:51:32.889+0700 WARN Resolved [org.springframework.web.servlet.resource.NoResourceFoundException: No static resource favicon.ico.]
2025-01-01T17:56:44.238+0700 WARN Resolved [org.springframework.web.servlet.resource.NoResourceFoundException: No static resource favicon.ico.]
2025-01-01T17:56:46.261+0700 WARN Resolved [org.springframework.web.servlet.resource.NoResourceFoundException: No static resource favicon.ico.]
2025-01-01T17:57:06.114+0700 WARN Resolved [org.springframework.web.servlet.resource.NoResourceFoundException: No static resource favicon.ico.]
2025-01-01T17:57:08.184+0700 WARN Resolved [org.springframework.web.servlet.resource.NoResourceFoundException: No static resource favicon.ico.]
2025-01-01T17:57:25.000+0700 WARN Resolved [org.springframework.web.servlet.resource.NoResourceFoundException: No static resource favicon.ico.]
2025-01-01T17:57:26.852+0700 WARN Resolved [org.springframework.web.servlet.resource.NoResourceFoundException: No static resource favicon.ico.]
2025-01-01T17:57:46.446+0700 WARN Resolved [org.springframework.web.servlet.resource.NoResourceFoundException: No static resource favicon.ico.]
2025-01-01T17:57:51.033+0700 WARN Resolved [org.springframework.web.servlet.resource.NoResourceFoundException: No static resource favicon.ico.]
2025-01-01T17:58:03.231+0700 WARN Resolved [org.springframework.web.servlet.resource.NoResourceFoundException: No static resource favicon.ico.]
2025-01-01T17:58:06.731+0700 WARN Resolved [org.springframework.web.servlet.resource.NoResourceFoundException: No static resource favicon.ico.]
2025-01-01T17:58:19.039+0700 WARN Resolved [org.springframework.web.servlet.resource.NoResourceFoundException: No static resource favicon.ico.]
2025-01-01T17:58:20.346+0700 WARN Resolved [org.springframework.web.servlet.resource.NoResourceFoundException: No static resource favicon.ico.]
2025-01-01T17:58:34.307+0700 WARN Resolved [org.springframework.web.servlet.resource.NoResourceFoundException: No static resource favicon.ico.]
2025-01-01T17:58:38.867+0700 WARN Resolved [org.springframework.web.servlet.resource.NoResourceFoundException: No static resource favicon.ico.]
2025-01-01T17:58:58.583+0700 WARN Resolved [org.springframework.web.servlet.resource.NoResourceFoundException: No static resource favicon.ico.]
2025-01-01T17:59:00.300+0700 WARN Resolved [org.springframework.web.servlet.resource.NoResourceFoundException: No static resource favicon.ico.]
2025-01-01T17:59:23.826+0700 WARN Resolved [org.springframework.web.servlet.resource.NoResourceFoundException: No static resource favicon.ico.]
2025-01-01T17:59:25.031+0700 WARN Resolved [org.springframework.web.servlet.resource.NoResourceFoundException: No static resource favicon.ico.]
2025-01-01T17:59:52.358+0700 WARN Resolved [org.springframework.web.servlet.resource.NoResourceFoundException: No static resource favicon.ico.]
2025-01-01T18:01:01.832+0700 WARN Resolved [org.springframework.web.servlet.resource.NoResourceFoundException: No static resource favicon.ico.]
2025-01-01T18:01:27.025+0700 WARN Resolved [org.springframework.web.servlet.resource.NoResourceFoundException: No static resource favicon.ico.]
2025-01-01T18:11:17.572+0700 WARN Resolved [org.springframework.web.servlet.resource.NoResourceFoundException: No static resource favicon.ico.]
2025-01-01T18:11:17.969+0700 WARN Resolved [org.springframework.web.servlet.resource.NoResourceFoundException: No static resource favicon.ico.]
2025-01-01T18:42:58.920+0700 WARN HikariPool-1 - Thread starvation or clock leap detected (housekeeper delta=2m19s259ms120µs500ns).
2025-01-01T18:43:06.473+0700 INFO Closing JPA EntityManagerFactory for persistence unit 'default'
2025-01-01T18:43:06.476+0700 INFO HikariPool-1 - Shutdown initiated...
2025-01-01T18:43:06.478+0700 INFO HikariPool-1 - Shutdown completed.
