2025-01-01T20:54:03.500+0700 INFO info message
2025-01-01T20:54:03.502+0700 ERROR info message
2025-01-01T20:54:03.582+0700 INFO info message
2025-01-01T20:54:03.582+0700 ERROR info message
2025-01-01T20:54:03.790+0700 INFO HV000001: Hibernate Validator 8.0.1.Final
2025-01-01T20:54:03.816+0700 INFO Starting Main using Java 19.0.1 with PID 26432 (E:\MyJob\calendar_api\target\classes started by Тагир in E:\MyJob\calendar_api)
2025-01-01T20:54:03.820+0700 INFO No active profile set, falling back to 1 default profile: "default"
2025-01-01T20:54:04.036+0700 INFO Devtools property defaults active! Set 'spring.devtools.add-properties' to 'false' to disable
2025-01-01T20:54:04.037+0700 INFO For additional web related logging consider setting the 'logging.level.web' property to 'DEBUG'
2025-01-01T20:54:04.548+0700 INFO Bootstrapping Spring Data JPA repositories in DEFAULT mode.
2025-01-01T20:54:04.616+0700 INFO Finished Spring Data repository scanning in 63 ms. Found 15 JPA repository interfaces.
2025-01-01T20:54:04.992+0700 INFO Tomcat initialized with port 8080 (http)
2025-01-01T20:54:04.999+0700 INFO Initializing ProtocolHandler ["http-nio-8080"]
2025-01-01T20:54:05.000+0700 INFO Starting service [Tomcat]
2025-01-01T20:54:05.001+0700 INFO Starting Servlet engine: [Apache Tomcat/10.1.18]
2025-01-01T20:54:05.046+0700 INFO Initializing Spring embedded WebApplicationContext
2025-01-01T20:54:05.046+0700 INFO Root WebApplicationContext: initialization completed in 1008 ms
2025-01-01T20:54:05.140+0700 INFO HHH000204: Processing PersistenceUnitInfo [name: default]
2025-01-01T20:54:05.163+0700 INFO HHH000412: Hibernate ORM core version 6.4.1.Final
2025-01-01T20:54:05.182+0700 INFO HHH000026: Second-level cache disabled
2025-01-01T20:54:05.286+0700 INFO No LoadTimeWeaver setup: ignoring JPA class transformer
2025-01-01T20:54:05.301+0700 INFO HikariPool-1 - Starting...
2025-01-01T20:54:05.398+0700 INFO HikariPool-1 - Added connection org.postgresql.jdbc.PgConnection@213cc3db
2025-01-01T20:54:05.399+0700 INFO HikariPool-1 - Start completed.
2025-01-01T20:54:05.420+0700 WARN HHH90000025: PostgreSQLDialect does not need to be specified explicitly using 'hibernate.dialect' (remove the property setting and it will be selected by default)
2025-01-01T20:54:06.519+0700 INFO HHH000489: No JTA platform available (set 'hibernate.transaction.jta.platform' to enable JTA platform integration)
2025-01-01T20:54:06.712+0700 INFO Initialized JPA EntityManagerFactory for persistence unit 'default'
2025-01-01T20:54:07.376+0700 WARN spring.jpa.open-in-view is enabled by default. Therefore, database queries may be performed during view rendering. Explicitly configure spring.jpa.open-in-view to disable this warning
2025-01-01T20:54:08.022+0700 INFO LiveReload server is running on port 35729
2025-01-01T20:54:08.042+0700 INFO Starting ProtocolHandler ["http-nio-8080"]
2025-01-01T20:54:08.055+0700 INFO Tomcat started on port 8080 (http) with context path ''
2025-01-01T20:54:08.061+0700 INFO Started Main in 4.476 seconds (process running for 5.333)
2025-01-01T20:54:14.848+0700 INFO Initializing Spring DispatcherServlet 'dispatcherServlet'
2025-01-01T20:54:14.849+0700 INFO Initializing Servlet 'dispatcherServlet'
2025-01-01T20:54:14.850+0700 INFO Completed initialization in 1 ms
2025-01-01T20:54:16.741+0700 WARN Resolved [java.lang.IllegalArgumentException: This dataset already contains a series with the key На составление смет (стадия РД)]
2025-01-01T20:54:16.760+0700 WARN Resolved [org.springframework.web.servlet.resource.NoResourceFoundException: No static resource favicon.ico.]
2025-01-01T20:55:27.373+0700 WARN Resolved [org.springframework.web.servlet.resource.NoResourceFoundException: No static resource favicon.ico.]
2025-01-01T21:14:10.988+0700 INFO Restarting due to 1 class path change (0 additions, 1 deletion, 0 modifications)
2025-01-01T21:14:10.993+0700 INFO Stopping ProtocolHandler ["http-nio-8080"]
2025-01-01T21:14:11.005+0700 INFO Closing JPA EntityManagerFactory for persistence unit 'default'
2025-01-01T21:14:11.008+0700 INFO HikariPool-1 - Shutdown initiated...
2025-01-01T21:14:11.012+0700 INFO HikariPool-1 - Shutdown completed.
2025-01-01T21:14:11.081+0700 INFO info message
2025-01-01T21:14:11.081+0700 ERROR info message
2025-01-01T21:14:11.162+0700 INFO Starting Main using Java 19.0.1 with PID 26432 (E:\MyJob\calendar_api\target\classes started by Тагир in E:\MyJob\calendar_api)
2025-01-01T21:14:11.163+0700 INFO No active profile set, falling back to 1 default profile: "default"
2025-01-01T21:14:11.382+0700 INFO Bootstrapping Spring Data JPA repositories in DEFAULT mode.
2025-01-01T21:14:11.416+0700 INFO Finished Spring Data repository scanning in 33 ms. Found 15 JPA repository interfaces.
2025-01-01T21:14:11.521+0700 INFO Tomcat initialized with port 8080 (http)
2025-01-01T21:14:11.523+0700 INFO Initializing ProtocolHandler ["http-nio-8080"]
2025-01-01T21:14:11.523+0700 INFO Starting service [Tomcat]
2025-01-01T21:14:11.524+0700 INFO Starting Servlet engine: [Apache Tomcat/10.1.18]
2025-01-01T21:14:11.538+0700 INFO Initializing Spring embedded WebApplicationContext
2025-01-01T21:14:11.539+0700 INFO Root WebApplicationContext: initialization completed in 364 ms
2025-01-01T21:14:11.571+0700 INFO HHH000204: Processing PersistenceUnitInfo [name: default]
2025-01-01T21:14:11.573+0700 INFO HHH000026: Second-level cache disabled
2025-01-01T21:14:11.576+0700 INFO No LoadTimeWeaver setup: ignoring JPA class transformer
2025-01-01T21:14:11.576+0700 INFO HikariPool-2 - Starting...
2025-01-01T21:14:11.599+0700 INFO HikariPool-2 - Added connection org.postgresql.jdbc.PgConnection@75aca859
2025-01-01T21:14:11.599+0700 INFO HikariPool-2 - Start completed.
2025-01-01T21:14:11.605+0700 WARN HHH90000025: PostgreSQLDialect does not need to be specified explicitly using 'hibernate.dialect' (remove the property setting and it will be selected by default)
2025-01-01T21:14:11.914+0700 INFO HHH000489: No JTA platform available (set 'hibernate.transaction.jta.platform' to enable JTA platform integration)
2025-01-01T21:14:12.233+0700 INFO Initialized JPA EntityManagerFactory for persistence unit 'default'
2025-01-01T21:14:12.517+0700 WARN Exception encountered during context initialization - cancelling refresh attempt: org.springframework.beans.factory.BeanCreationException: Error creating bean with name 'baseLinearRoadController': Resolution of declared constructors on bean Class [ru.tomsknipineft.controllers.BaseLinearRoadController] from ClassLoader [org.springframework.boot.devtools.restart.classloader.RestartClassLoader@57f02533] failed
2025-01-01T21:14:12.517+0700 INFO Closing JPA EntityManagerFactory for persistence unit 'default'
2025-01-01T21:14:12.518+0700 INFO HikariPool-2 - Shutdown initiated...
2025-01-01T21:14:12.523+0700 INFO HikariPool-2 - Shutdown completed.
2025-01-01T21:14:12.525+0700 INFO Stopping service [Tomcat]
2025-01-01T21:14:12.533+0700 INFO 

Error starting ApplicationContext. To display the condition evaluation report re-run your application with 'debug' enabled.
2025-01-01T21:14:12.552+0700 ERROR Application run failed
org.springframework.beans.factory.BeanCreationException: Error creating bean with name 'baseLinearRoadController': Resolution of declared constructors on bean Class [ru.tomsknipineft.controllers.BaseLinearRoadController] from ClassLoader [org.springframework.boot.devtools.restart.classloader.RestartClassLoader@57f02533] failed
	at org.springframework.beans.factory.annotation.AutowiredAnnotationBeanPostProcessor.determineCandidateConstructors(AutowiredAnnotationBeanPostProcessor.java:383) ~[spring-beans-6.1.3.jar:6.1.3]
	at org.springframework.beans.factory.support.AbstractAutowireCapableBeanFactory.determineConstructorsFromBeanPostProcessors(AbstractAutowireCapableBeanFactory.java:1293) ~[spring-beans-6.1.3.jar:6.1.3]
	at org.springframework.beans.factory.support.AbstractAutowireCapableBeanFactory.createBeanInstance(AbstractAutowireCapableBeanFactory.java:1188) ~[spring-beans-6.1.3.jar:6.1.3]
	at org.springframework.beans.factory.support.AbstractAutowireCapableBeanFactory.doCreateBean(AbstractAutowireCapableBeanFactory.java:561) ~[spring-beans-6.1.3.jar:6.1.3]
	at org.springframework.beans.factory.support.AbstractAutowireCapableBeanFactory.createBean(AbstractAutowireCapableBeanFactory.java:521) ~[spring-beans-6.1.3.jar:6.1.3]
	at org.springframework.beans.factory.support.AbstractBeanFactory.lambda$doGetBean$0(AbstractBeanFactory.java:325) ~[spring-beans-6.1.3.jar:6.1.3]
	at org.springframework.beans.factory.support.DefaultSingletonBeanRegistry.getSingleton(DefaultSingletonBeanRegistry.java:234) ~[spring-beans-6.1.3.jar:6.1.3]
	at org.springframework.beans.factory.support.AbstractBeanFactory.doGetBean(AbstractBeanFactory.java:323) ~[spring-beans-6.1.3.jar:6.1.3]
	at org.springframework.beans.factory.support.AbstractBeanFactory.getBean(AbstractBeanFactory.java:199) ~[spring-beans-6.1.3.jar:6.1.3]
	at org.springframework.beans.factory.support.DefaultListableBeanFactory.preInstantiateSingletons(DefaultListableBeanFactory.java:975) ~[spring-beans-6.1.3.jar:6.1.3]
	at org.springframework.context.support.AbstractApplicationContext.finishBeanFactoryInitialization(AbstractApplicationContext.java:959) ~[spring-context-6.1.3.jar:6.1.3]
	at org.springframework.context.support.AbstractApplicationContext.refresh(AbstractApplicationContext.java:624) ~[spring-context-6.1.3.jar:6.1.3]
	at org.springframework.boot.web.servlet.context.ServletWebServerApplicationContext.refresh(ServletWebServerApplicationContext.java:146) ~[spring-boot-3.2.2.jar:3.2.2]
	at org.springframework.boot.SpringApplication.refresh(SpringApplication.java:754) [spring-boot-3.2.2.jar:3.2.2]
	at org.springframework.boot.SpringApplication.refreshContext(SpringApplication.java:456) [spring-boot-3.2.2.jar:3.2.2]
	at org.springframework.boot.SpringApplication.run(SpringApplication.java:334) [spring-boot-3.2.2.jar:3.2.2]
	at org.springframework.boot.SpringApplication.run(SpringApplication.java:1354) [spring-boot-3.2.2.jar:3.2.2]
	at org.springframework.boot.SpringApplication.run(SpringApplication.java:1343) [spring-boot-3.2.2.jar:3.2.2]
	at ru.tomsknipineft.Main.main(Main.java:20) [classes/:?]
	at java.base/jdk.internal.reflect.DirectMethodHandleAccessor.invoke(DirectMethodHandleAccessor.java:104) ~[?:?]
	at java.base/java.lang.reflect.Method.invoke(Method.java:578) ~[?:?]
	at org.springframework.boot.devtools.restart.RestartLauncher.run(RestartLauncher.java:50) [spring-boot-devtools-3.2.2.jar:3.2.2]
Caused by: java.lang.NoClassDefFoundError: ru/tomsknipineft/services/baseService/RoadCreateDataBaseService
	at java.base/java.lang.Class.getDeclaredConstructors0(Native Method) ~[?:?]
	at java.base/java.lang.Class.privateGetDeclaredConstructors(Class.java:3429) ~[?:?]
	at java.base/java.lang.Class.getDeclaredConstructors(Class.java:2608) ~[?:?]
	at org.springframework.beans.factory.annotation.AutowiredAnnotationBeanPostProcessor.determineCandidateConstructors(AutowiredAnnotationBeanPostProcessor.java:378) ~[spring-beans-6.1.3.jar:6.1.3]
	... 21 more
Caused by: java.lang.ClassNotFoundException: ru.tomsknipineft.services.baseService.RoadCreateDataBaseService
	at java.base/jdk.internal.loader.BuiltinClassLoader.loadClass(BuiltinClassLoader.java:641) ~[?:?]
	at java.base/jdk.internal.loader.ClassLoaders$AppClassLoader.loadClass(ClassLoaders.java:188) ~[?:?]
	at java.base/java.lang.ClassLoader.loadClass(ClassLoader.java:521) ~[?:?]
	at java.base/java.lang.Class.forName0(Native Method) ~[?:?]
	at java.base/java.lang.Class.forName(Class.java:495) ~[?:?]
	at java.base/java.lang.Class.forName(Class.java:474) ~[?:?]
	at org.springframework.boot.devtools.restart.classloader.RestartClassLoader.loadClass(RestartClassLoader.java:121) ~[spring-boot-devtools-3.2.2.jar:3.2.2]
	at java.base/java.lang.ClassLoader.loadClass(ClassLoader.java:521) ~[?:?]
	at java.base/java.lang.Class.getDeclaredConstructors0(Native Method) ~[?:?]
	at java.base/java.lang.Class.privateGetDeclaredConstructors(Class.java:3429) ~[?:?]
	at java.base/java.lang.Class.getDeclaredConstructors(Class.java:2608) ~[?:?]
	at org.springframework.beans.factory.annotation.AutowiredAnnotationBeanPostProcessor.determineCandidateConstructors(AutowiredAnnotationBeanPostProcessor.java:378) ~[spring-beans-6.1.3.jar:6.1.3]
	... 21 more
2025-01-01T21:14:15.029+0700 INFO info message
2025-01-01T21:14:15.030+0700 ERROR info message
2025-01-01T21:14:15.057+0700 INFO Starting Main using Java 19.0.1 with PID 26432 (E:\MyJob\calendar_api\target\classes started by Тагир in E:\MyJob\calendar_api)
2025-01-01T21:14:15.058+0700 INFO No active profile set, falling back to 1 default profile: "default"
2025-01-01T21:14:15.168+0700 INFO Bootstrapping Spring Data JPA repositories in DEFAULT mode.
2025-01-01T21:14:15.194+0700 INFO Finished Spring Data repository scanning in 25 ms. Found 15 JPA repository interfaces.
2025-01-01T21:14:15.262+0700 INFO Tomcat initialized with port 8080 (http)
2025-01-01T21:14:15.264+0700 INFO Initializing ProtocolHandler ["http-nio-8080"]
2025-01-01T21:14:15.264+0700 INFO Starting service [Tomcat]
2025-01-01T21:14:15.264+0700 INFO Starting Servlet engine: [Apache Tomcat/10.1.18]
2025-01-01T21:14:15.276+0700 INFO Initializing Spring embedded WebApplicationContext
2025-01-01T21:14:15.276+0700 INFO Root WebApplicationContext: initialization completed in 216 ms
2025-01-01T21:14:15.309+0700 INFO HHH000204: Processing PersistenceUnitInfo [name: default]
2025-01-01T21:14:15.310+0700 INFO HHH000026: Second-level cache disabled
2025-01-01T21:14:15.313+0700 INFO No LoadTimeWeaver setup: ignoring JPA class transformer
2025-01-01T21:14:15.314+0700 INFO HikariPool-3 - Starting...
2025-01-01T21:14:15.336+0700 INFO HikariPool-3 - Added connection org.postgresql.jdbc.PgConnection@140fa1c6
2025-01-01T21:14:15.337+0700 INFO HikariPool-3 - Start completed.
2025-01-01T21:14:15.341+0700 WARN HHH90000025: PostgreSQLDialect does not need to be specified explicitly using 'hibernate.dialect' (remove the property setting and it will be selected by default)
2025-01-01T21:14:15.549+0700 INFO HHH000489: No JTA platform available (set 'hibernate.transaction.jta.platform' to enable JTA platform integration)
2025-01-01T21:14:15.673+0700 INFO Initialized JPA EntityManagerFactory for persistence unit 'default'
2025-01-01T21:14:16.208+0700 WARN spring.jpa.open-in-view is enabled by default. Therefore, database queries may be performed during view rendering. Explicitly configure spring.jpa.open-in-view to disable this warning
2025-01-01T21:14:16.719+0700 INFO LiveReload server is running on port 35729
2025-01-01T21:14:16.731+0700 INFO Starting ProtocolHandler ["http-nio-8080"]
2025-01-01T21:14:16.734+0700 INFO Tomcat started on port 8080 (http) with context path ''
2025-01-01T21:14:16.738+0700 INFO Started Main in 1.707 seconds (process running for 1214.048)
2025-01-01T21:14:16.740+0700 INFO Condition evaluation unchanged
2025-01-01T21:14:45.848+0700 INFO Restarting due to 1 class path change (0 additions, 1 deletion, 0 modifications)
2025-01-01T21:14:45.850+0700 INFO Stopping ProtocolHandler ["http-nio-8080"]
2025-01-01T21:14:45.862+0700 INFO Closing JPA EntityManagerFactory for persistence unit 'default'
2025-01-01T21:14:45.863+0700 INFO HikariPool-3 - Shutdown initiated...
2025-01-01T21:14:45.866+0700 INFO HikariPool-3 - Shutdown completed.
2025-01-01T21:14:45.941+0700 INFO info message
2025-01-01T21:14:45.942+0700 ERROR info message
2025-01-01T21:14:45.980+0700 INFO Starting Main using Java 19.0.1 with PID 26432 (E:\MyJob\calendar_api\target\classes started by Тагир in E:\MyJob\calendar_api)
2025-01-01T21:14:45.981+0700 INFO No active profile set, falling back to 1 default profile: "default"
2025-01-01T21:14:46.104+0700 INFO Bootstrapping Spring Data JPA repositories in DEFAULT mode.
2025-01-01T21:14:46.126+0700 INFO Finished Spring Data repository scanning in 21 ms. Found 15 JPA repository interfaces.
2025-01-01T21:14:46.195+0700 INFO Tomcat initialized with port 8080 (http)
2025-01-01T21:14:46.196+0700 INFO Initializing ProtocolHandler ["http-nio-8080"]
2025-01-01T21:14:46.197+0700 INFO Starting service [Tomcat]
2025-01-01T21:14:46.198+0700 INFO Starting Servlet engine: [Apache Tomcat/10.1.18]
2025-01-01T21:14:46.218+0700 INFO Initializing Spring embedded WebApplicationContext
2025-01-01T21:14:46.218+0700 INFO Root WebApplicationContext: initialization completed in 235 ms
2025-01-01T21:14:46.246+0700 INFO HHH000204: Processing PersistenceUnitInfo [name: default]
2025-01-01T21:14:46.247+0700 INFO HHH000026: Second-level cache disabled
2025-01-01T21:14:46.249+0700 INFO No LoadTimeWeaver setup: ignoring JPA class transformer
2025-01-01T21:14:46.250+0700 INFO HikariPool-4 - Starting...
2025-01-01T21:14:46.271+0700 INFO HikariPool-4 - Added connection org.postgresql.jdbc.PgConnection@29f8b901
2025-01-01T21:14:46.271+0700 INFO HikariPool-4 - Start completed.
2025-01-01T21:14:46.276+0700 WARN HHH90000025: PostgreSQLDialect does not need to be specified explicitly using 'hibernate.dialect' (remove the property setting and it will be selected by default)
2025-01-01T21:14:46.469+0700 INFO HHH000489: No JTA platform available (set 'hibernate.transaction.jta.platform' to enable JTA platform integration)
2025-01-01T21:14:46.762+0700 INFO Initialized JPA EntityManagerFactory for persistence unit 'default'
2025-01-01T21:14:46.932+0700 WARN Exception encountered during context initialization - cancelling refresh attempt: org.springframework.beans.factory.BeanCreationException: Error creating bean with name 'baseLinearRoadController': Resolution of declared constructors on bean Class [ru.tomsknipineft.controllers.BaseLinearRoadController] from ClassLoader [org.springframework.boot.devtools.restart.classloader.RestartClassLoader@1ac921ce] failed
2025-01-01T21:14:46.933+0700 INFO Closing JPA EntityManagerFactory for persistence unit 'default'
2025-01-01T21:14:46.933+0700 INFO HikariPool-4 - Shutdown initiated...
2025-01-01T21:14:46.937+0700 INFO HikariPool-4 - Shutdown completed.
2025-01-01T21:14:46.938+0700 INFO Stopping service [Tomcat]
2025-01-01T21:14:46.943+0700 INFO 

Error starting ApplicationContext. To display the condition evaluation report re-run your application with 'debug' enabled.
2025-01-01T21:14:46.945+0700 ERROR Application run failed
org.springframework.beans.factory.BeanCreationException: Error creating bean with name 'baseLinearRoadController': Resolution of declared constructors on bean Class [ru.tomsknipineft.controllers.BaseLinearRoadController] from ClassLoader [org.springframework.boot.devtools.restart.classloader.RestartClassLoader@1ac921ce] failed
	at org.springframework.beans.factory.annotation.AutowiredAnnotationBeanPostProcessor.determineCandidateConstructors(AutowiredAnnotationBeanPostProcessor.java:383) ~[spring-beans-6.1.3.jar:6.1.3]
	at org.springframework.beans.factory.support.AbstractAutowireCapableBeanFactory.determineConstructorsFromBeanPostProcessors(AbstractAutowireCapableBeanFactory.java:1293) ~[spring-beans-6.1.3.jar:6.1.3]
	at org.springframework.beans.factory.support.AbstractAutowireCapableBeanFactory.createBeanInstance(AbstractAutowireCapableBeanFactory.java:1188) ~[spring-beans-6.1.3.jar:6.1.3]
	at org.springframework.beans.factory.support.AbstractAutowireCapableBeanFactory.doCreateBean(AbstractAutowireCapableBeanFactory.java:561) ~[spring-beans-6.1.3.jar:6.1.3]
	at org.springframework.beans.factory.support.AbstractAutowireCapableBeanFactory.createBean(AbstractAutowireCapableBeanFactory.java:521) ~[spring-beans-6.1.3.jar:6.1.3]
	at org.springframework.beans.factory.support.AbstractBeanFactory.lambda$doGetBean$0(AbstractBeanFactory.java:325) ~[spring-beans-6.1.3.jar:6.1.3]
	at org.springframework.beans.factory.support.DefaultSingletonBeanRegistry.getSingleton(DefaultSingletonBeanRegistry.java:234) ~[spring-beans-6.1.3.jar:6.1.3]
	at org.springframework.beans.factory.support.AbstractBeanFactory.doGetBean(AbstractBeanFactory.java:323) ~[spring-beans-6.1.3.jar:6.1.3]
	at org.springframework.beans.factory.support.AbstractBeanFactory.getBean(AbstractBeanFactory.java:199) ~[spring-beans-6.1.3.jar:6.1.3]
	at org.springframework.beans.factory.support.DefaultListableBeanFactory.preInstantiateSingletons(DefaultListableBeanFactory.java:975) ~[spring-beans-6.1.3.jar:6.1.3]
	at org.springframework.context.support.AbstractApplicationContext.finishBeanFactoryInitialization(AbstractApplicationContext.java:959) ~[spring-context-6.1.3.jar:6.1.3]
	at org.springframework.context.support.AbstractApplicationContext.refresh(AbstractApplicationContext.java:624) ~[spring-context-6.1.3.jar:6.1.3]
	at org.springframework.boot.web.servlet.context.ServletWebServerApplicationContext.refresh(ServletWebServerApplicationContext.java:146) ~[spring-boot-3.2.2.jar:3.2.2]
	at org.springframework.boot.SpringApplication.refresh(SpringApplication.java:754) [spring-boot-3.2.2.jar:3.2.2]
	at org.springframework.boot.SpringApplication.refreshContext(SpringApplication.java:456) [spring-boot-3.2.2.jar:3.2.2]
	at org.springframework.boot.SpringApplication.run(SpringApplication.java:334) [spring-boot-3.2.2.jar:3.2.2]
	at org.springframework.boot.SpringApplication.run(SpringApplication.java:1354) [spring-boot-3.2.2.jar:3.2.2]
	at org.springframework.boot.SpringApplication.run(SpringApplication.java:1343) [spring-boot-3.2.2.jar:3.2.2]
	at ru.tomsknipineft.Main.main(Main.java:20) [classes/:?]
	at java.base/jdk.internal.reflect.DirectMethodHandleAccessor.invoke(DirectMethodHandleAccessor.java:104) ~[?:?]
	at java.base/java.lang.reflect.Method.invoke(Method.java:578) ~[?:?]
	at org.springframework.boot.devtools.restart.RestartLauncher.run(RestartLauncher.java:50) [spring-boot-devtools-3.2.2.jar:3.2.2]
Caused by: java.lang.NoClassDefFoundError: ru/tomsknipineft/services/baseService/RoadCreateDataBaseService
	at java.base/java.lang.Class.getDeclaredConstructors0(Native Method) ~[?:?]
	at java.base/java.lang.Class.privateGetDeclaredConstructors(Class.java:3429) ~[?:?]
	at java.base/java.lang.Class.getDeclaredConstructors(Class.java:2608) ~[?:?]
	at org.springframework.beans.factory.annotation.AutowiredAnnotationBeanPostProcessor.determineCandidateConstructors(AutowiredAnnotationBeanPostProcessor.java:378) ~[spring-beans-6.1.3.jar:6.1.3]
	... 21 more
Caused by: java.lang.ClassNotFoundException: ru.tomsknipineft.services.baseService.RoadCreateDataBaseService
	at java.base/jdk.internal.loader.BuiltinClassLoader.loadClass(BuiltinClassLoader.java:641) ~[?:?]
	at java.base/jdk.internal.loader.ClassLoaders$AppClassLoader.loadClass(ClassLoaders.java:188) ~[?:?]
	at java.base/java.lang.ClassLoader.loadClass(ClassLoader.java:521) ~[?:?]
	at java.base/java.lang.Class.forName0(Native Method) ~[?:?]
	at java.base/java.lang.Class.forName(Class.java:495) ~[?:?]
	at java.base/java.lang.Class.forName(Class.java:474) ~[?:?]
	at org.springframework.boot.devtools.restart.classloader.RestartClassLoader.loadClass(RestartClassLoader.java:121) ~[spring-boot-devtools-3.2.2.jar:3.2.2]
	at java.base/java.lang.ClassLoader.loadClass(ClassLoader.java:521) ~[?:?]
	at java.base/java.lang.Class.getDeclaredConstructors0(Native Method) ~[?:?]
	at java.base/java.lang.Class.privateGetDeclaredConstructors(Class.java:3429) ~[?:?]
	at java.base/java.lang.Class.getDeclaredConstructors(Class.java:2608) ~[?:?]
	at org.springframework.beans.factory.annotation.AutowiredAnnotationBeanPostProcessor.determineCandidateConstructors(AutowiredAnnotationBeanPostProcessor.java:378) ~[spring-beans-6.1.3.jar:6.1.3]
	... 21 more
2025-01-01T21:14:49.405+0700 INFO info message
2025-01-01T21:14:49.405+0700 ERROR info message
2025-01-01T21:14:49.447+0700 INFO Starting Main using Java 19.0.1 with PID 26432 (E:\MyJob\calendar_api\target\classes started by Тагир in E:\MyJob\calendar_api)
2025-01-01T21:14:49.448+0700 INFO No active profile set, falling back to 1 default profile: "default"
2025-01-01T21:14:49.678+0700 INFO Bootstrapping Spring Data JPA repositories in DEFAULT mode.
2025-01-01T21:14:49.726+0700 INFO Finished Spring Data repository scanning in 47 ms. Found 15 JPA repository interfaces.
2025-01-01T21:14:49.841+0700 INFO Tomcat initialized with port 8080 (http)
2025-01-01T21:14:49.842+0700 INFO Initializing ProtocolHandler ["http-nio-8080"]
2025-01-01T21:14:49.843+0700 INFO Starting service [Tomcat]
2025-01-01T21:14:49.843+0700 INFO Starting Servlet engine: [Apache Tomcat/10.1.18]
2025-01-01T21:14:49.864+0700 INFO Initializing Spring embedded WebApplicationContext
2025-01-01T21:14:49.864+0700 INFO Root WebApplicationContext: initialization completed in 415 ms
2025-01-01T21:14:49.916+0700 INFO HHH000204: Processing PersistenceUnitInfo [name: default]
2025-01-01T21:14:49.918+0700 INFO HHH000026: Second-level cache disabled
2025-01-01T21:14:49.922+0700 INFO No LoadTimeWeaver setup: ignoring JPA class transformer
2025-01-01T21:14:49.922+0700 INFO HikariPool-5 - Starting...
2025-01-01T21:14:49.954+0700 INFO HikariPool-5 - Added connection org.postgresql.jdbc.PgConnection@fbffd20
2025-01-01T21:14:49.954+0700 INFO HikariPool-5 - Start completed.
2025-01-01T21:14:49.957+0700 WARN HHH90000025: PostgreSQLDialect does not need to be specified explicitly using 'hibernate.dialect' (remove the property setting and it will be selected by default)
2025-01-01T21:14:50.305+0700 INFO HHH000489: No JTA platform available (set 'hibernate.transaction.jta.platform' to enable JTA platform integration)
2025-01-01T21:14:50.408+0700 INFO Initialized JPA EntityManagerFactory for persistence unit 'default'
2025-01-01T21:14:50.901+0700 WARN spring.jpa.open-in-view is enabled by default. Therefore, database queries may be performed during view rendering. Explicitly configure spring.jpa.open-in-view to disable this warning
2025-01-01T21:14:51.435+0700 INFO LiveReload server is running on port 35729
2025-01-01T21:14:51.446+0700 INFO Starting ProtocolHandler ["http-nio-8080"]
2025-01-01T21:14:51.449+0700 INFO Tomcat started on port 8080 (http) with context path ''
2025-01-01T21:14:51.453+0700 INFO Started Main in 2.045 seconds (process running for 1248.764)
2025-01-01T21:14:51.454+0700 INFO Condition evaluation unchanged
2025-01-01T21:24:13.682+0700 INFO Restarting due to 1 class path change (0 additions, 1 deletion, 0 modifications)
2025-01-01T21:24:13.683+0700 INFO Stopping ProtocolHandler ["http-nio-8080"]
2025-01-01T21:24:13.694+0700 INFO Closing JPA EntityManagerFactory for persistence unit 'default'
2025-01-01T21:24:13.695+0700 INFO HikariPool-5 - Shutdown initiated...
2025-01-01T21:24:13.700+0700 INFO HikariPool-5 - Shutdown completed.
2025-01-01T21:24:13.775+0700 INFO info message
2025-01-01T21:24:13.775+0700 ERROR info message
2025-01-01T21:24:13.808+0700 INFO Starting Main using Java 19.0.1 with PID 26432 (E:\MyJob\calendar_api\target\classes started by Тагир in E:\MyJob\calendar_api)
2025-01-01T21:24:13.808+0700 INFO No active profile set, falling back to 1 default profile: "default"
2025-01-01T21:24:13.950+0700 INFO Bootstrapping Spring Data JPA repositories in DEFAULT mode.
2025-01-01T21:24:13.971+0700 INFO Finished Spring Data repository scanning in 20 ms. Found 15 JPA repository interfaces.
2025-01-01T21:24:14.054+0700 INFO Tomcat initialized with port 8080 (http)
2025-01-01T21:24:14.055+0700 INFO Initializing ProtocolHandler ["http-nio-8080"]
2025-01-01T21:24:14.056+0700 INFO Starting service [Tomcat]
2025-01-01T21:24:14.056+0700 INFO Starting Servlet engine: [Apache Tomcat/10.1.18]
2025-01-01T21:24:14.071+0700 INFO Initializing Spring embedded WebApplicationContext
2025-01-01T21:24:14.071+0700 INFO Root WebApplicationContext: initialization completed in 259 ms
2025-01-01T21:24:14.112+0700 INFO HHH000204: Processing PersistenceUnitInfo [name: default]
2025-01-01T21:24:14.115+0700 INFO HHH000026: Second-level cache disabled
2025-01-01T21:24:14.118+0700 INFO No LoadTimeWeaver setup: ignoring JPA class transformer
2025-01-01T21:24:14.119+0700 INFO HikariPool-6 - Starting...
2025-01-01T21:24:14.147+0700 INFO HikariPool-6 - Added connection org.postgresql.jdbc.PgConnection@223723fc
2025-01-01T21:24:14.147+0700 INFO HikariPool-6 - Start completed.
2025-01-01T21:24:14.153+0700 WARN HHH90000025: PostgreSQLDialect does not need to be specified explicitly using 'hibernate.dialect' (remove the property setting and it will be selected by default)
2025-01-01T21:24:14.430+0700 INFO HHH000489: No JTA platform available (set 'hibernate.transaction.jta.platform' to enable JTA platform integration)
2025-01-01T21:24:14.780+0700 INFO Initialized JPA EntityManagerFactory for persistence unit 'default'
2025-01-01T21:24:14.921+0700 WARN Exception encountered during context initialization - cancelling refresh attempt: org.springframework.beans.factory.BeanCreationException: Error creating bean with name 'baseLinearRoadController': Resolution of declared constructors on bean Class [ru.tomsknipineft.controllers.BaseLinearRoadController] from ClassLoader [org.springframework.boot.devtools.restart.classloader.RestartClassLoader@3877a7af] failed
2025-01-01T21:24:14.921+0700 INFO Closing JPA EntityManagerFactory for persistence unit 'default'
2025-01-01T21:24:14.921+0700 INFO HikariPool-6 - Shutdown initiated...
2025-01-01T21:24:14.923+0700 INFO HikariPool-6 - Shutdown completed.
2025-01-01T21:24:14.923+0700 INFO Stopping service [Tomcat]
2025-01-01T21:24:14.928+0700 INFO 

Error starting ApplicationContext. To display the condition evaluation report re-run your application with 'debug' enabled.
2025-01-01T21:24:14.929+0700 ERROR Application run failed
org.springframework.beans.factory.BeanCreationException: Error creating bean with name 'baseLinearRoadController': Resolution of declared constructors on bean Class [ru.tomsknipineft.controllers.BaseLinearRoadController] from ClassLoader [org.springframework.boot.devtools.restart.classloader.RestartClassLoader@3877a7af] failed
	at org.springframework.beans.factory.annotation.AutowiredAnnotationBeanPostProcessor.determineCandidateConstructors(AutowiredAnnotationBeanPostProcessor.java:383) ~[spring-beans-6.1.3.jar:6.1.3]
	at org.springframework.beans.factory.support.AbstractAutowireCapableBeanFactory.determineConstructorsFromBeanPostProcessors(AbstractAutowireCapableBeanFactory.java:1293) ~[spring-beans-6.1.3.jar:6.1.3]
	at org.springframework.beans.factory.support.AbstractAutowireCapableBeanFactory.createBeanInstance(AbstractAutowireCapableBeanFactory.java:1188) ~[spring-beans-6.1.3.jar:6.1.3]
	at org.springframework.beans.factory.support.AbstractAutowireCapableBeanFactory.doCreateBean(AbstractAutowireCapableBeanFactory.java:561) ~[spring-beans-6.1.3.jar:6.1.3]
	at org.springframework.beans.factory.support.AbstractAutowireCapableBeanFactory.createBean(AbstractAutowireCapableBeanFactory.java:521) ~[spring-beans-6.1.3.jar:6.1.3]
	at org.springframework.beans.factory.support.AbstractBeanFactory.lambda$doGetBean$0(AbstractBeanFactory.java:325) ~[spring-beans-6.1.3.jar:6.1.3]
	at org.springframework.beans.factory.support.DefaultSingletonBeanRegistry.getSingleton(DefaultSingletonBeanRegistry.java:234) ~[spring-beans-6.1.3.jar:6.1.3]
	at org.springframework.beans.factory.support.AbstractBeanFactory.doGetBean(AbstractBeanFactory.java:323) ~[spring-beans-6.1.3.jar:6.1.3]
	at org.springframework.beans.factory.support.AbstractBeanFactory.getBean(AbstractBeanFactory.java:199) ~[spring-beans-6.1.3.jar:6.1.3]
	at org.springframework.beans.factory.support.DefaultListableBeanFactory.preInstantiateSingletons(DefaultListableBeanFactory.java:975) ~[spring-beans-6.1.3.jar:6.1.3]
	at org.springframework.context.support.AbstractApplicationContext.finishBeanFactoryInitialization(AbstractApplicationContext.java:959) ~[spring-context-6.1.3.jar:6.1.3]
	at org.springframework.context.support.AbstractApplicationContext.refresh(AbstractApplicationContext.java:624) ~[spring-context-6.1.3.jar:6.1.3]
	at org.springframework.boot.web.servlet.context.ServletWebServerApplicationContext.refresh(ServletWebServerApplicationContext.java:146) ~[spring-boot-3.2.2.jar:3.2.2]
	at org.springframework.boot.SpringApplication.refresh(SpringApplication.java:754) [spring-boot-3.2.2.jar:3.2.2]
	at org.springframework.boot.SpringApplication.refreshContext(SpringApplication.java:456) [spring-boot-3.2.2.jar:3.2.2]
	at org.springframework.boot.SpringApplication.run(SpringApplication.java:334) [spring-boot-3.2.2.jar:3.2.2]
	at org.springframework.boot.SpringApplication.run(SpringApplication.java:1354) [spring-boot-3.2.2.jar:3.2.2]
	at org.springframework.boot.SpringApplication.run(SpringApplication.java:1343) [spring-boot-3.2.2.jar:3.2.2]
	at ru.tomsknipineft.Main.main(Main.java:20) [classes/:?]
	at java.base/jdk.internal.reflect.DirectMethodHandleAccessor.invoke(DirectMethodHandleAccessor.java:104) ~[?:?]
	at java.base/java.lang.reflect.Method.invoke(Method.java:578) ~[?:?]
	at org.springframework.boot.devtools.restart.RestartLauncher.run(RestartLauncher.java:50) [spring-boot-devtools-3.2.2.jar:3.2.2]
Caused by: java.lang.NoClassDefFoundError: ru/tomsknipineft/services/baseService/RoadCreateDataBaseService
	at java.base/java.lang.Class.getDeclaredConstructors0(Native Method) ~[?:?]
	at java.base/java.lang.Class.privateGetDeclaredConstructors(Class.java:3429) ~[?:?]
	at java.base/java.lang.Class.getDeclaredConstructors(Class.java:2608) ~[?:?]
	at org.springframework.beans.factory.annotation.AutowiredAnnotationBeanPostProcessor.determineCandidateConstructors(AutowiredAnnotationBeanPostProcessor.java:378) ~[spring-beans-6.1.3.jar:6.1.3]
	... 21 more
Caused by: java.lang.ClassNotFoundException: ru.tomsknipineft.services.baseService.RoadCreateDataBaseService
	at java.base/jdk.internal.loader.BuiltinClassLoader.loadClass(BuiltinClassLoader.java:641) ~[?:?]
	at java.base/jdk.internal.loader.ClassLoaders$AppClassLoader.loadClass(ClassLoaders.java:188) ~[?:?]
	at java.base/java.lang.ClassLoader.loadClass(ClassLoader.java:521) ~[?:?]
	at java.base/java.lang.Class.forName0(Native Method) ~[?:?]
	at java.base/java.lang.Class.forName(Class.java:495) ~[?:?]
	at java.base/java.lang.Class.forName(Class.java:474) ~[?:?]
	at org.springframework.boot.devtools.restart.classloader.RestartClassLoader.loadClass(RestartClassLoader.java:121) ~[spring-boot-devtools-3.2.2.jar:3.2.2]
	at java.base/java.lang.ClassLoader.loadClass(ClassLoader.java:521) ~[?:?]
	at java.base/java.lang.Class.getDeclaredConstructors0(Native Method) ~[?:?]
	at java.base/java.lang.Class.privateGetDeclaredConstructors(Class.java:3429) ~[?:?]
	at java.base/java.lang.Class.getDeclaredConstructors(Class.java:2608) ~[?:?]
	at org.springframework.beans.factory.annotation.AutowiredAnnotationBeanPostProcessor.determineCandidateConstructors(AutowiredAnnotationBeanPostProcessor.java:378) ~[spring-beans-6.1.3.jar:6.1.3]
	... 21 more
2025-01-01T21:24:17.381+0700 INFO info message
2025-01-01T21:24:17.381+0700 ERROR info message
2025-01-01T21:24:17.408+0700 INFO Starting Main using Java 19.0.1 with PID 26432 (E:\MyJob\calendar_api\target\classes started by Тагир in E:\MyJob\calendar_api)
2025-01-01T21:24:17.408+0700 INFO No active profile set, falling back to 1 default profile: "default"
2025-01-01T21:24:17.503+0700 INFO Bootstrapping Spring Data JPA repositories in DEFAULT mode.
2025-01-01T21:24:17.521+0700 INFO Finished Spring Data repository scanning in 17 ms. Found 15 JPA repository interfaces.
2025-01-01T21:24:17.586+0700 INFO Tomcat initialized with port 8080 (http)
2025-01-01T21:24:17.587+0700 INFO Initializing ProtocolHandler ["http-nio-8080"]
2025-01-01T21:24:17.587+0700 INFO Starting service [Tomcat]
2025-01-01T21:24:17.587+0700 INFO Starting Servlet engine: [Apache Tomcat/10.1.18]
2025-01-01T21:24:17.605+0700 INFO Initializing Spring embedded WebApplicationContext
2025-01-01T21:24:17.605+0700 INFO Root WebApplicationContext: initialization completed in 196 ms
2025-01-01T21:24:17.638+0700 INFO HHH000204: Processing PersistenceUnitInfo [name: default]
2025-01-01T21:24:17.640+0700 INFO HHH000026: Second-level cache disabled
2025-01-01T21:24:17.642+0700 INFO No LoadTimeWeaver setup: ignoring JPA class transformer
2025-01-01T21:24:17.643+0700 INFO HikariPool-7 - Starting...
2025-01-01T21:24:17.671+0700 INFO HikariPool-7 - Added connection org.postgresql.jdbc.PgConnection@304e5d71
2025-01-01T21:24:17.671+0700 INFO HikariPool-7 - Start completed.
2025-01-01T21:24:17.676+0700 WARN HHH90000025: PostgreSQLDialect does not need to be specified explicitly using 'hibernate.dialect' (remove the property setting and it will be selected by default)
2025-01-01T21:24:17.863+0700 INFO HHH000489: No JTA platform available (set 'hibernate.transaction.jta.platform' to enable JTA platform integration)
2025-01-01T21:24:17.990+0700 INFO Initialized JPA EntityManagerFactory for persistence unit 'default'
2025-01-01T21:24:18.314+0700 WARN spring.jpa.open-in-view is enabled by default. Therefore, database queries may be performed during view rendering. Explicitly configure spring.jpa.open-in-view to disable this warning
2025-01-01T21:24:18.775+0700 INFO LiveReload server is running on port 35729
2025-01-01T21:24:18.789+0700 INFO Starting ProtocolHandler ["http-nio-8080"]
2025-01-01T21:24:18.793+0700 INFO Tomcat started on port 8080 (http) with context path ''
2025-01-01T21:24:18.799+0700 INFO Started Main in 1.416 seconds (process running for 1816.125)
2025-01-01T21:24:18.800+0700 INFO Condition evaluation unchanged
2025-01-01T21:25:34.592+0700 INFO Initializing Spring DispatcherServlet 'dispatcherServlet'
2025-01-01T21:25:34.592+0700 INFO Initializing Servlet 'dispatcherServlet'
2025-01-01T21:25:34.593+0700 INFO Completed initialization in 1 ms
2025-01-01T21:25:35.775+0700 WARN Resolved [java.lang.IllegalArgumentException: This dataset already contains a series with the key На составление смет (стадия РД)]
2025-01-01T21:25:35.783+0700 WARN Resolved [org.springframework.web.servlet.resource.NoResourceFoundException: No static resource favicon.ico.]
2025-01-01T21:27:24.203+0700 INFO Restarting due to 1 class path change (0 additions, 1 deletion, 0 modifications)
2025-01-01T21:27:24.205+0700 INFO Stopping ProtocolHandler ["http-nio-8080"]
2025-01-01T21:27:24.214+0700 INFO Closing JPA EntityManagerFactory for persistence unit 'default'
2025-01-01T21:27:24.215+0700 INFO HikariPool-7 - Shutdown initiated...
2025-01-01T21:27:24.216+0700 INFO HikariPool-7 - Shutdown completed.
2025-01-01T21:27:24.284+0700 INFO info message
2025-01-01T21:27:24.284+0700 ERROR info message
2025-01-01T21:27:24.331+0700 INFO Starting Main using Java 19.0.1 with PID 26432 (E:\MyJob\calendar_api\target\classes started by Тагир in E:\MyJob\calendar_api)
2025-01-01T21:27:24.331+0700 INFO No active profile set, falling back to 1 default profile: "default"
2025-01-01T21:27:24.439+0700 INFO Bootstrapping Spring Data JPA repositories in DEFAULT mode.
2025-01-01T21:27:24.462+0700 INFO Finished Spring Data repository scanning in 22 ms. Found 15 JPA repository interfaces.
2025-01-01T21:27:24.541+0700 INFO Tomcat initialized with port 8080 (http)
2025-01-01T21:27:24.542+0700 INFO Initializing ProtocolHandler ["http-nio-8080"]
2025-01-01T21:27:24.542+0700 INFO Starting service [Tomcat]
2025-01-01T21:27:24.542+0700 INFO Starting Servlet engine: [Apache Tomcat/10.1.18]
2025-01-01T21:27:24.555+0700 INFO Initializing Spring embedded WebApplicationContext
2025-01-01T21:27:24.556+0700 INFO Root WebApplicationContext: initialization completed in 221 ms
2025-01-01T21:27:24.589+0700 INFO HHH000204: Processing PersistenceUnitInfo [name: default]
2025-01-01T21:27:24.592+0700 INFO HHH000026: Second-level cache disabled
2025-01-01T21:27:24.595+0700 INFO No LoadTimeWeaver setup: ignoring JPA class transformer
2025-01-01T21:27:24.595+0700 INFO HikariPool-8 - Starting...
2025-01-01T21:27:24.630+0700 INFO HikariPool-8 - Added connection org.postgresql.jdbc.PgConnection@5df9caea
2025-01-01T21:27:24.631+0700 INFO HikariPool-8 - Start completed.
2025-01-01T21:27:24.638+0700 WARN HHH90000025: PostgreSQLDialect does not need to be specified explicitly using 'hibernate.dialect' (remove the property setting and it will be selected by default)
2025-01-01T21:27:24.899+0700 INFO HHH000489: No JTA platform available (set 'hibernate.transaction.jta.platform' to enable JTA platform integration)
2025-01-01T21:27:25.194+0700 INFO Initialized JPA EntityManagerFactory for persistence unit 'default'
2025-01-01T21:27:25.378+0700 WARN Exception encountered during context initialization - cancelling refresh attempt: org.springframework.beans.factory.BeanCreationException: Error creating bean with name 'baseLinearRoadController': Resolution of declared constructors on bean Class [ru.tomsknipineft.controllers.BaseLinearRoadController] from ClassLoader [org.springframework.boot.devtools.restart.classloader.RestartClassLoader@550420ea] failed
2025-01-01T21:27:25.379+0700 INFO Closing JPA EntityManagerFactory for persistence unit 'default'
2025-01-01T21:27:25.379+0700 INFO HikariPool-8 - Shutdown initiated...
2025-01-01T21:27:25.382+0700 INFO HikariPool-8 - Shutdown completed.
2025-01-01T21:27:25.383+0700 INFO Stopping service [Tomcat]
2025-01-01T21:27:25.388+0700 INFO 

Error starting ApplicationContext. To display the condition evaluation report re-run your application with 'debug' enabled.
2025-01-01T21:27:25.390+0700 ERROR Application run failed
org.springframework.beans.factory.BeanCreationException: Error creating bean with name 'baseLinearRoadController': Resolution of declared constructors on bean Class [ru.tomsknipineft.controllers.BaseLinearRoadController] from ClassLoader [org.springframework.boot.devtools.restart.classloader.RestartClassLoader@550420ea] failed
	at org.springframework.beans.factory.annotation.AutowiredAnnotationBeanPostProcessor.determineCandidateConstructors(AutowiredAnnotationBeanPostProcessor.java:383) ~[spring-beans-6.1.3.jar:6.1.3]
	at org.springframework.beans.factory.support.AbstractAutowireCapableBeanFactory.determineConstructorsFromBeanPostProcessors(AbstractAutowireCapableBeanFactory.java:1293) ~[spring-beans-6.1.3.jar:6.1.3]
	at org.springframework.beans.factory.support.AbstractAutowireCapableBeanFactory.createBeanInstance(AbstractAutowireCapableBeanFactory.java:1188) ~[spring-beans-6.1.3.jar:6.1.3]
	at org.springframework.beans.factory.support.AbstractAutowireCapableBeanFactory.doCreateBean(AbstractAutowireCapableBeanFactory.java:561) ~[spring-beans-6.1.3.jar:6.1.3]
	at org.springframework.beans.factory.support.AbstractAutowireCapableBeanFactory.createBean(AbstractAutowireCapableBeanFactory.java:521) ~[spring-beans-6.1.3.jar:6.1.3]
	at org.springframework.beans.factory.support.AbstractBeanFactory.lambda$doGetBean$0(AbstractBeanFactory.java:325) ~[spring-beans-6.1.3.jar:6.1.3]
	at org.springframework.beans.factory.support.DefaultSingletonBeanRegistry.getSingleton(DefaultSingletonBeanRegistry.java:234) ~[spring-beans-6.1.3.jar:6.1.3]
	at org.springframework.beans.factory.support.AbstractBeanFactory.doGetBean(AbstractBeanFactory.java:323) ~[spring-beans-6.1.3.jar:6.1.3]
	at org.springframework.beans.factory.support.AbstractBeanFactory.getBean(AbstractBeanFactory.java:199) ~[spring-beans-6.1.3.jar:6.1.3]
	at org.springframework.beans.factory.support.DefaultListableBeanFactory.preInstantiateSingletons(DefaultListableBeanFactory.java:975) ~[spring-beans-6.1.3.jar:6.1.3]
	at org.springframework.context.support.AbstractApplicationContext.finishBeanFactoryInitialization(AbstractApplicationContext.java:959) ~[spring-context-6.1.3.jar:6.1.3]
	at org.springframework.context.support.AbstractApplicationContext.refresh(AbstractApplicationContext.java:624) ~[spring-context-6.1.3.jar:6.1.3]
	at org.springframework.boot.web.servlet.context.ServletWebServerApplicationContext.refresh(ServletWebServerApplicationContext.java:146) ~[spring-boot-3.2.2.jar:3.2.2]
	at org.springframework.boot.SpringApplication.refresh(SpringApplication.java:754) [spring-boot-3.2.2.jar:3.2.2]
	at org.springframework.boot.SpringApplication.refreshContext(SpringApplication.java:456) [spring-boot-3.2.2.jar:3.2.2]
	at org.springframework.boot.SpringApplication.run(SpringApplication.java:334) [spring-boot-3.2.2.jar:3.2.2]
	at org.springframework.boot.SpringApplication.run(SpringApplication.java:1354) [spring-boot-3.2.2.jar:3.2.2]
	at org.springframework.boot.SpringApplication.run(SpringApplication.java:1343) [spring-boot-3.2.2.jar:3.2.2]
	at ru.tomsknipineft.Main.main(Main.java:20) [classes/:?]
	at java.base/jdk.internal.reflect.DirectMethodHandleAccessor.invoke(DirectMethodHandleAccessor.java:104) ~[?:?]
	at java.base/java.lang.reflect.Method.invoke(Method.java:578) ~[?:?]
	at org.springframework.boot.devtools.restart.RestartLauncher.run(RestartLauncher.java:50) [spring-boot-devtools-3.2.2.jar:3.2.2]
Caused by: java.lang.NoClassDefFoundError: ru/tomsknipineft/services/baseService/RoadCreateDataBaseService
	at java.base/java.lang.Class.getDeclaredConstructors0(Native Method) ~[?:?]
	at java.base/java.lang.Class.privateGetDeclaredConstructors(Class.java:3429) ~[?:?]
	at java.base/java.lang.Class.getDeclaredConstructors(Class.java:2608) ~[?:?]
	at org.springframework.beans.factory.annotation.AutowiredAnnotationBeanPostProcessor.determineCandidateConstructors(AutowiredAnnotationBeanPostProcessor.java:378) ~[spring-beans-6.1.3.jar:6.1.3]
	... 21 more
Caused by: java.lang.ClassNotFoundException: ru.tomsknipineft.services.baseService.RoadCreateDataBaseService
	at java.base/jdk.internal.loader.BuiltinClassLoader.loadClass(BuiltinClassLoader.java:641) ~[?:?]
	at java.base/jdk.internal.loader.ClassLoaders$AppClassLoader.loadClass(ClassLoaders.java:188) ~[?:?]
	at java.base/java.lang.ClassLoader.loadClass(ClassLoader.java:521) ~[?:?]
	at java.base/java.lang.Class.forName0(Native Method) ~[?:?]
	at java.base/java.lang.Class.forName(Class.java:495) ~[?:?]
	at java.base/java.lang.Class.forName(Class.java:474) ~[?:?]
	at org.springframework.boot.devtools.restart.classloader.RestartClassLoader.loadClass(RestartClassLoader.java:121) ~[spring-boot-devtools-3.2.2.jar:3.2.2]
	at java.base/java.lang.ClassLoader.loadClass(ClassLoader.java:521) ~[?:?]
	at java.base/java.lang.Class.getDeclaredConstructors0(Native Method) ~[?:?]
	at java.base/java.lang.Class.privateGetDeclaredConstructors(Class.java:3429) ~[?:?]
	at java.base/java.lang.Class.getDeclaredConstructors(Class.java:2608) ~[?:?]
	at org.springframework.beans.factory.annotation.AutowiredAnnotationBeanPostProcessor.determineCandidateConstructors(AutowiredAnnotationBeanPostProcessor.java:378) ~[spring-beans-6.1.3.jar:6.1.3]
	... 21 more
2025-01-01T21:27:27.859+0700 INFO info message
2025-01-01T21:27:27.860+0700 ERROR info message
2025-01-01T21:27:27.884+0700 INFO Starting Main using Java 19.0.1 with PID 26432 (E:\MyJob\calendar_api\target\classes started by Тагир in E:\MyJob\calendar_api)
2025-01-01T21:27:27.884+0700 INFO No active profile set, falling back to 1 default profile: "default"
2025-01-01T21:27:27.993+0700 INFO Bootstrapping Spring Data JPA repositories in DEFAULT mode.
2025-01-01T21:27:28.014+0700 INFO Finished Spring Data repository scanning in 21 ms. Found 15 JPA repository interfaces.
2025-01-01T21:27:28.086+0700 INFO Tomcat initialized with port 8080 (http)
2025-01-01T21:27:28.087+0700 INFO Initializing ProtocolHandler ["http-nio-8080"]
2025-01-01T21:27:28.087+0700 INFO Starting service [Tomcat]
2025-01-01T21:27:28.087+0700 INFO Starting Servlet engine: [Apache Tomcat/10.1.18]
2025-01-01T21:27:28.099+0700 INFO Initializing Spring embedded WebApplicationContext
2025-01-01T21:27:28.099+0700 INFO Root WebApplicationContext: initialization completed in 214 ms
2025-01-01T21:27:28.128+0700 INFO HHH000204: Processing PersistenceUnitInfo [name: default]
2025-01-01T21:27:28.130+0700 INFO HHH000026: Second-level cache disabled
2025-01-01T21:27:28.134+0700 INFO No LoadTimeWeaver setup: ignoring JPA class transformer
2025-01-01T21:27:28.135+0700 INFO HikariPool-9 - Starting...
2025-01-01T21:27:28.166+0700 INFO HikariPool-9 - Added connection org.postgresql.jdbc.PgConnection@34ed45ad
2025-01-01T21:27:28.167+0700 INFO HikariPool-9 - Start completed.
2025-01-01T21:27:28.173+0700 WARN HHH90000025: PostgreSQLDialect does not need to be specified explicitly using 'hibernate.dialect' (remove the property setting and it will be selected by default)
2025-01-01T21:27:28.357+0700 INFO HHH000489: No JTA platform available (set 'hibernate.transaction.jta.platform' to enable JTA platform integration)
2025-01-01T21:27:28.505+0700 INFO Initialized JPA EntityManagerFactory for persistence unit 'default'
2025-01-01T21:27:28.830+0700 WARN spring.jpa.open-in-view is enabled by default. Therefore, database queries may be performed during view rendering. Explicitly configure spring.jpa.open-in-view to disable this warning
2025-01-01T21:27:29.252+0700 INFO LiveReload server is running on port 35729
2025-01-01T21:27:29.259+0700 INFO Starting ProtocolHandler ["http-nio-8080"]
2025-01-01T21:27:29.261+0700 INFO Tomcat started on port 8080 (http) with context path ''
2025-01-01T21:27:29.263+0700 INFO Started Main in 1.402 seconds (process running for 2006.596)
2025-01-01T21:27:29.264+0700 INFO Condition evaluation unchanged
2025-01-01T21:27:30.804+0700 INFO Initializing Spring DispatcherServlet 'dispatcherServlet'
2025-01-01T21:27:30.804+0700 INFO Initializing Servlet 'dispatcherServlet'
2025-01-01T21:27:30.804+0700 INFO Completed initialization in 0 ms
2025-01-01T21:27:31.900+0700 WARN Resolved [java.lang.IllegalArgumentException: This dataset already contains a series with the key На составление смет (стадия РД)]
2025-01-01T21:27:31.908+0700 WARN Resolved [org.springframework.web.servlet.resource.NoResourceFoundException: No static resource favicon.ico.]
2025-01-01T21:28:44.511+0700 INFO Restarting due to 1 class path change (0 additions, 1 deletion, 0 modifications)
2025-01-01T21:28:44.513+0700 INFO Stopping ProtocolHandler ["http-nio-8080"]
2025-01-01T21:28:44.524+0700 INFO Closing JPA EntityManagerFactory for persistence unit 'default'
2025-01-01T21:28:44.524+0700 INFO HikariPool-9 - Shutdown initiated...
2025-01-01T21:28:44.528+0700 INFO HikariPool-9 - Shutdown completed.
2025-01-01T21:28:44.598+0700 INFO info message
2025-01-01T21:28:44.598+0700 ERROR info message
2025-01-01T21:28:44.620+0700 INFO Starting Main using Java 19.0.1 with PID 26432 (E:\MyJob\calendar_api\target\classes started by Тагир in E:\MyJob\calendar_api)
2025-01-01T21:28:44.621+0700 INFO No active profile set, falling back to 1 default profile: "default"
2025-01-01T21:28:44.722+0700 INFO Bootstrapping Spring Data JPA repositories in DEFAULT mode.
2025-01-01T21:28:44.741+0700 INFO Finished Spring Data repository scanning in 19 ms. Found 15 JPA repository interfaces.
2025-01-01T21:28:44.809+0700 INFO Tomcat initialized with port 8080 (http)
2025-01-01T21:28:44.810+0700 INFO Initializing ProtocolHandler ["http-nio-8080"]
2025-01-01T21:28:44.810+0700 INFO Starting service [Tomcat]
2025-01-01T21:28:44.810+0700 INFO Starting Servlet engine: [Apache Tomcat/10.1.18]
2025-01-01T21:28:44.823+0700 INFO Initializing Spring embedded WebApplicationContext
2025-01-01T21:28:44.823+0700 INFO Root WebApplicationContext: initialization completed in 201 ms
2025-01-01T21:28:44.848+0700 INFO HHH000204: Processing PersistenceUnitInfo [name: default]
2025-01-01T21:28:44.850+0700 INFO HHH000026: Second-level cache disabled
2025-01-01T21:28:44.852+0700 INFO No LoadTimeWeaver setup: ignoring JPA class transformer
2025-01-01T21:28:44.852+0700 INFO HikariPool-10 - Starting...
2025-01-01T21:28:44.876+0700 INFO HikariPool-10 - Added connection org.postgresql.jdbc.PgConnection@5d99c1d2
2025-01-01T21:28:44.877+0700 INFO HikariPool-10 - Start completed.
2025-01-01T21:28:44.881+0700 WARN HHH90000025: PostgreSQLDialect does not need to be specified explicitly using 'hibernate.dialect' (remove the property setting and it will be selected by default)
2025-01-01T21:28:45.095+0700 INFO HHH000489: No JTA platform available (set 'hibernate.transaction.jta.platform' to enable JTA platform integration)
2025-01-01T21:28:45.467+0700 INFO Initialized JPA EntityManagerFactory for persistence unit 'default'
2025-01-01T21:28:45.626+0700 WARN Exception encountered during context initialization - cancelling refresh attempt: org.springframework.beans.factory.BeanCreationException: Error creating bean with name 'baseLinearRoadController': Resolution of declared constructors on bean Class [ru.tomsknipineft.controllers.BaseLinearRoadController] from ClassLoader [org.springframework.boot.devtools.restart.classloader.RestartClassLoader@6a50873f] failed
2025-01-01T21:28:45.626+0700 INFO Closing JPA EntityManagerFactory for persistence unit 'default'
2025-01-01T21:28:45.627+0700 INFO HikariPool-10 - Shutdown initiated...
2025-01-01T21:28:45.631+0700 INFO HikariPool-10 - Shutdown completed.
2025-01-01T21:28:45.632+0700 INFO Stopping service [Tomcat]
2025-01-01T21:28:45.637+0700 INFO 

Error starting ApplicationContext. To display the condition evaluation report re-run your application with 'debug' enabled.
2025-01-01T21:28:45.638+0700 ERROR Application run failed
org.springframework.beans.factory.BeanCreationException: Error creating bean with name 'baseLinearRoadController': Resolution of declared constructors on bean Class [ru.tomsknipineft.controllers.BaseLinearRoadController] from ClassLoader [org.springframework.boot.devtools.restart.classloader.RestartClassLoader@6a50873f] failed
	at org.springframework.beans.factory.annotation.AutowiredAnnotationBeanPostProcessor.determineCandidateConstructors(AutowiredAnnotationBeanPostProcessor.java:383) ~[spring-beans-6.1.3.jar:6.1.3]
	at org.springframework.beans.factory.support.AbstractAutowireCapableBeanFactory.determineConstructorsFromBeanPostProcessors(AbstractAutowireCapableBeanFactory.java:1293) ~[spring-beans-6.1.3.jar:6.1.3]
	at org.springframework.beans.factory.support.AbstractAutowireCapableBeanFactory.createBeanInstance(AbstractAutowireCapableBeanFactory.java:1188) ~[spring-beans-6.1.3.jar:6.1.3]
	at org.springframework.beans.factory.support.AbstractAutowireCapableBeanFactory.doCreateBean(AbstractAutowireCapableBeanFactory.java:561) ~[spring-beans-6.1.3.jar:6.1.3]
	at org.springframework.beans.factory.support.AbstractAutowireCapableBeanFactory.createBean(AbstractAutowireCapableBeanFactory.java:521) ~[spring-beans-6.1.3.jar:6.1.3]
	at org.springframework.beans.factory.support.AbstractBeanFactory.lambda$doGetBean$0(AbstractBeanFactory.java:325) ~[spring-beans-6.1.3.jar:6.1.3]
	at org.springframework.beans.factory.support.DefaultSingletonBeanRegistry.getSingleton(DefaultSingletonBeanRegistry.java:234) ~[spring-beans-6.1.3.jar:6.1.3]
	at org.springframework.beans.factory.support.AbstractBeanFactory.doGetBean(AbstractBeanFactory.java:323) ~[spring-beans-6.1.3.jar:6.1.3]
	at org.springframework.beans.factory.support.AbstractBeanFactory.getBean(AbstractBeanFactory.java:199) ~[spring-beans-6.1.3.jar:6.1.3]
	at org.springframework.beans.factory.support.DefaultListableBeanFactory.preInstantiateSingletons(DefaultListableBeanFactory.java:975) ~[spring-beans-6.1.3.jar:6.1.3]
	at org.springframework.context.support.AbstractApplicationContext.finishBeanFactoryInitialization(AbstractApplicationContext.java:959) ~[spring-context-6.1.3.jar:6.1.3]
	at org.springframework.context.support.AbstractApplicationContext.refresh(AbstractApplicationContext.java:624) ~[spring-context-6.1.3.jar:6.1.3]
	at org.springframework.boot.web.servlet.context.ServletWebServerApplicationContext.refresh(ServletWebServerApplicationContext.java:146) ~[spring-boot-3.2.2.jar:3.2.2]
	at org.springframework.boot.SpringApplication.refresh(SpringApplication.java:754) [spring-boot-3.2.2.jar:3.2.2]
	at org.springframework.boot.SpringApplication.refreshContext(SpringApplication.java:456) [spring-boot-3.2.2.jar:3.2.2]
	at org.springframework.boot.SpringApplication.run(SpringApplication.java:334) [spring-boot-3.2.2.jar:3.2.2]
	at org.springframework.boot.SpringApplication.run(SpringApplication.java:1354) [spring-boot-3.2.2.jar:3.2.2]
	at org.springframework.boot.SpringApplication.run(SpringApplication.java:1343) [spring-boot-3.2.2.jar:3.2.2]
	at ru.tomsknipineft.Main.main(Main.java:20) [classes/:?]
	at java.base/jdk.internal.reflect.DirectMethodHandleAccessor.invoke(DirectMethodHandleAccessor.java:104) ~[?:?]
	at java.base/java.lang.reflect.Method.invoke(Method.java:578) ~[?:?]
	at org.springframework.boot.devtools.restart.RestartLauncher.run(RestartLauncher.java:50) [spring-boot-devtools-3.2.2.jar:3.2.2]
Caused by: java.lang.NoClassDefFoundError: ru/tomsknipineft/services/baseService/RoadCreateDataBaseService
	at java.base/java.lang.Class.getDeclaredConstructors0(Native Method) ~[?:?]
	at java.base/java.lang.Class.privateGetDeclaredConstructors(Class.java:3429) ~[?:?]
	at java.base/java.lang.Class.getDeclaredConstructors(Class.java:2608) ~[?:?]
	at org.springframework.beans.factory.annotation.AutowiredAnnotationBeanPostProcessor.determineCandidateConstructors(AutowiredAnnotationBeanPostProcessor.java:378) ~[spring-beans-6.1.3.jar:6.1.3]
	... 21 more
Caused by: java.lang.ClassNotFoundException: ru.tomsknipineft.services.baseService.RoadCreateDataBaseService
	at java.base/jdk.internal.loader.BuiltinClassLoader.loadClass(BuiltinClassLoader.java:641) ~[?:?]
	at java.base/jdk.internal.loader.ClassLoaders$AppClassLoader.loadClass(ClassLoaders.java:188) ~[?:?]
	at java.base/java.lang.ClassLoader.loadClass(ClassLoader.java:521) ~[?:?]
	at java.base/java.lang.Class.forName0(Native Method) ~[?:?]
	at java.base/java.lang.Class.forName(Class.java:495) ~[?:?]
	at java.base/java.lang.Class.forName(Class.java:474) ~[?:?]
	at org.springframework.boot.devtools.restart.classloader.RestartClassLoader.loadClass(RestartClassLoader.java:121) ~[spring-boot-devtools-3.2.2.jar:3.2.2]
	at java.base/java.lang.ClassLoader.loadClass(ClassLoader.java:521) ~[?:?]
	at java.base/java.lang.Class.getDeclaredConstructors0(Native Method) ~[?:?]
	at java.base/java.lang.Class.privateGetDeclaredConstructors(Class.java:3429) ~[?:?]
	at java.base/java.lang.Class.getDeclaredConstructors(Class.java:2608) ~[?:?]
	at org.springframework.beans.factory.annotation.AutowiredAnnotationBeanPostProcessor.determineCandidateConstructors(AutowiredAnnotationBeanPostProcessor.java:378) ~[spring-beans-6.1.3.jar:6.1.3]
	... 21 more
2025-01-01T21:28:48.104+0700 INFO info message
2025-01-01T21:28:48.104+0700 ERROR info message
2025-01-01T21:28:48.137+0700 INFO Starting Main using Java 19.0.1 with PID 26432 (E:\MyJob\calendar_api\target\classes started by Тагир in E:\MyJob\calendar_api)
2025-01-01T21:28:48.137+0700 INFO No active profile set, falling back to 1 default profile: "default"
2025-01-01T21:28:48.265+0700 INFO Bootstrapping Spring Data JPA repositories in DEFAULT mode.
2025-01-01T21:28:48.286+0700 INFO Finished Spring Data repository scanning in 20 ms. Found 15 JPA repository interfaces.
2025-01-01T21:28:48.355+0700 INFO Tomcat initialized with port 8080 (http)
2025-01-01T21:28:48.356+0700 INFO Initializing ProtocolHandler ["http-nio-8080"]
2025-01-01T21:28:48.356+0700 INFO Starting service [Tomcat]
2025-01-01T21:28:48.356+0700 INFO Starting Servlet engine: [Apache Tomcat/10.1.18]
2025-01-01T21:28:48.370+0700 INFO Initializing Spring embedded WebApplicationContext
2025-01-01T21:28:48.370+0700 INFO Root WebApplicationContext: initialization completed in 232 ms
2025-01-01T21:28:48.399+0700 INFO HHH000204: Processing PersistenceUnitInfo [name: default]
2025-01-01T21:28:48.401+0700 INFO HHH000026: Second-level cache disabled
2025-01-01T21:28:48.403+0700 INFO No LoadTimeWeaver setup: ignoring JPA class transformer
2025-01-01T21:28:48.403+0700 INFO HikariPool-11 - Starting...
2025-01-01T21:28:48.429+0700 INFO HikariPool-11 - Added connection org.postgresql.jdbc.PgConnection@6a9674d5
2025-01-01T21:28:48.429+0700 INFO HikariPool-11 - Start completed.
2025-01-01T21:28:48.435+0700 WARN HHH90000025: PostgreSQLDialect does not need to be specified explicitly using 'hibernate.dialect' (remove the property setting and it will be selected by default)
2025-01-01T21:28:48.635+0700 INFO HHH000489: No JTA platform available (set 'hibernate.transaction.jta.platform' to enable JTA platform integration)
2025-01-01T21:28:48.768+0700 INFO Initialized JPA EntityManagerFactory for persistence unit 'default'
2025-01-01T21:28:49.055+0700 WARN spring.jpa.open-in-view is enabled by default. Therefore, database queries may be performed during view rendering. Explicitly configure spring.jpa.open-in-view to disable this warning
2025-01-01T21:28:49.656+0700 INFO LiveReload server is running on port 35729
2025-01-01T21:28:49.666+0700 INFO Starting ProtocolHandler ["http-nio-8080"]
2025-01-01T21:28:49.671+0700 INFO Tomcat started on port 8080 (http) with context path ''
2025-01-01T21:28:49.679+0700 INFO Started Main in 1.573 seconds (process running for 2087.014)
2025-01-01T21:28:49.681+0700 INFO Condition evaluation unchanged
2025-01-01T21:28:53.086+0700 INFO Initializing Spring DispatcherServlet 'dispatcherServlet'
2025-01-01T21:28:53.086+0700 INFO Initializing Servlet 'dispatcherServlet'
2025-01-01T21:28:53.087+0700 INFO Completed initialization in 1 ms
2025-01-01T21:28:54.034+0700 WARN Resolved [java.lang.IllegalArgumentException: This dataset already contains a series with the key Задание на пересечение с ВЛ и линиями связи]
2025-01-01T21:28:54.045+0700 WARN Resolved [org.springframework.web.servlet.resource.NoResourceFoundException: No static resource favicon.ico.]
2025-01-01T21:30:23.576+0700 WARN Resolved [org.springframework.web.servlet.resource.NoResourceFoundException: No static resource favicon.ico.]
2025-01-01T21:30:45.869+0700 WARN Resolved [org.springframework.web.servlet.resource.NoResourceFoundException: No static resource favicon.ico.]
2025-01-01T21:31:24.584+0700 WARN Resolved [org.springframework.web.servlet.resource.NoResourceFoundException: No static resource favicon.ico.]
2025-01-01T21:32:10.742+0700 WARN Resolved [org.springframework.web.servlet.resource.NoResourceFoundException: No static resource favicon.ico.]
2025-01-01T21:36:55.362+0700 WARN Resolved [org.springframework.web.servlet.resource.NoResourceFoundException: No static resource favicon.ico.]
2025-01-01T21:37:16.785+0700 WARN Resolved [org.springframework.web.servlet.resource.NoResourceFoundException: No static resource favicon.ico.]
2025-01-01T21:37:19.647+0700 WARN Resolved [org.springframework.web.servlet.resource.NoResourceFoundException: No static resource favicon.ico.]
2025-01-01T21:39:00.950+0700 WARN Resolved [java.lang.IllegalArgumentException: This dataset already contains a series with the key Задание на пересечение с ВЛ и линиями связи]
2025-01-01T21:39:00.959+0700 WARN Resolved [org.springframework.web.servlet.resource.NoResourceFoundException: No static resource favicon.ico.]
2025-01-01T22:06:06.902+0700 INFO Restarting due to 2 class path changes (0 additions, 2 deletions, 0 modifications)
2025-01-01T22:06:06.904+0700 INFO Stopping ProtocolHandler ["http-nio-8080"]
2025-01-01T22:06:06.913+0700 INFO Closing JPA EntityManagerFactory for persistence unit 'default'
2025-01-01T22:06:06.913+0700 INFO HikariPool-11 - Shutdown initiated...
2025-01-01T22:06:06.915+0700 INFO HikariPool-11 - Shutdown completed.
2025-01-01T22:06:06.994+0700 INFO info message
2025-01-01T22:06:06.994+0700 ERROR info message
2025-01-01T22:06:07.027+0700 INFO Starting Main using Java 19.0.1 with PID 26432 (E:\MyJob\calendar_api\target\classes started by Тагир in E:\MyJob\calendar_api)
2025-01-01T22:06:07.027+0700 INFO No active profile set, falling back to 1 default profile: "default"
2025-01-01T22:06:07.139+0700 INFO Bootstrapping Spring Data JPA repositories in DEFAULT mode.
2025-01-01T22:06:07.158+0700 INFO Finished Spring Data repository scanning in 18 ms. Found 15 JPA repository interfaces.
2025-01-01T22:06:07.238+0700 INFO Tomcat initialized with port 8080 (http)
2025-01-01T22:06:07.239+0700 INFO Initializing ProtocolHandler ["http-nio-8080"]
2025-01-01T22:06:07.239+0700 INFO Starting service [Tomcat]
2025-01-01T22:06:07.240+0700 INFO Starting Servlet engine: [Apache Tomcat/10.1.18]
2025-01-01T22:06:07.252+0700 INFO Initializing Spring embedded WebApplicationContext
2025-01-01T22:06:07.252+0700 INFO Root WebApplicationContext: initialization completed in 222 ms
2025-01-01T22:06:07.288+0700 INFO HHH000204: Processing PersistenceUnitInfo [name: default]
2025-01-01T22:06:07.290+0700 INFO HHH000026: Second-level cache disabled
2025-01-01T22:06:07.293+0700 INFO No LoadTimeWeaver setup: ignoring JPA class transformer
2025-01-01T22:06:07.294+0700 INFO HikariPool-12 - Starting...
2025-01-01T22:06:07.325+0700 INFO HikariPool-12 - Added connection org.postgresql.jdbc.PgConnection@1cdbcd96
2025-01-01T22:06:07.325+0700 INFO HikariPool-12 - Start completed.
2025-01-01T22:06:07.331+0700 WARN HHH90000025: PostgreSQLDialect does not need to be specified explicitly using 'hibernate.dialect' (remove the property setting and it will be selected by default)
2025-01-01T22:06:07.540+0700 INFO HHH000489: No JTA platform available (set 'hibernate.transaction.jta.platform' to enable JTA platform integration)
2025-01-01T22:06:07.905+0700 INFO Initialized JPA EntityManagerFactory for persistence unit 'default'
2025-01-01T22:06:08.103+0700 WARN Exception encountered during context initialization - cancelling refresh attempt: org.springframework.beans.factory.BeanCreationException: Error creating bean with name 'baseLinearRoadController': Resolution of declared constructors on bean Class [ru.tomsknipineft.controllers.BaseLinearRoadController] from ClassLoader [org.springframework.boot.devtools.restart.classloader.RestartClassLoader@5fbf8ee] failed
2025-01-01T22:06:08.103+0700 INFO Closing JPA EntityManagerFactory for persistence unit 'default'
2025-01-01T22:06:08.103+0700 INFO HikariPool-12 - Shutdown initiated...
2025-01-01T22:06:08.106+0700 INFO HikariPool-12 - Shutdown completed.
2025-01-01T22:06:08.106+0700 INFO Stopping service [Tomcat]
2025-01-01T22:06:08.110+0700 INFO 

Error starting ApplicationContext. To display the condition evaluation report re-run your application with 'debug' enabled.
2025-01-01T22:06:08.112+0700 ERROR Application run failed
org.springframework.beans.factory.BeanCreationException: Error creating bean with name 'baseLinearRoadController': Resolution of declared constructors on bean Class [ru.tomsknipineft.controllers.BaseLinearRoadController] from ClassLoader [org.springframework.boot.devtools.restart.classloader.RestartClassLoader@5fbf8ee] failed
	at org.springframework.beans.factory.annotation.AutowiredAnnotationBeanPostProcessor.determineCandidateConstructors(AutowiredAnnotationBeanPostProcessor.java:383) ~[spring-beans-6.1.3.jar:6.1.3]
	at org.springframework.beans.factory.support.AbstractAutowireCapableBeanFactory.determineConstructorsFromBeanPostProcessors(AbstractAutowireCapableBeanFactory.java:1293) ~[spring-beans-6.1.3.jar:6.1.3]
	at org.springframework.beans.factory.support.AbstractAutowireCapableBeanFactory.createBeanInstance(AbstractAutowireCapableBeanFactory.java:1188) ~[spring-beans-6.1.3.jar:6.1.3]
	at org.springframework.beans.factory.support.AbstractAutowireCapableBeanFactory.doCreateBean(AbstractAutowireCapableBeanFactory.java:561) ~[spring-beans-6.1.3.jar:6.1.3]
	at org.springframework.beans.factory.support.AbstractAutowireCapableBeanFactory.createBean(AbstractAutowireCapableBeanFactory.java:521) ~[spring-beans-6.1.3.jar:6.1.3]
	at org.springframework.beans.factory.support.AbstractBeanFactory.lambda$doGetBean$0(AbstractBeanFactory.java:325) ~[spring-beans-6.1.3.jar:6.1.3]
	at org.springframework.beans.factory.support.DefaultSingletonBeanRegistry.getSingleton(DefaultSingletonBeanRegistry.java:234) ~[spring-beans-6.1.3.jar:6.1.3]
	at org.springframework.beans.factory.support.AbstractBeanFactory.doGetBean(AbstractBeanFactory.java:323) ~[spring-beans-6.1.3.jar:6.1.3]
	at org.springframework.beans.factory.support.AbstractBeanFactory.getBean(AbstractBeanFactory.java:199) ~[spring-beans-6.1.3.jar:6.1.3]
	at org.springframework.beans.factory.support.DefaultListableBeanFactory.preInstantiateSingletons(DefaultListableBeanFactory.java:975) ~[spring-beans-6.1.3.jar:6.1.3]
	at org.springframework.context.support.AbstractApplicationContext.finishBeanFactoryInitialization(AbstractApplicationContext.java:959) ~[spring-context-6.1.3.jar:6.1.3]
	at org.springframework.context.support.AbstractApplicationContext.refresh(AbstractApplicationContext.java:624) ~[spring-context-6.1.3.jar:6.1.3]
	at org.springframework.boot.web.servlet.context.ServletWebServerApplicationContext.refresh(ServletWebServerApplicationContext.java:146) ~[spring-boot-3.2.2.jar:3.2.2]
	at org.springframework.boot.SpringApplication.refresh(SpringApplication.java:754) [spring-boot-3.2.2.jar:3.2.2]
	at org.springframework.boot.SpringApplication.refreshContext(SpringApplication.java:456) [spring-boot-3.2.2.jar:3.2.2]
	at org.springframework.boot.SpringApplication.run(SpringApplication.java:334) [spring-boot-3.2.2.jar:3.2.2]
	at org.springframework.boot.SpringApplication.run(SpringApplication.java:1354) [spring-boot-3.2.2.jar:3.2.2]
	at org.springframework.boot.SpringApplication.run(SpringApplication.java:1343) [spring-boot-3.2.2.jar:3.2.2]
	at ru.tomsknipineft.Main.main(Main.java:20) [classes/:?]
	at java.base/jdk.internal.reflect.DirectMethodHandleAccessor.invoke(DirectMethodHandleAccessor.java:104) ~[?:?]
	at java.base/java.lang.reflect.Method.invoke(Method.java:578) ~[?:?]
	at org.springframework.boot.devtools.restart.RestartLauncher.run(RestartLauncher.java:50) [spring-boot-devtools-3.2.2.jar:3.2.2]
Caused by: java.lang.NoClassDefFoundError: ru/tomsknipineft/services/baseService/RoadCreateDataBaseService
	at java.base/java.lang.Class.getDeclaredConstructors0(Native Method) ~[?:?]
	at java.base/java.lang.Class.privateGetDeclaredConstructors(Class.java:3429) ~[?:?]
	at java.base/java.lang.Class.getDeclaredConstructors(Class.java:2608) ~[?:?]
	at org.springframework.beans.factory.annotation.AutowiredAnnotationBeanPostProcessor.determineCandidateConstructors(AutowiredAnnotationBeanPostProcessor.java:378) ~[spring-beans-6.1.3.jar:6.1.3]
	... 21 more
Caused by: java.lang.ClassNotFoundException: ru.tomsknipineft.services.baseService.RoadCreateDataBaseService
	at java.base/jdk.internal.loader.BuiltinClassLoader.loadClass(BuiltinClassLoader.java:641) ~[?:?]
	at java.base/jdk.internal.loader.ClassLoaders$AppClassLoader.loadClass(ClassLoaders.java:188) ~[?:?]
	at java.base/java.lang.ClassLoader.loadClass(ClassLoader.java:521) ~[?:?]
	at java.base/java.lang.Class.forName0(Native Method) ~[?:?]
	at java.base/java.lang.Class.forName(Class.java:495) ~[?:?]
	at java.base/java.lang.Class.forName(Class.java:474) ~[?:?]
	at org.springframework.boot.devtools.restart.classloader.RestartClassLoader.loadClass(RestartClassLoader.java:121) ~[spring-boot-devtools-3.2.2.jar:3.2.2]
	at java.base/java.lang.ClassLoader.loadClass(ClassLoader.java:521) ~[?:?]
	at java.base/java.lang.Class.getDeclaredConstructors0(Native Method) ~[?:?]
	at java.base/java.lang.Class.privateGetDeclaredConstructors(Class.java:3429) ~[?:?]
	at java.base/java.lang.Class.getDeclaredConstructors(Class.java:2608) ~[?:?]
	at org.springframework.beans.factory.annotation.AutowiredAnnotationBeanPostProcessor.determineCandidateConstructors(AutowiredAnnotationBeanPostProcessor.java:378) ~[spring-beans-6.1.3.jar:6.1.3]
	... 21 more
2025-01-01T22:06:10.563+0700 INFO info message
2025-01-01T22:06:10.563+0700 ERROR info message
2025-01-01T22:06:10.589+0700 INFO Starting Main using Java 19.0.1 with PID 26432 (E:\MyJob\calendar_api\target\classes started by Тагир in E:\MyJob\calendar_api)
2025-01-01T22:06:10.589+0700 INFO No active profile set, falling back to 1 default profile: "default"
2025-01-01T22:06:10.689+0700 INFO Bootstrapping Spring Data JPA repositories in DEFAULT mode.
2025-01-01T22:06:10.709+0700 INFO Finished Spring Data repository scanning in 19 ms. Found 15 JPA repository interfaces.
2025-01-01T22:06:10.779+0700 INFO Tomcat initialized with port 8080 (http)
2025-01-01T22:06:10.779+0700 INFO Initializing ProtocolHandler ["http-nio-8080"]
2025-01-01T22:06:10.779+0700 INFO Starting service [Tomcat]
2025-01-01T22:06:10.779+0700 INFO Starting Servlet engine: [Apache Tomcat/10.1.18]
2025-01-01T22:06:10.793+0700 INFO Initializing Spring embedded WebApplicationContext
2025-01-01T22:06:10.795+0700 INFO Root WebApplicationContext: initialization completed in 204 ms
2025-01-01T22:06:10.826+0700 INFO HHH000204: Processing PersistenceUnitInfo [name: default]
2025-01-01T22:06:10.827+0700 INFO HHH000026: Second-level cache disabled
2025-01-01T22:06:10.829+0700 INFO No LoadTimeWeaver setup: ignoring JPA class transformer
2025-01-01T22:06:10.830+0700 INFO HikariPool-13 - Starting...
2025-01-01T22:06:10.853+0700 INFO HikariPool-13 - Added connection org.postgresql.jdbc.PgConnection@69fadf23
2025-01-01T22:06:10.853+0700 INFO HikariPool-13 - Start completed.
2025-01-01T22:06:10.858+0700 WARN HHH90000025: PostgreSQLDialect does not need to be specified explicitly using 'hibernate.dialect' (remove the property setting and it will be selected by default)
2025-01-01T22:06:11.045+0700 INFO HHH000489: No JTA platform available (set 'hibernate.transaction.jta.platform' to enable JTA platform integration)
2025-01-01T22:06:11.176+0700 INFO Initialized JPA EntityManagerFactory for persistence unit 'default'
2025-01-01T22:06:11.435+0700 WARN spring.jpa.open-in-view is enabled by default. Therefore, database queries may be performed during view rendering. Explicitly configure spring.jpa.open-in-view to disable this warning
2025-01-01T22:06:11.866+0700 INFO LiveReload server is running on port 35729
2025-01-01T22:06:11.872+0700 INFO Starting ProtocolHandler ["http-nio-8080"]
2025-01-01T22:06:11.873+0700 INFO Tomcat started on port 8080 (http) with context path ''
2025-01-01T22:06:11.875+0700 INFO Started Main in 1.31 seconds (process running for 4329.25)
2025-01-01T22:06:11.876+0700 INFO Condition evaluation unchanged
2025-01-01T22:08:11.731+0700 INFO Initializing Spring DispatcherServlet 'dispatcherServlet'
2025-01-01T22:08:11.731+0700 INFO Initializing Servlet 'dispatcherServlet'
2025-01-01T22:08:11.732+0700 INFO Completed initialization in 1 ms
2025-01-01T22:08:12.826+0700 WARN Resolved [org.jfree.data.UnknownKeyException: Key not found: Задание на пересечение с ВЛ и линиями связи]
2025-01-01T22:08:12.834+0700 WARN Resolved [org.springframework.web.servlet.resource.NoResourceFoundException: No static resource favicon.ico.]
2025-01-01T22:08:34.733+0700 INFO Closing JPA EntityManagerFactory for persistence unit 'default'
2025-01-01T22:08:34.734+0700 INFO HikariPool-13 - Shutdown initiated...
2025-01-01T22:08:34.735+0700 INFO HikariPool-13 - Shutdown completed.
