2025-01-02T11:31:31.534+0700 INFO info message
2025-01-02T11:31:31.536+0700 ERROR info message
2025-01-02T11:31:31.612+0700 INFO info message
2025-01-02T11:31:31.612+0700 ERROR info message
2025-01-02T11:31:31.786+0700 INFO HV000001: Hibernate Validator 8.0.1.Final
2025-01-02T11:31:31.809+0700 INFO Starting Main using Java 19.0.1 with PID 13388 (E:\MyJob\calendar_api\target\classes started by Тагир in E:\MyJob\calendar_api)
2025-01-02T11:31:31.811+0700 INFO No active profile set, falling back to 1 default profile: "default"
2025-01-02T11:31:31.959+0700 INFO Devtools property defaults active! Set 'spring.devtools.add-properties' to 'false' to disable
2025-01-02T11:31:31.959+0700 INFO For additional web related logging consider setting the 'logging.level.web' property to 'DEBUG'
2025-01-02T11:31:32.463+0700 INFO Bootstrapping Spring Data JPA repositories in DEFAULT mode.
2025-01-02T11:31:32.514+0700 INFO Finished Spring Data repository scanning in 45 ms. Found 15 JPA repository interfaces.
2025-01-02T11:31:32.765+0700 INFO Tomcat initialized with port 8080 (http)
2025-01-02T11:31:32.771+0700 INFO Initializing ProtocolHandler ["http-nio-8080"]
2025-01-02T11:31:32.772+0700 INFO Starting service [Tomcat]
2025-01-02T11:31:32.772+0700 INFO Starting Servlet engine: [Apache Tomcat/10.1.18]
2025-01-02T11:31:32.846+0700 INFO Initializing Spring embedded WebApplicationContext
2025-01-02T11:31:32.847+0700 INFO Root WebApplicationContext: initialization completed in 886 ms
2025-01-02T11:31:32.947+0700 INFO HHH000204: Processing PersistenceUnitInfo [name: default]
2025-01-02T11:31:32.985+0700 INFO HHH000412: Hibernate ORM core version 6.4.1.Final
2025-01-02T11:31:33.002+0700 INFO HHH000026: Second-level cache disabled
2025-01-02T11:31:33.121+0700 INFO No LoadTimeWeaver setup: ignoring JPA class transformer
2025-01-02T11:31:33.141+0700 INFO HikariPool-1 - Starting...
2025-01-02T11:31:33.219+0700 INFO HikariPool-1 - Added connection org.postgresql.jdbc.PgConnection@73e195f3
2025-01-02T11:31:33.222+0700 INFO HikariPool-1 - Start completed.
2025-01-02T11:31:33.262+0700 WARN HHH90000025: PostgreSQLDialect does not need to be specified explicitly using 'hibernate.dialect' (remove the property setting and it will be selected by default)
2025-01-02T11:31:34.160+0700 INFO HHH000489: No JTA platform available (set 'hibernate.transaction.jta.platform' to enable JTA platform integration)
2025-01-02T11:31:34.433+0700 INFO Initialized JPA EntityManagerFactory for persistence unit 'default'
2025-01-02T11:31:34.980+0700 WARN spring.jpa.open-in-view is enabled by default. Therefore, database queries may be performed during view rendering. Explicitly configure spring.jpa.open-in-view to disable this warning
2025-01-02T11:31:35.576+0700 INFO LiveReload server is running on port 35729
2025-01-02T11:31:35.587+0700 INFO Starting ProtocolHandler ["http-nio-8080"]
2025-01-02T11:31:35.596+0700 INFO Tomcat started on port 8080 (http) with context path ''
2025-01-02T11:31:35.602+0700 INFO Started Main in 3.986 seconds (process running for 4.733)
2025-01-02T11:33:09.342+0700 INFO Restarting due to 1 class path change (0 additions, 1 deletion, 0 modifications)
2025-01-02T11:33:09.346+0700 INFO Stopping ProtocolHandler ["http-nio-8080"]
2025-01-02T11:33:09.359+0700 INFO Closing JPA EntityManagerFactory for persistence unit 'default'
2025-01-02T11:33:09.361+0700 INFO HikariPool-1 - Shutdown initiated...
2025-01-02T11:33:09.366+0700 INFO HikariPool-1 - Shutdown completed.
2025-01-02T11:33:09.412+0700 INFO info message
2025-01-02T11:33:09.413+0700 ERROR info message
2025-01-02T11:33:09.454+0700 INFO Starting Main using Java 19.0.1 with PID 13388 (E:\MyJob\calendar_api\target\classes started by Тагир in E:\MyJob\calendar_api)
2025-01-02T11:33:09.454+0700 INFO No active profile set, falling back to 1 default profile: "default"
2025-01-02T11:33:09.589+0700 INFO Bootstrapping Spring Data JPA repositories in DEFAULT mode.
2025-01-02T11:33:09.620+0700 INFO Finished Spring Data repository scanning in 29 ms. Found 15 JPA repository interfaces.
2025-01-02T11:33:09.710+0700 INFO Tomcat initialized with port 8080 (http)
2025-01-02T11:33:09.711+0700 INFO Initializing ProtocolHandler ["http-nio-8080"]
2025-01-02T11:33:09.711+0700 INFO Starting service [Tomcat]
2025-01-02T11:33:09.712+0700 INFO Starting Servlet engine: [Apache Tomcat/10.1.18]
2025-01-02T11:33:09.728+0700 INFO Initializing Spring embedded WebApplicationContext
2025-01-02T11:33:09.728+0700 INFO Root WebApplicationContext: initialization completed in 272 ms
2025-01-02T11:33:09.763+0700 INFO HHH000204: Processing PersistenceUnitInfo [name: default]
2025-01-02T11:33:09.765+0700 INFO HHH000026: Second-level cache disabled
2025-01-02T11:33:09.768+0700 INFO No LoadTimeWeaver setup: ignoring JPA class transformer
2025-01-02T11:33:09.769+0700 INFO HikariPool-2 - Starting...
2025-01-02T11:33:09.801+0700 INFO HikariPool-2 - Added connection org.postgresql.jdbc.PgConnection@389fef47
2025-01-02T11:33:09.801+0700 INFO HikariPool-2 - Start completed.
2025-01-02T11:33:09.807+0700 WARN HHH90000025: PostgreSQLDialect does not need to be specified explicitly using 'hibernate.dialect' (remove the property setting and it will be selected by default)
2025-01-02T11:33:10.102+0700 INFO HHH000489: No JTA platform available (set 'hibernate.transaction.jta.platform' to enable JTA platform integration)
2025-01-02T11:33:10.428+0700 INFO Initialized JPA EntityManagerFactory for persistence unit 'default'
2025-01-02T11:33:10.662+0700 WARN Exception encountered during context initialization - cancelling refresh attempt: org.springframework.beans.factory.BeanCreationException: Error creating bean with name 'baseLinearRoadController': Resolution of declared constructors on bean Class [ru.tomsknipineft.controllers.BaseLinearRoadController] from ClassLoader [org.springframework.boot.devtools.restart.classloader.RestartClassLoader@512c02e] failed
2025-01-02T11:33:10.662+0700 INFO Closing JPA EntityManagerFactory for persistence unit 'default'
2025-01-02T11:33:10.662+0700 INFO HikariPool-2 - Shutdown initiated...
2025-01-02T11:33:10.665+0700 INFO HikariPool-2 - Shutdown completed.
2025-01-02T11:33:10.666+0700 INFO Stopping service [Tomcat]
2025-01-02T11:33:10.674+0700 INFO 

Error starting ApplicationContext. To display the condition evaluation report re-run your application with 'debug' enabled.
2025-01-02T11:33:10.688+0700 ERROR Application run failed
org.springframework.beans.factory.BeanCreationException: Error creating bean with name 'baseLinearRoadController': Resolution of declared constructors on bean Class [ru.tomsknipineft.controllers.BaseLinearRoadController] from ClassLoader [org.springframework.boot.devtools.restart.classloader.RestartClassLoader@512c02e] failed
	at org.springframework.beans.factory.annotation.AutowiredAnnotationBeanPostProcessor.determineCandidateConstructors(AutowiredAnnotationBeanPostProcessor.java:383) ~[spring-beans-6.1.3.jar:6.1.3]
	at org.springframework.beans.factory.support.AbstractAutowireCapableBeanFactory.determineConstructorsFromBeanPostProcessors(AbstractAutowireCapableBeanFactory.java:1293) ~[spring-beans-6.1.3.jar:6.1.3]
	at org.springframework.beans.factory.support.AbstractAutowireCapableBeanFactory.createBeanInstance(AbstractAutowireCapableBeanFactory.java:1188) ~[spring-beans-6.1.3.jar:6.1.3]
	at org.springframework.beans.factory.support.AbstractAutowireCapableBeanFactory.doCreateBean(AbstractAutowireCapableBeanFactory.java:561) ~[spring-beans-6.1.3.jar:6.1.3]
	at org.springframework.beans.factory.support.AbstractAutowireCapableBeanFactory.createBean(AbstractAutowireCapableBeanFactory.java:521) ~[spring-beans-6.1.3.jar:6.1.3]
	at org.springframework.beans.factory.support.AbstractBeanFactory.lambda$doGetBean$0(AbstractBeanFactory.java:325) ~[spring-beans-6.1.3.jar:6.1.3]
	at org.springframework.beans.factory.support.DefaultSingletonBeanRegistry.getSingleton(DefaultSingletonBeanRegistry.java:234) ~[spring-beans-6.1.3.jar:6.1.3]
	at org.springframework.beans.factory.support.AbstractBeanFactory.doGetBean(AbstractBeanFactory.java:323) ~[spring-beans-6.1.3.jar:6.1.3]
	at org.springframework.beans.factory.support.AbstractBeanFactory.getBean(AbstractBeanFactory.java:199) ~[spring-beans-6.1.3.jar:6.1.3]
	at org.springframework.beans.factory.support.DefaultListableBeanFactory.preInstantiateSingletons(DefaultListableBeanFactory.java:975) ~[spring-beans-6.1.3.jar:6.1.3]
	at org.springframework.context.support.AbstractApplicationContext.finishBeanFactoryInitialization(AbstractApplicationContext.java:959) ~[spring-context-6.1.3.jar:6.1.3]
	at org.springframework.context.support.AbstractApplicationContext.refresh(AbstractApplicationContext.java:624) ~[spring-context-6.1.3.jar:6.1.3]
	at org.springframework.boot.web.servlet.context.ServletWebServerApplicationContext.refresh(ServletWebServerApplicationContext.java:146) ~[spring-boot-3.2.2.jar:3.2.2]
	at org.springframework.boot.SpringApplication.refresh(SpringApplication.java:754) [spring-boot-3.2.2.jar:3.2.2]
	at org.springframework.boot.SpringApplication.refreshContext(SpringApplication.java:456) [spring-boot-3.2.2.jar:3.2.2]
	at org.springframework.boot.SpringApplication.run(SpringApplication.java:334) [spring-boot-3.2.2.jar:3.2.2]
	at org.springframework.boot.SpringApplication.run(SpringApplication.java:1354) [spring-boot-3.2.2.jar:3.2.2]
	at org.springframework.boot.SpringApplication.run(SpringApplication.java:1343) [spring-boot-3.2.2.jar:3.2.2]
	at ru.tomsknipineft.Main.main(Main.java:20) [classes/:?]
	at java.base/jdk.internal.reflect.DirectMethodHandleAccessor.invoke(DirectMethodHandleAccessor.java:104) ~[?:?]
	at java.base/java.lang.reflect.Method.invoke(Method.java:578) ~[?:?]
	at org.springframework.boot.devtools.restart.RestartLauncher.run(RestartLauncher.java:50) [spring-boot-devtools-3.2.2.jar:3.2.2]
Caused by: java.lang.NoClassDefFoundError: ru/tomsknipineft/services/baseService/RoadCreateDataBaseService
	at java.base/java.lang.Class.getDeclaredConstructors0(Native Method) ~[?:?]
	at java.base/java.lang.Class.privateGetDeclaredConstructors(Class.java:3429) ~[?:?]
	at java.base/java.lang.Class.getDeclaredConstructors(Class.java:2608) ~[?:?]
	at org.springframework.beans.factory.annotation.AutowiredAnnotationBeanPostProcessor.determineCandidateConstructors(AutowiredAnnotationBeanPostProcessor.java:378) ~[spring-beans-6.1.3.jar:6.1.3]
	... 21 more
Caused by: java.lang.ClassNotFoundException: ru.tomsknipineft.services.baseService.RoadCreateDataBaseService
	at java.base/jdk.internal.loader.BuiltinClassLoader.loadClass(BuiltinClassLoader.java:641) ~[?:?]
	at java.base/jdk.internal.loader.ClassLoaders$AppClassLoader.loadClass(ClassLoaders.java:188) ~[?:?]
	at java.base/java.lang.ClassLoader.loadClass(ClassLoader.java:521) ~[?:?]
	at java.base/java.lang.Class.forName0(Native Method) ~[?:?]
	at java.base/java.lang.Class.forName(Class.java:495) ~[?:?]
	at java.base/java.lang.Class.forName(Class.java:474) ~[?:?]
	at org.springframework.boot.devtools.restart.classloader.RestartClassLoader.loadClass(RestartClassLoader.java:121) ~[spring-boot-devtools-3.2.2.jar:3.2.2]
	at java.base/java.lang.ClassLoader.loadClass(ClassLoader.java:521) ~[?:?]
	at java.base/java.lang.Class.getDeclaredConstructors0(Native Method) ~[?:?]
	at java.base/java.lang.Class.privateGetDeclaredConstructors(Class.java:3429) ~[?:?]
	at java.base/java.lang.Class.getDeclaredConstructors(Class.java:2608) ~[?:?]
	at org.springframework.beans.factory.annotation.AutowiredAnnotationBeanPostProcessor.determineCandidateConstructors(AutowiredAnnotationBeanPostProcessor.java:378) ~[spring-beans-6.1.3.jar:6.1.3]
	... 21 more
2025-01-02T11:33:13.149+0700 INFO info message
2025-01-02T11:33:13.149+0700 ERROR info message
2025-01-02T11:33:13.180+0700 INFO Starting Main using Java 19.0.1 with PID 13388 (E:\MyJob\calendar_api\target\classes started by Тагир in E:\MyJob\calendar_api)
2025-01-02T11:33:13.180+0700 INFO No active profile set, falling back to 1 default profile: "default"
2025-01-02T11:33:13.285+0700 INFO Bootstrapping Spring Data JPA repositories in DEFAULT mode.
2025-01-02T11:33:13.307+0700 INFO Finished Spring Data repository scanning in 21 ms. Found 15 JPA repository interfaces.
2025-01-02T11:33:13.382+0700 INFO Tomcat initialized with port 8080 (http)
2025-01-02T11:33:13.383+0700 INFO Initializing ProtocolHandler ["http-nio-8080"]
2025-01-02T11:33:13.383+0700 INFO Starting service [Tomcat]
2025-01-02T11:33:13.384+0700 INFO Starting Servlet engine: [Apache Tomcat/10.1.18]
2025-01-02T11:33:13.399+0700 INFO Initializing Spring embedded WebApplicationContext
2025-01-02T11:33:13.399+0700 INFO Root WebApplicationContext: initialization completed in 217 ms
2025-01-02T11:33:13.430+0700 INFO HHH000204: Processing PersistenceUnitInfo [name: default]
2025-01-02T11:33:13.432+0700 INFO HHH000026: Second-level cache disabled
2025-01-02T11:33:13.435+0700 INFO No LoadTimeWeaver setup: ignoring JPA class transformer
2025-01-02T11:33:13.436+0700 INFO HikariPool-3 - Starting...
2025-01-02T11:33:13.459+0700 INFO HikariPool-3 - Added connection org.postgresql.jdbc.PgConnection@79727559
2025-01-02T11:33:13.459+0700 INFO HikariPool-3 - Start completed.
2025-01-02T11:33:13.464+0700 WARN HHH90000025: PostgreSQLDialect does not need to be specified explicitly using 'hibernate.dialect' (remove the property setting and it will be selected by default)
2025-01-02T11:33:13.718+0700 INFO HHH000489: No JTA platform available (set 'hibernate.transaction.jta.platform' to enable JTA platform integration)
2025-01-02T11:33:13.853+0700 INFO Initialized JPA EntityManagerFactory for persistence unit 'default'
2025-01-02T11:33:14.203+0700 WARN spring.jpa.open-in-view is enabled by default. Therefore, database queries may be performed during view rendering. Explicitly configure spring.jpa.open-in-view to disable this warning
2025-01-02T11:33:14.615+0700 INFO LiveReload server is running on port 35729
2025-01-02T11:33:14.629+0700 INFO Starting ProtocolHandler ["http-nio-8080"]
2025-01-02T11:33:14.633+0700 INFO Tomcat started on port 8080 (http) with context path ''
2025-01-02T11:33:14.638+0700 INFO Started Main in 1.487 seconds (process running for 103.77)
2025-01-02T11:33:14.641+0700 INFO Condition evaluation unchanged
2025-01-02T11:33:16.538+0700 INFO Initializing Spring DispatcherServlet 'dispatcherServlet'
2025-01-02T11:33:16.538+0700 INFO Initializing Servlet 'dispatcherServlet'
2025-01-02T11:33:16.539+0700 INFO Completed initialization in 1 ms
2025-01-02T11:33:18.621+0700 WARN Resolved [org.springframework.web.servlet.resource.NoResourceFoundException: No static resource favicon.ico.]
2025-01-02T11:36:01.416+0700 INFO Closing JPA EntityManagerFactory for persistence unit 'default'
2025-01-02T11:36:01.417+0700 INFO HikariPool-3 - Shutdown initiated...
2025-01-02T11:36:01.420+0700 INFO HikariPool-3 - Shutdown completed.
