2024-12-30T09:12:58.555+0700 INFO info message
2024-12-30T09:12:58.557+0700 ERROR info message
2024-12-30T09:12:58.641+0700 INFO info message
2024-12-30T09:12:58.641+0700 ERROR info message
2024-12-30T09:12:58.873+0700 INFO HV000001: Hibernate Validator 8.0.1.Final
2024-12-30T09:12:58.905+0700 INFO Starting Main using Java 19.0.1 with PID 24068 (E:\MyJob\calendar_api\target\classes started by Тагир in E:\MyJob\calendar_api)
2024-12-30T09:12:58.907+0700 INFO No active profile set, falling back to 1 default profile: "default"
2024-12-30T09:12:59.114+0700 INFO Devtools property defaults active! Set 'spring.devtools.add-properties' to 'false' to disable
2024-12-30T09:12:59.114+0700 INFO For additional web related logging consider setting the 'logging.level.web' property to 'DEBUG'
2024-12-30T09:12:59.586+0700 INFO Bootstrapping Spring Data JPA repositories in DEFAULT mode.
2024-12-30T09:12:59.654+0700 INFO Finished Spring Data repository scanning in 64 ms. Found 15 JPA repository interfaces.
2024-12-30T09:12:59.986+0700 INFO Tomcat initialized with port 8080 (http)
2024-12-30T09:12:59.993+0700 INFO Initializing ProtocolHandler ["http-nio-8080"]
2024-12-30T09:12:59.994+0700 INFO Starting service [Tomcat]
2024-12-30T09:12:59.995+0700 INFO Starting Servlet engine: [Apache Tomcat/10.1.18]
2024-12-30T09:13:00.041+0700 INFO Initializing Spring embedded WebApplicationContext
2024-12-30T09:13:00.042+0700 INFO Root WebApplicationContext: initialization completed in 925 ms
2024-12-30T09:13:00.134+0700 INFO HHH000204: Processing PersistenceUnitInfo [name: default]
2024-12-30T09:13:00.162+0700 INFO HHH000412: Hibernate ORM core version 6.4.1.Final
2024-12-30T09:13:00.182+0700 INFO HHH000026: Second-level cache disabled
2024-12-30T09:13:00.286+0700 INFO No LoadTimeWeaver setup: ignoring JPA class transformer
2024-12-30T09:13:00.301+0700 INFO HikariPool-1 - Starting...
2024-12-30T09:13:00.385+0700 INFO HikariPool-1 - Added connection org.postgresql.jdbc.PgConnection@4e70ecc3
2024-12-30T09:13:00.386+0700 INFO HikariPool-1 - Start completed.
2024-12-30T09:13:00.408+0700 WARN HHH90000025: PostgreSQLDialect does not need to be specified explicitly using 'hibernate.dialect' (remove the property setting and it will be selected by default)
2024-12-30T09:13:01.482+0700 INFO HHH000489: No JTA platform available (set 'hibernate.transaction.jta.platform' to enable JTA platform integration)
2024-12-30T09:13:01.787+0700 INFO Initialized JPA EntityManagerFactory for persistence unit 'default'
2024-12-30T09:13:02.425+0700 WARN spring.jpa.open-in-view is enabled by default. Therefore, database queries may be performed during view rendering. Explicitly configure spring.jpa.open-in-view to disable this warning
2024-12-30T09:13:03.094+0700 INFO LiveReload server is running on port 35729
2024-12-30T09:13:03.108+0700 INFO Starting ProtocolHandler ["http-nio-8080"]
2024-12-30T09:13:03.117+0700 INFO Tomcat started on port 8080 (http) with context path ''
2024-12-30T09:13:03.125+0700 INFO Started Main in 4.481 seconds (process running for 5.362)
2024-12-30T09:13:09.081+0700 INFO Initializing Spring DispatcherServlet 'dispatcherServlet'
2024-12-30T09:13:09.082+0700 INFO Initializing Servlet 'dispatcherServlet'
2024-12-30T09:13:09.083+0700 INFO Completed initialization in 1 ms
2024-12-30T09:13:09.211+0700 WARN Resolved [org.springframework.web.servlet.resource.NoResourceFoundException: No static resource favicon.ico.]
2024-12-30T09:13:13.537+0700 WARN Resolved [org.springframework.web.servlet.resource.NoResourceFoundException: No static resource favicon.ico.]
2024-12-30T09:30:54.856+0700 INFO Restarting due to 2 class path changes (0 additions, 1 deletion, 1 modification)
2024-12-30T09:30:54.861+0700 INFO Stopping ProtocolHandler ["http-nio-8080"]
2024-12-30T09:30:54.874+0700 INFO Closing JPA EntityManagerFactory for persistence unit 'default'
2024-12-30T09:30:54.877+0700 INFO HikariPool-1 - Shutdown initiated...
2024-12-30T09:30:54.883+0700 INFO HikariPool-1 - Shutdown completed.
2024-12-30T09:30:54.950+0700 INFO info message
2024-12-30T09:30:54.950+0700 ERROR info message
2024-12-30T09:30:54.987+0700 INFO Starting Main using Java 19.0.1 with PID 24068 (E:\MyJob\calendar_api\target\classes started by Тагир in E:\MyJob\calendar_api)
2024-12-30T09:30:54.987+0700 INFO No active profile set, falling back to 1 default profile: "default"
2024-12-30T09:30:55.116+0700 INFO Bootstrapping Spring Data JPA repositories in DEFAULT mode.
2024-12-30T09:30:55.142+0700 INFO Finished Spring Data repository scanning in 26 ms. Found 15 JPA repository interfaces.
2024-12-30T09:30:55.237+0700 INFO Tomcat initialized with port 8080 (http)
2024-12-30T09:30:55.239+0700 INFO Initializing ProtocolHandler ["http-nio-8080"]
2024-12-30T09:30:55.239+0700 INFO Starting service [Tomcat]
2024-12-30T09:30:55.239+0700 INFO Starting Servlet engine: [Apache Tomcat/10.1.18]
2024-12-30T09:30:55.256+0700 INFO Initializing Spring embedded WebApplicationContext
2024-12-30T09:30:55.256+0700 INFO Root WebApplicationContext: initialization completed in 265 ms
2024-12-30T09:30:55.298+0700 INFO HHH000204: Processing PersistenceUnitInfo [name: default]
2024-12-30T09:30:55.300+0700 INFO HHH000026: Second-level cache disabled
2024-12-30T09:30:55.303+0700 INFO No LoadTimeWeaver setup: ignoring JPA class transformer
2024-12-30T09:30:55.304+0700 INFO HikariPool-2 - Starting...
2024-12-30T09:30:55.334+0700 INFO HikariPool-2 - Added connection org.postgresql.jdbc.PgConnection@532d3011
2024-12-30T09:30:55.335+0700 INFO HikariPool-2 - Start completed.
2024-12-30T09:30:55.341+0700 WARN HHH90000025: PostgreSQLDialect does not need to be specified explicitly using 'hibernate.dialect' (remove the property setting and it will be selected by default)
2024-12-30T09:30:55.701+0700 INFO HHH000489: No JTA platform available (set 'hibernate.transaction.jta.platform' to enable JTA platform integration)
2024-12-30T09:30:56.034+0700 INFO Initialized JPA EntityManagerFactory for persistence unit 'default'
2024-12-30T09:30:56.361+0700 WARN spring.jpa.open-in-view is enabled by default. Therefore, database queries may be performed during view rendering. Explicitly configure spring.jpa.open-in-view to disable this warning
2024-12-30T09:30:56.913+0700 INFO LiveReload server is running on port 35729
2024-12-30T09:30:56.921+0700 INFO Starting ProtocolHandler ["http-nio-8080"]
2024-12-30T09:30:56.924+0700 INFO Tomcat started on port 8080 (http) with context path ''
2024-12-30T09:30:56.928+0700 INFO Started Main in 1.976 seconds (process running for 1079.165)
2024-12-30T09:30:56.930+0700 INFO Condition evaluation unchanged
2024-12-30T09:30:58.340+0700 INFO Restarting due to 1 class path change (1 addition, 0 deletions, 0 modifications)
2024-12-30T09:30:58.342+0700 INFO Stopping ProtocolHandler ["http-nio-8080"]
2024-12-30T09:30:58.352+0700 INFO Closing JPA EntityManagerFactory for persistence unit 'default'
2024-12-30T09:30:58.353+0700 INFO HikariPool-2 - Shutdown initiated...
2024-12-30T09:30:58.360+0700 INFO HikariPool-2 - Shutdown completed.
2024-12-30T09:30:58.422+0700 INFO info message
2024-12-30T09:30:58.423+0700 ERROR info message
2024-12-30T09:30:58.460+0700 INFO Starting Main using Java 19.0.1 with PID 24068 (E:\MyJob\calendar_api\target\classes started by Тагир in E:\MyJob\calendar_api)
2024-12-30T09:30:58.461+0700 INFO No active profile set, falling back to 1 default profile: "default"
2024-12-30T09:30:58.589+0700 INFO Bootstrapping Spring Data JPA repositories in DEFAULT mode.
2024-12-30T09:30:58.619+0700 INFO Finished Spring Data repository scanning in 30 ms. Found 15 JPA repository interfaces.
2024-12-30T09:30:58.681+0700 INFO Tomcat initialized with port 8080 (http)
2024-12-30T09:30:58.682+0700 INFO Initializing ProtocolHandler ["http-nio-8080"]
2024-12-30T09:30:58.682+0700 INFO Starting service [Tomcat]
2024-12-30T09:30:58.682+0700 INFO Starting Servlet engine: [Apache Tomcat/10.1.18]
2024-12-30T09:30:58.695+0700 INFO Initializing Spring embedded WebApplicationContext
2024-12-30T09:30:58.695+0700 INFO Root WebApplicationContext: initialization completed in 231 ms
2024-12-30T09:30:58.720+0700 INFO HHH000204: Processing PersistenceUnitInfo [name: default]
2024-12-30T09:30:58.722+0700 INFO HHH000026: Second-level cache disabled
2024-12-30T09:30:58.724+0700 INFO No LoadTimeWeaver setup: ignoring JPA class transformer
2024-12-30T09:30:58.725+0700 INFO HikariPool-3 - Starting...
2024-12-30T09:30:58.748+0700 INFO HikariPool-3 - Added connection org.postgresql.jdbc.PgConnection@47585af0
2024-12-30T09:30:58.748+0700 INFO HikariPool-3 - Start completed.
2024-12-30T09:30:58.752+0700 WARN HHH90000025: PostgreSQLDialect does not need to be specified explicitly using 'hibernate.dialect' (remove the property setting and it will be selected by default)
2024-12-30T09:30:59.004+0700 INFO HHH000489: No JTA platform available (set 'hibernate.transaction.jta.platform' to enable JTA platform integration)
2024-12-30T09:30:59.288+0700 INFO Initialized JPA EntityManagerFactory for persistence unit 'default'
2024-12-30T09:30:59.608+0700 WARN spring.jpa.open-in-view is enabled by default. Therefore, database queries may be performed during view rendering. Explicitly configure spring.jpa.open-in-view to disable this warning
2024-12-30T09:31:00.127+0700 INFO LiveReload server is running on port 35729
2024-12-30T09:31:00.134+0700 INFO Starting ProtocolHandler ["http-nio-8080"]
2024-12-30T09:31:00.137+0700 INFO Tomcat started on port 8080 (http) with context path ''
2024-12-30T09:31:00.140+0700 INFO Started Main in 1.715 seconds (process running for 1082.376)
2024-12-30T09:31:00.141+0700 INFO Condition evaluation unchanged
2024-12-30T09:31:04.088+0700 INFO Initializing Spring DispatcherServlet 'dispatcherServlet'
2024-12-30T09:31:04.089+0700 INFO Initializing Servlet 'dispatcherServlet'
2024-12-30T09:31:04.090+0700 INFO Completed initialization in 1 ms
2024-12-30T09:31:04.170+0700 WARN Resolved [org.springframework.web.servlet.resource.NoResourceFoundException: No static resource favicon.ico.]
2024-12-30T09:31:08.232+0700 WARN Resolved [org.springframework.web.servlet.resource.NoResourceFoundException: No static resource favicon.ico.]
2024-12-30T09:54:37.801+0700 INFO Closing JPA EntityManagerFactory for persistence unit 'default'
2024-12-30T09:54:37.801+0700 INFO HikariPool-3 - Shutdown initiated...
2024-12-30T09:54:37.803+0700 INFO HikariPool-3 - Shutdown completed.
