2024-12-29T21:09:57.751+0700 INFO info message
2024-12-29T21:09:57.753+0700 ERROR info message
2024-12-29T21:09:57.826+0700 INFO info message
2024-12-29T21:09:57.826+0700 ERROR info message
2024-12-29T21:09:58.001+0700 INFO HV000001: Hibernate Validator 8.0.1.Final
2024-12-29T21:09:58.030+0700 INFO Starting Main using Java 19.0.1 with PID 28632 (E:\MyJob\calendar_api\target\classes started by Тагир in E:\MyJob\calendar_api)
2024-12-29T21:09:58.032+0700 INFO No active profile set, falling back to 1 default profile: "default"
2024-12-29T21:09:58.229+0700 INFO Devtools property defaults active! Set 'spring.devtools.add-properties' to 'false' to disable
2024-12-29T21:09:58.230+0700 INFO For additional web related logging consider setting the 'logging.level.web' property to 'DEBUG'
2024-12-29T21:09:58.660+0700 INFO Bootstrapping Spring Data JPA repositories in DEFAULT mode.
2024-12-29T21:09:58.740+0700 INFO Finished Spring Data repository scanning in 74 ms. Found 15 JPA repository interfaces.
2024-12-29T21:09:59.068+0700 INFO Tomcat initialized with port 8080 (http)
2024-12-29T21:09:59.075+0700 INFO Initializing ProtocolHandler ["http-nio-8080"]
2024-12-29T21:09:59.078+0700 INFO Starting service [Tomcat]
2024-12-29T21:09:59.078+0700 INFO Starting Servlet engine: [Apache Tomcat/10.1.18]
2024-12-29T21:09:59.125+0700 INFO Initializing Spring embedded WebApplicationContext
2024-12-29T21:09:59.126+0700 INFO Root WebApplicationContext: initialization completed in 894 ms
2024-12-29T21:09:59.216+0700 INFO HHH000204: Processing PersistenceUnitInfo [name: default]
2024-12-29T21:09:59.246+0700 INFO HHH000412: Hibernate ORM core version 6.4.1.Final
2024-12-29T21:09:59.265+0700 INFO HHH000026: Second-level cache disabled
2024-12-29T21:09:59.372+0700 INFO No LoadTimeWeaver setup: ignoring JPA class transformer
2024-12-29T21:09:59.389+0700 INFO HikariPool-1 - Starting...
2024-12-29T21:09:59.483+0700 INFO HikariPool-1 - Added connection org.postgresql.jdbc.PgConnection@e884bd0
2024-12-29T21:09:59.484+0700 INFO HikariPool-1 - Start completed.
2024-12-29T21:09:59.506+0700 WARN HHH90000025: PostgreSQLDialect does not need to be specified explicitly using 'hibernate.dialect' (remove the property setting and it will be selected by default)
2024-12-29T21:10:00.478+0700 INFO HHH000489: No JTA platform available (set 'hibernate.transaction.jta.platform' to enable JTA platform integration)
2024-12-29T21:10:00.800+0700 INFO Initialized JPA EntityManagerFactory for persistence unit 'default'
2024-12-29T21:10:01.383+0700 WARN spring.jpa.open-in-view is enabled by default. Therefore, database queries may be performed during view rendering. Explicitly configure spring.jpa.open-in-view to disable this warning
2024-12-29T21:10:01.991+0700 INFO LiveReload server is running on port 35729
2024-12-29T21:10:02.006+0700 INFO Starting ProtocolHandler ["http-nio-8080"]
2024-12-29T21:10:02.020+0700 INFO Tomcat started on port 8080 (http) with context path ''
2024-12-29T21:10:02.028+0700 INFO Started Main in 4.2 seconds (process running for 4.92)
2024-12-29T21:10:16.680+0700 INFO Initializing Spring DispatcherServlet 'dispatcherServlet'
2024-12-29T21:10:16.681+0700 INFO Initializing Servlet 'dispatcherServlet'
2024-12-29T21:10:16.682+0700 INFO Completed initialization in 1 ms
2024-12-29T21:10:18.586+0700 WARN Resolved [org.springframework.web.servlet.resource.NoResourceFoundException: No static resource favicon.ico.]
2024-12-29T21:14:05.764+0700 INFO Restarting due to 1 class path change (0 additions, 1 deletion, 0 modifications)
2024-12-29T21:14:05.768+0700 INFO Stopping ProtocolHandler ["http-nio-8080"]
2024-12-29T21:14:05.779+0700 INFO Closing JPA EntityManagerFactory for persistence unit 'default'
2024-12-29T21:14:05.781+0700 INFO HikariPool-1 - Shutdown initiated...
2024-12-29T21:14:05.783+0700 INFO HikariPool-1 - Shutdown completed.
2024-12-29T21:14:05.835+0700 INFO info message
2024-12-29T21:14:05.835+0700 ERROR info message
2024-12-29T21:14:05.884+0700 INFO Starting Main using Java 19.0.1 with PID 28632 (E:\MyJob\calendar_api\target\classes started by Тагир in E:\MyJob\calendar_api)
2024-12-29T21:14:05.884+0700 INFO No active profile set, falling back to 1 default profile: "default"
2024-12-29T21:14:06.025+0700 INFO Bootstrapping Spring Data JPA repositories in DEFAULT mode.
2024-12-29T21:14:06.053+0700 INFO Finished Spring Data repository scanning in 27 ms. Found 15 JPA repository interfaces.
2024-12-29T21:14:06.146+0700 INFO Tomcat initialized with port 8080 (http)
2024-12-29T21:14:06.148+0700 INFO Initializing ProtocolHandler ["http-nio-8080"]
2024-12-29T21:14:06.148+0700 INFO Starting service [Tomcat]
2024-12-29T21:14:06.148+0700 INFO Starting Servlet engine: [Apache Tomcat/10.1.18]
2024-12-29T21:14:06.163+0700 INFO Initializing Spring embedded WebApplicationContext
2024-12-29T21:14:06.165+0700 INFO Root WebApplicationContext: initialization completed in 276 ms
2024-12-29T21:14:06.198+0700 INFO HHH000204: Processing PersistenceUnitInfo [name: default]
2024-12-29T21:14:06.200+0700 INFO HHH000026: Second-level cache disabled
2024-12-29T21:14:06.203+0700 INFO No LoadTimeWeaver setup: ignoring JPA class transformer
2024-12-29T21:14:06.204+0700 INFO HikariPool-2 - Starting...
2024-12-29T21:14:06.232+0700 INFO HikariPool-2 - Added connection org.postgresql.jdbc.PgConnection@3884225b
2024-12-29T21:14:06.233+0700 INFO HikariPool-2 - Start completed.
2024-12-29T21:14:06.239+0700 WARN HHH90000025: PostgreSQLDialect does not need to be specified explicitly using 'hibernate.dialect' (remove the property setting and it will be selected by default)
2024-12-29T21:14:06.607+0700 INFO HHH000489: No JTA platform available (set 'hibernate.transaction.jta.platform' to enable JTA platform integration)
2024-12-29T21:14:06.901+0700 INFO Initialized JPA EntityManagerFactory for persistence unit 'default'
2024-12-29T21:14:07.314+0700 WARN spring.jpa.open-in-view is enabled by default. Therefore, database queries may be performed during view rendering. Explicitly configure spring.jpa.open-in-view to disable this warning
2024-12-29T21:14:07.822+0700 INFO LiveReload server is running on port 35729
2024-12-29T21:14:07.834+0700 INFO Starting ProtocolHandler ["http-nio-8080"]
2024-12-29T21:14:07.836+0700 INFO Tomcat started on port 8080 (http) with context path ''
2024-12-29T21:14:07.840+0700 INFO Started Main in 2.002 seconds (process running for 250.731)
2024-12-29T21:14:07.842+0700 INFO Condition evaluation unchanged
2024-12-29T21:14:09.259+0700 INFO Restarting due to 1 class path change (1 addition, 0 deletions, 0 modifications)
2024-12-29T21:14:09.261+0700 INFO Stopping ProtocolHandler ["http-nio-8080"]
2024-12-29T21:14:09.275+0700 INFO Closing JPA EntityManagerFactory for persistence unit 'default'
2024-12-29T21:14:09.276+0700 INFO HikariPool-2 - Shutdown initiated...
2024-12-29T21:14:09.280+0700 INFO HikariPool-2 - Shutdown completed.
2024-12-29T21:14:09.336+0700 INFO info message
2024-12-29T21:14:09.336+0700 ERROR info message
2024-12-29T21:14:09.390+0700 INFO Starting Main using Java 19.0.1 with PID 28632 (E:\MyJob\calendar_api\target\classes started by Тагир in E:\MyJob\calendar_api)
2024-12-29T21:14:09.391+0700 INFO No active profile set, falling back to 1 default profile: "default"
2024-12-29T21:14:09.565+0700 INFO Bootstrapping Spring Data JPA repositories in DEFAULT mode.
2024-12-29T21:14:09.599+0700 INFO Finished Spring Data repository scanning in 33 ms. Found 15 JPA repository interfaces.
2024-12-29T21:14:09.695+0700 INFO Tomcat initialized with port 8080 (http)
2024-12-29T21:14:09.696+0700 INFO Initializing ProtocolHandler ["http-nio-8080"]
2024-12-29T21:14:09.696+0700 INFO Starting service [Tomcat]
2024-12-29T21:14:09.696+0700 INFO Starting Servlet engine: [Apache Tomcat/10.1.18]
2024-12-29T21:14:09.715+0700 INFO Initializing Spring embedded WebApplicationContext
2024-12-29T21:14:09.715+0700 INFO Root WebApplicationContext: initialization completed in 322 ms
2024-12-29T21:14:09.754+0700 INFO HHH000204: Processing PersistenceUnitInfo [name: default]
2024-12-29T21:14:09.757+0700 INFO HHH000026: Second-level cache disabled
2024-12-29T21:14:09.759+0700 INFO No LoadTimeWeaver setup: ignoring JPA class transformer
2024-12-29T21:14:09.760+0700 INFO HikariPool-3 - Starting...
2024-12-29T21:14:09.785+0700 INFO HikariPool-3 - Added connection org.postgresql.jdbc.PgConnection@6aa05f4
2024-12-29T21:14:09.785+0700 INFO HikariPool-3 - Start completed.
2024-12-29T21:14:09.789+0700 WARN HHH90000025: PostgreSQLDialect does not need to be specified explicitly using 'hibernate.dialect' (remove the property setting and it will be selected by default)
2024-12-29T21:14:10.201+0700 INFO HHH000489: No JTA platform available (set 'hibernate.transaction.jta.platform' to enable JTA platform integration)
2024-12-29T21:14:10.443+0700 INFO Initialized JPA EntityManagerFactory for persistence unit 'default'
2024-12-29T21:14:10.902+0700 WARN spring.jpa.open-in-view is enabled by default. Therefore, database queries may be performed during view rendering. Explicitly configure spring.jpa.open-in-view to disable this warning
2024-12-29T21:14:11.383+0700 INFO LiveReload server is running on port 35729
2024-12-29T21:14:11.394+0700 INFO Starting ProtocolHandler ["http-nio-8080"]
2024-12-29T21:14:11.396+0700 INFO Tomcat started on port 8080 (http) with context path ''
2024-12-29T21:14:11.400+0700 INFO Started Main in 2.058 seconds (process running for 254.292)
2024-12-29T21:14:11.402+0700 INFO Condition evaluation unchanged
2024-12-29T21:14:25.886+0700 INFO Closing JPA EntityManagerFactory for persistence unit 'default'
2024-12-29T21:14:25.886+0700 INFO HikariPool-3 - Shutdown initiated...
2024-12-29T21:14:25.887+0700 INFO HikariPool-3 - Shutdown completed.
