2024-12-29T17:54:21.902+0700 INFO info message
2024-12-29T17:54:21.905+0700 ERROR info message
2024-12-29T17:54:21.980+0700 INFO info message
2024-12-29T17:54:21.980+0700 ERROR info message
2024-12-29T17:54:22.172+0700 INFO HV000001: Hibernate Validator 8.0.1.Final
2024-12-29T17:54:22.200+0700 INFO Starting Main using Java 19.0.1 with PID 25432 (E:\MyJob\calendar_api\target\classes started by Тагир in E:\MyJob\calendar_api)
2024-12-29T17:54:22.203+0700 INFO No active profile set, falling back to 1 default profile: "default"
2024-12-29T17:54:22.397+0700 INFO Devtools property defaults active! Set 'spring.devtools.add-properties' to 'false' to disable
2024-12-29T17:54:22.398+0700 INFO For additional web related logging consider setting the 'logging.level.web' property to 'DEBUG'
2024-12-29T17:54:22.857+0700 INFO Bootstrapping Spring Data JPA repositories in DEFAULT mode.
2024-12-29T17:54:22.918+0700 INFO Finished Spring Data repository scanning in 56 ms. Found 15 JPA repository interfaces.
2024-12-29T17:54:23.248+0700 INFO Tomcat initialized with port 8080 (http)
2024-12-29T17:54:23.255+0700 INFO Initializing ProtocolHandler ["http-nio-8080"]
2024-12-29T17:54:23.256+0700 INFO Starting service [Tomcat]
2024-12-29T17:54:23.257+0700 INFO Starting Servlet engine: [Apache Tomcat/10.1.18]
2024-12-29T17:54:23.287+0700 INFO Initializing Spring embedded WebApplicationContext
2024-12-29T17:54:23.287+0700 INFO Root WebApplicationContext: initialization completed in 887 ms
2024-12-29T17:54:23.391+0700 INFO HHH000204: Processing PersistenceUnitInfo [name: default]
2024-12-29T17:54:23.439+0700 INFO HHH000412: Hibernate ORM core version 6.4.1.Final
2024-12-29T17:54:23.463+0700 INFO HHH000026: Second-level cache disabled
2024-12-29T17:54:23.561+0700 INFO No LoadTimeWeaver setup: ignoring JPA class transformer
2024-12-29T17:54:23.579+0700 INFO HikariPool-1 - Starting...
2024-12-29T17:54:23.662+0700 INFO HikariPool-1 - Added connection org.postgresql.jdbc.PgConnection@44fbc441
2024-12-29T17:54:23.663+0700 INFO HikariPool-1 - Start completed.
2024-12-29T17:54:23.680+0700 WARN HHH90000025: PostgreSQLDialect does not need to be specified explicitly using 'hibernate.dialect' (remove the property setting and it will be selected by default)
2024-12-29T17:54:24.602+0700 INFO HHH000489: No JTA platform available (set 'hibernate.transaction.jta.platform' to enable JTA platform integration)
2024-12-29T17:54:24.766+0700 WARN SQL Warning Code: 0, SQLState: 00000
2024-12-29T17:54:24.766+0700 WARN constraint "uk_ko0jact2fkf2dmwvdi7w5ssnb" of relation "roads_task_additional_design_departments_schedules" does not exist, skipping
2024-12-29T17:54:24.771+0700 WARN SQL Warning Code: 0, SQLState: 00000
2024-12-29T17:54:24.771+0700 WARN constraint "uk_b1wokfn1ld37mwq9f8pirsvkg" of relation "roads_task_main_design_departments_schedules" does not exist, skipping
2024-12-29T17:54:24.776+0700 WARN SQL Warning Code: 0, SQLState: 00000
2024-12-29T17:54:24.777+0700 WARN constraint "uk_k4xcj3y61oqbqyqefl7obi761" of relation "roads_workload_departments" does not exist, skipping
2024-12-29T17:54:24.807+0700 INFO Initialized JPA EntityManagerFactory for persistence unit 'default'
2024-12-29T17:54:25.389+0700 WARN spring.jpa.open-in-view is enabled by default. Therefore, database queries may be performed during view rendering. Explicitly configure spring.jpa.open-in-view to disable this warning
2024-12-29T17:54:25.969+0700 INFO LiveReload server is running on port 35729
2024-12-29T17:54:25.981+0700 INFO Starting ProtocolHandler ["http-nio-8080"]
2024-12-29T17:54:25.995+0700 INFO Tomcat started on port 8080 (http) with context path ''
2024-12-29T17:54:26.003+0700 INFO Started Main in 4.02 seconds (process running for 4.779)
2024-12-29T17:54:30.319+0700 INFO Initializing Spring DispatcherServlet 'dispatcherServlet'
2024-12-29T17:54:30.319+0700 INFO Initializing Servlet 'dispatcherServlet'
2024-12-29T17:54:30.320+0700 INFO Completed initialization in 1 ms
2024-12-29T17:54:30.897+0700 WARN Resolved [org.springframework.web.servlet.resource.NoResourceFoundException: No static resource favicon.ico.]
2024-12-29T17:54:32.282+0700 WARN Resolved [org.springframework.web.servlet.resource.NoResourceFoundException: No static resource favicon.ico.]
2024-12-29T17:54:33.187+0700 WARN Resolved [org.springframework.web.servlet.resource.NoResourceFoundException: No static resource favicon.ico.]
2024-12-29T17:54:50.081+0700 WARN Resolved [org.springframework.web.servlet.resource.NoResourceFoundException: No static resource favicon.ico.]
2024-12-29T17:54:51.334+0700 WARN Resolved [org.springframework.web.servlet.resource.NoResourceFoundException: No static resource favicon.ico.]
2024-12-29T17:58:19.491+0700 INFO Restarting due to 1 class path change (0 additions, 1 deletion, 0 modifications)
2024-12-29T17:58:19.495+0700 INFO Stopping ProtocolHandler ["http-nio-8080"]
2024-12-29T17:58:19.505+0700 INFO Closing JPA EntityManagerFactory for persistence unit 'default'
2024-12-29T17:58:19.507+0700 INFO HikariPool-1 - Shutdown initiated...
2024-12-29T17:58:19.510+0700 INFO HikariPool-1 - Shutdown completed.
2024-12-29T17:58:19.578+0700 INFO info message
2024-12-29T17:58:19.578+0700 ERROR info message
2024-12-29T17:58:19.613+0700 INFO Starting Main using Java 19.0.1 with PID 25432 (E:\MyJob\calendar_api\target\classes started by Тагир in E:\MyJob\calendar_api)
2024-12-29T17:58:19.614+0700 INFO No active profile set, falling back to 1 default profile: "default"
2024-12-29T17:58:19.748+0700 INFO Bootstrapping Spring Data JPA repositories in DEFAULT mode.
2024-12-29T17:58:19.778+0700 INFO Finished Spring Data repository scanning in 30 ms. Found 15 JPA repository interfaces.
2024-12-29T17:58:19.868+0700 INFO Tomcat initialized with port 8080 (http)
2024-12-29T17:58:19.869+0700 INFO Initializing ProtocolHandler ["http-nio-8080"]
2024-12-29T17:58:19.870+0700 INFO Starting service [Tomcat]
2024-12-29T17:58:19.870+0700 INFO Starting Servlet engine: [Apache Tomcat/10.1.18]
2024-12-29T17:58:19.885+0700 INFO Initializing Spring embedded WebApplicationContext
2024-12-29T17:58:19.886+0700 INFO Root WebApplicationContext: initialization completed in 271 ms
2024-12-29T17:58:19.921+0700 INFO HHH000204: Processing PersistenceUnitInfo [name: default]
2024-12-29T17:58:19.924+0700 INFO HHH000026: Second-level cache disabled
2024-12-29T17:58:19.926+0700 INFO No LoadTimeWeaver setup: ignoring JPA class transformer
2024-12-29T17:58:19.927+0700 INFO HikariPool-2 - Starting...
2024-12-29T17:58:19.955+0700 INFO HikariPool-2 - Added connection org.postgresql.jdbc.PgConnection@6073196c
2024-12-29T17:58:19.955+0700 INFO HikariPool-2 - Start completed.
2024-12-29T17:58:19.961+0700 WARN HHH90000025: PostgreSQLDialect does not need to be specified explicitly using 'hibernate.dialect' (remove the property setting and it will be selected by default)
2024-12-29T17:58:20.325+0700 INFO HHH000489: No JTA platform available (set 'hibernate.transaction.jta.platform' to enable JTA platform integration)
2024-12-29T17:58:20.632+0700 INFO Initialized JPA EntityManagerFactory for persistence unit 'default'
2024-12-29T17:58:20.999+0700 WARN spring.jpa.open-in-view is enabled by default. Therefore, database queries may be performed during view rendering. Explicitly configure spring.jpa.open-in-view to disable this warning
2024-12-29T17:58:21.703+0700 INFO LiveReload server is running on port 35729
2024-12-29T17:58:21.715+0700 INFO Starting ProtocolHandler ["http-nio-8080"]
2024-12-29T17:58:21.718+0700 INFO Tomcat started on port 8080 (http) with context path ''
2024-12-29T17:58:21.722+0700 INFO Started Main in 2.141 seconds (process running for 240.498)
2024-12-29T17:58:21.725+0700 INFO Condition evaluation unchanged
2024-12-29T17:58:23.150+0700 INFO Restarting due to 1 class path change (1 addition, 0 deletions, 0 modifications)
2024-12-29T17:58:23.151+0700 INFO Stopping ProtocolHandler ["http-nio-8080"]
2024-12-29T17:58:23.160+0700 INFO Closing JPA EntityManagerFactory for persistence unit 'default'
2024-12-29T17:58:23.161+0700 INFO HikariPool-2 - Shutdown initiated...
2024-12-29T17:58:23.163+0700 INFO HikariPool-2 - Shutdown completed.
2024-12-29T17:58:23.228+0700 INFO info message
2024-12-29T17:58:23.228+0700 ERROR info message
2024-12-29T17:58:23.258+0700 INFO Starting Main using Java 19.0.1 with PID 25432 (E:\MyJob\calendar_api\target\classes started by Тагир in E:\MyJob\calendar_api)
2024-12-29T17:58:23.259+0700 INFO No active profile set, falling back to 1 default profile: "default"
2024-12-29T17:58:23.366+0700 INFO Bootstrapping Spring Data JPA repositories in DEFAULT mode.
2024-12-29T17:58:23.389+0700 INFO Finished Spring Data repository scanning in 23 ms. Found 15 JPA repository interfaces.
2024-12-29T17:58:23.457+0700 INFO Tomcat initialized with port 8080 (http)
2024-12-29T17:58:23.457+0700 INFO Initializing ProtocolHandler ["http-nio-8080"]
2024-12-29T17:58:23.458+0700 INFO Starting service [Tomcat]
2024-12-29T17:58:23.458+0700 INFO Starting Servlet engine: [Apache Tomcat/10.1.18]
2024-12-29T17:58:23.476+0700 INFO Initializing Spring embedded WebApplicationContext
2024-12-29T17:58:23.476+0700 INFO Root WebApplicationContext: initialization completed in 216 ms
2024-12-29T17:58:23.510+0700 INFO HHH000204: Processing PersistenceUnitInfo [name: default]
2024-12-29T17:58:23.511+0700 INFO HHH000026: Second-level cache disabled
2024-12-29T17:58:23.514+0700 INFO No LoadTimeWeaver setup: ignoring JPA class transformer
2024-12-29T17:58:23.515+0700 INFO HikariPool-3 - Starting...
2024-12-29T17:58:23.540+0700 INFO HikariPool-3 - Added connection org.postgresql.jdbc.PgConnection@27a6ec9
2024-12-29T17:58:23.540+0700 INFO HikariPool-3 - Start completed.
2024-12-29T17:58:23.546+0700 WARN HHH90000025: PostgreSQLDialect does not need to be specified explicitly using 'hibernate.dialect' (remove the property setting and it will be selected by default)
2024-12-29T17:58:23.740+0700 INFO HHH000489: No JTA platform available (set 'hibernate.transaction.jta.platform' to enable JTA platform integration)
2024-12-29T17:58:23.979+0700 INFO Initialized JPA EntityManagerFactory for persistence unit 'default'
2024-12-29T17:58:24.269+0700 WARN spring.jpa.open-in-view is enabled by default. Therefore, database queries may be performed during view rendering. Explicitly configure spring.jpa.open-in-view to disable this warning
2024-12-29T17:58:24.641+0700 INFO LiveReload server is running on port 35729
2024-12-29T17:58:24.649+0700 INFO Starting ProtocolHandler ["http-nio-8080"]
2024-12-29T17:58:24.651+0700 INFO Tomcat started on port 8080 (http) with context path ''
2024-12-29T17:58:24.655+0700 INFO Started Main in 1.424 seconds (process running for 243.43)
2024-12-29T17:58:24.655+0700 INFO Condition evaluation unchanged
2024-12-29T17:59:30.060+0700 INFO Initializing Spring DispatcherServlet 'dispatcherServlet'
2024-12-29T17:59:30.060+0700 INFO Initializing Servlet 'dispatcherServlet'
2024-12-29T17:59:30.063+0700 INFO Completed initialization in 3 ms
2024-12-29T17:59:30.717+0700 WARN Resolved [org.springframework.web.servlet.resource.NoResourceFoundException: No static resource favicon.ico.]
2024-12-29T17:59:31.782+0700 WARN Resolved [org.springframework.web.servlet.resource.NoResourceFoundException: No static resource favicon.ico.]
2024-12-29T17:59:49.326+0700 WARN Resolved [org.springframework.web.servlet.resource.NoResourceFoundException: No static resource favicon.ico.]
2024-12-29T18:00:25.387+0700 WARN Resolved [org.springframework.web.servlet.resource.NoResourceFoundException: No static resource favicon.ico.]
2024-12-29T18:00:43.018+0700 WARN Resolved [org.springframework.web.servlet.resource.NoResourceFoundException: No static resource favicon.ico.]
2024-12-29T18:00:44.235+0700 WARN Resolved [org.springframework.web.servlet.resource.NoResourceFoundException: No static resource favicon.ico.]
2024-12-29T18:16:32.127+0700 WARN Resolved [org.springframework.web.servlet.resource.NoResourceFoundException: No static resource favicon.ico.]
2024-12-29T18:16:33.492+0700 WARN Resolved [org.springframework.web.servlet.resource.NoResourceFoundException: No static resource favicon.ico.]
2024-12-29T18:16:55.609+0700 WARN Resolved [org.springframework.web.servlet.resource.NoResourceFoundException: No static resource favicon.ico.]
2024-12-29T18:16:57.099+0700 WARN Resolved [org.springframework.web.servlet.resource.NoResourceFoundException: No static resource favicon.ico.]
2024-12-29T18:17:16.196+0700 WARN Resolved [org.springframework.web.servlet.resource.NoResourceFoundException: No static resource favicon.ico.]
2024-12-29T18:17:17.150+0700 WARN Resolved [org.springframework.web.servlet.resource.NoResourceFoundException: No static resource favicon.ico.]
2024-12-29T18:17:29.663+0700 WARN Resolved [org.springframework.web.servlet.resource.NoResourceFoundException: No static resource favicon.ico.]
2024-12-29T18:17:30.980+0700 WARN Resolved [org.springframework.web.servlet.resource.NoResourceFoundException: No static resource favicon.ico.]
2024-12-29T18:17:42.322+0700 WARN Resolved [org.springframework.web.servlet.resource.NoResourceFoundException: No static resource favicon.ico.]
2024-12-29T18:17:43.563+0700 WARN Resolved [org.springframework.web.servlet.resource.NoResourceFoundException: No static resource favicon.ico.]
2024-12-29T18:17:55.211+0700 WARN Resolved [org.springframework.web.servlet.resource.NoResourceFoundException: No static resource favicon.ico.]
2024-12-29T18:17:56.575+0700 WARN Resolved [org.springframework.web.servlet.resource.NoResourceFoundException: No static resource favicon.ico.]
2024-12-29T18:18:56.486+0700 WARN Resolved [org.springframework.web.servlet.resource.NoResourceFoundException: No static resource favicon.ico.]
2024-12-29T18:42:58.149+0700 INFO Closing JPA EntityManagerFactory for persistence unit 'default'
2024-12-29T18:42:58.149+0700 INFO HikariPool-3 - Shutdown initiated...
2024-12-29T18:42:58.151+0700 INFO HikariPool-3 - Shutdown completed.
