2024-11-24T13:27:37.953+0700 INFO info message
2024-11-24T13:27:37.956+0700 ERROR info message
2024-11-24T13:27:38.093+0700 INFO info message
2024-11-24T13:27:38.093+0700 ERROR info message
2024-11-24T13:27:38.360+0700 INFO HV000001: Hibernate Validator 8.0.1.Final
2024-11-24T13:27:38.401+0700 INFO Starting Main using Java 19.0.1 with PID 7032 (E:\MyJob\calendar_api\target\classes started by Тагир in E:\MyJob\calendar_api)
2024-11-24T13:27:38.403+0700 INFO No active profile set, falling back to 1 default profile: "default"
2024-11-24T13:27:38.620+0700 INFO Devtools property defaults active! Set 'spring.devtools.add-properties' to 'false' to disable
2024-11-24T13:27:38.620+0700 INFO For additional web related logging consider setting the 'logging.level.web' property to 'DEBUG'
2024-11-24T13:27:39.240+0700 INFO Bootstrapping Spring Data JPA repositories in DEFAULT mode.
2024-11-24T13:27:39.317+0700 INFO Finished Spring Data repository scanning in 71 ms. Found 15 JPA repository interfaces.
2024-11-24T13:27:39.810+0700 INFO Tomcat initialized with port 8080 (http)
2024-11-24T13:27:39.819+0700 INFO Initializing ProtocolHandler ["http-nio-8080"]
2024-11-24T13:27:39.821+0700 INFO Starting service [Tomcat]
2024-11-24T13:27:39.822+0700 INFO Starting Servlet engine: [Apache Tomcat/10.1.18]
2024-11-24T13:27:39.877+0700 INFO Initializing Spring embedded WebApplicationContext
2024-11-24T13:27:39.877+0700 INFO Root WebApplicationContext: initialization completed in 1256 ms
2024-11-24T13:27:39.913+0700 INFO HikariPool-1 - Starting...
2024-11-24T13:27:40.030+0700 INFO HikariPool-1 - Added connection conn0: url=jdbc:h2:mem:testdb user=SA
2024-11-24T13:27:40.031+0700 INFO HikariPool-1 - Start completed.
2024-11-24T13:27:40.042+0700 INFO H2 console available at '/h2-console'. Database available at 'jdbc:h2:mem:testdb'
2024-11-24T13:27:40.136+0700 INFO HHH000204: Processing PersistenceUnitInfo [name: default]
2024-11-24T13:27:40.197+0700 INFO HHH000412: Hibernate ORM core version 6.4.1.Final
2024-11-24T13:27:40.231+0700 INFO HHH000026: Second-level cache disabled
2024-11-24T13:27:40.422+0700 INFO No LoadTimeWeaver setup: ignoring JPA class transformer
2024-11-24T13:27:40.453+0700 WARN HHH90000025: H2Dialect does not need to be specified explicitly using 'hibernate.dialect' (remove the property setting and it will be selected by default)
2024-11-24T13:27:41.584+0700 INFO HHH000489: No JTA platform available (set 'hibernate.transaction.jta.platform' to enable JTA platform integration)
2024-11-24T13:27:41.720+0700 INFO Initialized JPA EntityManagerFactory for persistence unit 'default'
2024-11-24T13:27:42.392+0700 WARN spring.jpa.open-in-view is enabled by default. Therefore, database queries may be performed during view rendering. Explicitly configure spring.jpa.open-in-view to disable this warning
2024-11-24T13:27:43.140+0700 INFO LiveReload server is running on port 35729
2024-11-24T13:27:43.182+0700 INFO Starting ProtocolHandler ["http-nio-8080"]
2024-11-24T13:27:43.211+0700 INFO Tomcat started on port 8080 (http) with context path ''
2024-11-24T13:27:43.227+0700 INFO Started Main in 5.13 seconds (process running for 6.319)
2024-11-24T13:28:23.984+0700 INFO Initializing Spring DispatcherServlet 'dispatcherServlet'
2024-11-24T13:28:23.984+0700 INFO Initializing Servlet 'dispatcherServlet'
2024-11-24T13:28:23.985+0700 INFO Completed initialization in 1 ms
2024-11-24T13:28:25.489+0700 WARN Resolved [org.springframework.web.servlet.resource.NoResourceFoundException: No static resource favicon.ico.]
2024-11-24T13:28:26.770+0700 WARN Resolved [org.springframework.web.servlet.resource.NoResourceFoundException: No static resource favicon.ico.]
2024-11-24T13:28:39.915+0700 WARN Resolved [org.springframework.web.servlet.resource.NoResourceFoundException: No static resource favicon.ico.]
2024-11-24T13:28:52.578+0700 WARN Resolved [org.springframework.web.servlet.resource.NoResourceFoundException: No static resource favicon.ico.]
2024-11-24T13:28:56.517+0700 WARN Resolved [org.springframework.web.servlet.resource.NoResourceFoundException: No static resource favicon.ico.]
2024-11-24T13:29:43.085+0700 WARN Resolved [org.springframework.web.servlet.resource.NoResourceFoundException: No static resource favicon.ico.]
2024-11-24T13:29:57.885+0700 WARN Resolved [org.springframework.web.servlet.resource.NoResourceFoundException: No static resource favicon.ico.]
2024-11-24T13:30:33.968+0700 INFO Closing JPA EntityManagerFactory for persistence unit 'default'
2024-11-24T13:30:33.975+0700 WARN Invocation of destroy method failed on bean with name 'inMemoryDatabaseShutdownExecutor': org.h2.jdbc.JdbcSQLNonTransientConnectionException: База данных уже закрыта (чтобы отключить автоматическое закрытие базы данных при останове JVM, добавьте ";DB_CLOSE_ON_EXIT=FALSE" в URL)
Database is already closed (to disable automatic closing at VM shutdown, add ";DB_CLOSE_ON_EXIT=FALSE" to the db URL) [90121-224]
2024-11-24T13:30:33.975+0700 INFO HikariPool-1 - Shutdown initiated...
2024-11-24T13:30:33.977+0700 INFO HikariPool-1 - Shutdown completed.
