2024-12-29T22:49:11.840+0700 INFO info message
2024-12-29T22:49:11.842+0700 ERROR info message
2024-12-29T22:49:11.919+0700 INFO info message
2024-12-29T22:49:11.919+0700 ERROR info message
2024-12-29T22:49:12.092+0700 INFO HV000001: Hibernate Validator 8.0.1.Final
2024-12-29T22:49:12.115+0700 INFO Starting Main using Java 19.0.1 with PID 28592 (E:\MyJob\calendar_api\target\classes started by Тагир in E:\MyJob\calendar_api)
2024-12-29T22:49:12.117+0700 INFO No active profile set, falling back to 1 default profile: "default"
2024-12-29T22:49:12.295+0700 INFO Devtools property defaults active! Set 'spring.devtools.add-properties' to 'false' to disable
2024-12-29T22:49:12.296+0700 INFO For additional web related logging consider setting the 'logging.level.web' property to 'DEBUG'
2024-12-29T22:49:12.705+0700 INFO Bootstrapping Spring Data JPA repositories in DEFAULT mode.
2024-12-29T22:49:12.752+0700 INFO Finished Spring Data repository scanning in 42 ms. Found 15 JPA repository interfaces.
2024-12-29T22:49:13.156+0700 INFO Tomcat initialized with port 8080 (http)
2024-12-29T22:49:13.162+0700 INFO Initializing ProtocolHandler ["http-nio-8080"]
2024-12-29T22:49:13.163+0700 INFO Starting service [Tomcat]
2024-12-29T22:49:13.164+0700 INFO Starting Servlet engine: [Apache Tomcat/10.1.18]
2024-12-29T22:49:13.244+0700 INFO Initializing Spring embedded WebApplicationContext
2024-12-29T22:49:13.245+0700 INFO Root WebApplicationContext: initialization completed in 947 ms
2024-12-29T22:49:13.340+0700 INFO HHH000204: Processing PersistenceUnitInfo [name: default]
2024-12-29T22:49:13.373+0700 INFO HHH000412: Hibernate ORM core version 6.4.1.Final
2024-12-29T22:49:13.388+0700 INFO HHH000026: Second-level cache disabled
2024-12-29T22:49:13.464+0700 INFO No LoadTimeWeaver setup: ignoring JPA class transformer
2024-12-29T22:49:13.476+0700 INFO HikariPool-1 - Starting...
2024-12-29T22:49:13.543+0700 INFO HikariPool-1 - Added connection org.postgresql.jdbc.PgConnection@6825732
2024-12-29T22:49:13.544+0700 INFO HikariPool-1 - Start completed.
2024-12-29T22:49:13.562+0700 WARN HHH90000025: PostgreSQLDialect does not need to be specified explicitly using 'hibernate.dialect' (remove the property setting and it will be selected by default)
2024-12-29T22:49:14.487+0700 INFO HHH000489: No JTA platform available (set 'hibernate.transaction.jta.platform' to enable JTA platform integration)
2024-12-29T22:49:14.751+0700 INFO Initialized JPA EntityManagerFactory for persistence unit 'default'
2024-12-29T22:49:15.364+0700 WARN spring.jpa.open-in-view is enabled by default. Therefore, database queries may be performed during view rendering. Explicitly configure spring.jpa.open-in-view to disable this warning
2024-12-29T22:49:15.984+0700 INFO LiveReload server is running on port 35729
2024-12-29T22:49:15.997+0700 INFO Starting ProtocolHandler ["http-nio-8080"]
2024-12-29T22:49:16.006+0700 INFO Tomcat started on port 8080 (http) with context path ''
2024-12-29T22:49:16.013+0700 INFO Started Main in 4.091 seconds (process running for 4.809)
2024-12-29T22:49:20.998+0700 INFO Initializing Spring DispatcherServlet 'dispatcherServlet'
2024-12-29T22:49:20.998+0700 INFO Initializing Servlet 'dispatcherServlet'
2024-12-29T22:49:21.000+0700 INFO Completed initialization in 2 ms
2024-12-29T22:49:21.110+0700 WARN Resolved [org.springframework.web.servlet.resource.NoResourceFoundException: No static resource favicon.ico.]
2024-12-29T22:49:24.049+0700 WARN Resolved [org.springframework.web.servlet.resource.NoResourceFoundException: No static resource favicon.ico.]
2024-12-29T22:51:19.626+0700 INFO Closing JPA EntityManagerFactory for persistence unit 'default'
2024-12-29T22:51:19.628+0700 INFO HikariPool-1 - Shutdown initiated...
2024-12-29T22:51:19.631+0700 INFO HikariPool-1 - Shutdown completed.
