2024-12-28T21:57:42.686+0700 INFO info message
2024-12-28T21:57:42.689+0700 ERROR info message
2024-12-28T21:57:42.777+0700 INFO info message
2024-12-28T21:57:42.778+0700 ERROR info message
2024-12-28T21:57:42.954+0700 INFO HV000001: Hibernate Validator 8.0.1.Final
2024-12-28T21:57:42.977+0700 INFO Starting Main using Java 19.0.1 with PID 22568 (E:\MyJob\calendar_api\target\classes started by Тагир in E:\MyJob\calendar_api)
2024-12-28T21:57:42.979+0700 INFO No active profile set, falling back to 1 default profile: "default"
2024-12-28T21:57:43.169+0700 INFO Devtools property defaults active! Set 'spring.devtools.add-properties' to 'false' to disable
2024-12-28T21:57:43.169+0700 INFO For additional web related logging consider setting the 'logging.level.web' property to 'DEBUG'
2024-12-28T21:57:43.662+0700 INFO Bootstrapping Spring Data JPA repositories in DEFAULT mode.
2024-12-28T21:57:43.722+0700 INFO Finished Spring Data repository scanning in 54 ms. Found 15 JPA repository interfaces.
2024-12-28T21:57:44.055+0700 INFO Tomcat initialized with port 8080 (http)
2024-12-28T21:57:44.064+0700 INFO Initializing ProtocolHandler ["http-nio-8080"]
2024-12-28T21:57:44.065+0700 INFO Starting service [Tomcat]
2024-12-28T21:57:44.065+0700 INFO Starting Servlet engine: [Apache Tomcat/10.1.18]
2024-12-28T21:57:44.099+0700 INFO Initializing Spring embedded WebApplicationContext
2024-12-28T21:57:44.099+0700 INFO Root WebApplicationContext: initialization completed in 928 ms
2024-12-28T21:57:44.134+0700 INFO HikariPool-1 - Starting...
2024-12-28T21:57:44.243+0700 INFO HikariPool-1 - Added connection conn0: url=jdbc:h2:mem:testdb user=SA
2024-12-28T21:57:44.244+0700 INFO HikariPool-1 - Start completed.
2024-12-28T21:57:44.253+0700 INFO H2 console available at '/h2-console'. Database available at 'jdbc:h2:mem:testdb'
2024-12-28T21:57:44.335+0700 INFO HHH000204: Processing PersistenceUnitInfo [name: default]
2024-12-28T21:57:44.369+0700 INFO HHH000412: Hibernate ORM core version 6.4.1.Final
2024-12-28T21:57:44.389+0700 INFO HHH000026: Second-level cache disabled
2024-12-28T21:57:44.496+0700 INFO No LoadTimeWeaver setup: ignoring JPA class transformer
2024-12-28T21:57:44.515+0700 WARN HHH90000025: H2Dialect does not need to be specified explicitly using 'hibernate.dialect' (remove the property setting and it will be selected by default)
2024-12-28T21:57:45.381+0700 INFO HHH000489: No JTA platform available (set 'hibernate.transaction.jta.platform' to enable JTA platform integration)
2024-12-28T21:57:45.489+0700 INFO Initialized JPA EntityManagerFactory for persistence unit 'default'
2024-12-28T21:57:46.057+0700 WARN spring.jpa.open-in-view is enabled by default. Therefore, database queries may be performed during view rendering. Explicitly configure spring.jpa.open-in-view to disable this warning
2024-12-28T21:57:46.434+0700 INFO LiveReload server is running on port 35729
2024-12-28T21:57:46.448+0700 INFO Starting ProtocolHandler ["http-nio-8080"]
2024-12-28T21:57:46.457+0700 INFO Tomcat started on port 8080 (http) with context path ''
2024-12-28T21:57:46.462+0700 INFO Started Main in 3.681 seconds (process running for 4.43)
2024-12-28T21:57:54.688+0700 INFO Initializing Spring DispatcherServlet 'dispatcherServlet'
2024-12-28T21:57:54.688+0700 INFO Initializing Servlet 'dispatcherServlet'
2024-12-28T21:57:54.689+0700 INFO Completed initialization in 1 ms
2024-12-28T21:57:55.481+0700 WARN Resolved [org.springframework.web.servlet.resource.NoResourceFoundException: No static resource favicon.ico.]
2024-12-28T21:57:56.683+0700 WARN Resolved [org.springframework.web.servlet.resource.NoResourceFoundException: No static resource favicon.ico.]
2024-12-28T21:57:57.807+0700 WARN Resolved [org.springframework.web.servlet.resource.NoResourceFoundException: No static resource favicon.ico.]
2024-12-28T21:57:58.953+0700 WARN Resolved [org.springframework.web.servlet.resource.NoResourceFoundException: No static resource favicon.ico.]
2024-12-28T21:58:32.072+0700 WARN Resolved [org.springframework.web.servlet.resource.NoResourceFoundException: No static resource favicon.ico.]
2024-12-28T21:58:42.370+0700 WARN Resolved [org.springframework.web.servlet.resource.NoResourceFoundException: No static resource favicon.ico.]
2024-12-28T21:58:44.095+0700 WARN Resolved [org.springframework.web.servlet.resource.NoResourceFoundException: No static resource favicon.ico.]
2024-12-28T22:00:27.227+0700 WARN Resolved [org.springframework.web.servlet.resource.NoResourceFoundException: No static resource favicon.ico.]
2024-12-28T22:00:52.626+0700 WARN Resolved [org.springframework.web.servlet.resource.NoResourceFoundException: No static resource favicon.ico.]
2024-12-28T22:00:54.860+0700 WARN Resolved [org.springframework.web.servlet.resource.NoResourceFoundException: No static resource favicon.ico.]
2024-12-28T22:01:54.471+0700 WARN Resolved [org.springframework.web.servlet.resource.NoResourceFoundException: No static resource favicon.ico.]
2024-12-28T22:01:55.203+0700 WARN Resolved [org.springframework.web.servlet.resource.NoResourceFoundException: No static resource favicon.ico.]
2024-12-28T22:02:08.873+0700 WARN Resolved [java.lang.NullPointerException: Cannot invoke "net.sf.mpxj.Resource.getName()" because the return value of "net.sf.mpxj.ResourceAssignment.getResource()" is null]
2024-12-28T22:02:08.916+0700 WARN Resolved [org.springframework.web.servlet.resource.NoResourceFoundException: No static resource favicon.ico.]
2024-12-28T22:02:13.052+0700 WARN Resolved [org.springframework.web.servlet.resource.NoResourceFoundException: No static resource favicon.ico.]
2024-12-28T22:02:24.739+0700 WARN Resolved [java.lang.NullPointerException: Cannot invoke "net.sf.mpxj.Resource.getName()" because the return value of "net.sf.mpxj.ResourceAssignment.getResource()" is null]
2024-12-28T22:02:24.782+0700 WARN Resolved [org.springframework.web.servlet.resource.NoResourceFoundException: No static resource favicon.ico.]
2024-12-28T22:02:53.603+0700 WARN Resolved [org.springframework.web.servlet.resource.NoResourceFoundException: No static resource favicon.ico.]
2024-12-28T22:03:35.453+0700 WARN Resolved [java.lang.NullPointerException: Cannot invoke "net.sf.mpxj.Resource.getName()" because the return value of "net.sf.mpxj.ResourceAssignment.getResource()" is null]
2024-12-28T22:03:35.476+0700 WARN Resolved [org.springframework.web.servlet.resource.NoResourceFoundException: No static resource favicon.ico.]
2024-12-28T22:03:42.388+0700 WARN Resolved [org.springframework.web.servlet.resource.NoResourceFoundException: No static resource favicon.ico.]
2024-12-28T22:03:43.668+0700 WARN Resolved [org.springframework.web.servlet.resource.NoResourceFoundException: No static resource favicon.ico.]
2024-12-28T22:03:45.004+0700 WARN Resolved [org.springframework.web.servlet.resource.NoResourceFoundException: No static resource favicon.ico.]
2024-12-28T22:03:46.236+0700 WARN Resolved [org.springframework.web.servlet.resource.NoResourceFoundException: No static resource favicon.ico.]
2024-12-28T22:03:47.278+0700 WARN Resolved [org.springframework.web.servlet.resource.NoResourceFoundException: No static resource favicon.ico.]
2024-12-28T22:03:58.400+0700 WARN Resolved [java.lang.NullPointerException: Cannot invoke "net.sf.mpxj.Resource.getName()" because the return value of "net.sf.mpxj.ResourceAssignment.getResource()" is null]
2024-12-28T22:03:58.422+0700 WARN Resolved [org.springframework.web.servlet.resource.NoResourceFoundException: No static resource favicon.ico.]
2024-12-28T22:04:00.051+0700 WARN Resolved [org.springframework.web.servlet.resource.NoResourceFoundException: No static resource favicon.ico.]
2024-12-28T22:04:09.572+0700 WARN Resolved [java.lang.NullPointerException: Cannot invoke "net.sf.mpxj.Resource.getName()" because the return value of "net.sf.mpxj.ResourceAssignment.getResource()" is null]
2024-12-28T22:04:09.612+0700 WARN Resolved [org.springframework.web.servlet.resource.NoResourceFoundException: No static resource favicon.ico.]
2024-12-28T22:04:11.098+0700 WARN Resolved [org.springframework.web.servlet.resource.NoResourceFoundException: No static resource favicon.ico.]
2024-12-28T22:04:26.695+0700 WARN Resolved [org.springframework.web.servlet.resource.NoResourceFoundException: No static resource favicon.ico.]
2024-12-28T22:04:29.066+0700 WARN Resolved [org.springframework.web.servlet.resource.NoResourceFoundException: No static resource favicon.ico.]
2024-12-28T22:05:33.018+0700 WARN Resolved [org.springframework.web.servlet.resource.NoResourceFoundException: No static resource favicon.ico.]
2024-12-28T22:05:34.518+0700 WARN Resolved [org.springframework.web.servlet.resource.NoResourceFoundException: No static resource favicon.ico.]
2024-12-28T22:06:13.372+0700 WARN Resolved [org.springframework.web.servlet.resource.NoResourceFoundException: No static resource favicon.ico.]
2024-12-28T22:06:15.022+0700 WARN Resolved [org.springframework.web.servlet.resource.NoResourceFoundException: No static resource favicon.ico.]
2024-12-28T22:07:02.853+0700 WARN Resolved [org.springframework.web.servlet.resource.NoResourceFoundException: No static resource favicon.ico.]
2024-12-28T22:07:04.140+0700 WARN Resolved [org.springframework.web.servlet.resource.NoResourceFoundException: No static resource favicon.ico.]
2024-12-28T22:07:24.358+0700 WARN Resolved [java.lang.NullPointerException: Cannot invoke "net.sf.mpxj.Resource.getName()" because the return value of "net.sf.mpxj.ResourceAssignment.getResource()" is null]
2024-12-28T22:07:24.397+0700 WARN Resolved [org.springframework.web.servlet.resource.NoResourceFoundException: No static resource favicon.ico.]
2024-12-28T22:07:26.149+0700 WARN Resolved [org.springframework.web.servlet.resource.NoResourceFoundException: No static resource favicon.ico.]
2024-12-28T22:14:14.498+0700 WARN Resolved [org.springframework.web.servlet.resource.NoResourceFoundException: No static resource favicon.ico.]
2024-12-28T22:14:15.898+0700 WARN Resolved [org.springframework.web.servlet.resource.NoResourceFoundException: No static resource favicon.ico.]
2024-12-28T22:14:35.749+0700 WARN Resolved [org.springframework.web.servlet.resource.NoResourceFoundException: No static resource favicon.ico.]
2024-12-28T22:14:37.113+0700 WARN Resolved [org.springframework.web.servlet.resource.NoResourceFoundException: No static resource favicon.ico.]
2024-12-28T22:14:53.311+0700 WARN Resolved [org.springframework.web.servlet.resource.NoResourceFoundException: No static resource favicon.ico.]
2024-12-28T22:16:58.636+0700 ERROR Servlet.service() for servlet [h2Console] in context with path [] threw exception
java.lang.NullPointerException: Cannot invoke "String.trim()" because the return value of "java.util.Properties.getProperty(String)" is null
	at org.h2.server.web.WebApp.query(WebApp.java:1077) ~[h2-2.2.224.jar:2.2.224]
	at org.h2.server.web.WebApp.process(WebApp.java:245) ~[h2-2.2.224.jar:2.2.224]
	at org.h2.server.web.WebApp.processRequest(WebApp.java:177) ~[h2-2.2.224.jar:2.2.224]
	at org.h2.server.web.JakartaWebServlet.doGet(JakartaWebServlet.java:129) ~[h2-2.2.224.jar:2.2.224]
	at jakarta.servlet.http.HttpServlet.service(HttpServlet.java:564) ~[tomcat-embed-core-10.1.18.jar:6.0]
	at jakarta.servlet.http.HttpServlet.service(HttpServlet.java:658) ~[tomcat-embed-core-10.1.18.jar:6.0]
	at org.apache.catalina.core.ApplicationFilterChain.internalDoFilter(ApplicationFilterChain.java:205) ~[tomcat-embed-core-10.1.18.jar:10.1.18]
	at org.apache.catalina.core.ApplicationFilterChain.doFilter(ApplicationFilterChain.java:149) ~[tomcat-embed-core-10.1.18.jar:10.1.18]
	at org.apache.tomcat.websocket.server.WsFilter.doFilter(WsFilter.java:51) ~[tomcat-embed-websocket-10.1.18.jar:10.1.18]
	at org.apache.catalina.core.ApplicationFilterChain.internalDoFilter(ApplicationFilterChain.java:174) ~[tomcat-embed-core-10.1.18.jar:10.1.18]
	at org.apache.catalina.core.ApplicationFilterChain.doFilter(ApplicationFilterChain.java:149) ~[tomcat-embed-core-10.1.18.jar:10.1.18]
	at org.springframework.web.filter.RequestContextFilter.doFilterInternal(RequestContextFilter.java:100) ~[spring-web-6.1.3.jar:6.1.3]
	at org.springframework.web.filter.OncePerRequestFilter.doFilter(OncePerRequestFilter.java:116) ~[spring-web-6.1.3.jar:6.1.3]
	at org.apache.catalina.core.ApplicationFilterChain.internalDoFilter(ApplicationFilterChain.java:174) ~[tomcat-embed-core-10.1.18.jar:10.1.18]
	at org.apache.catalina.core.ApplicationFilterChain.doFilter(ApplicationFilterChain.java:149) ~[tomcat-embed-core-10.1.18.jar:10.1.18]
	at org.springframework.web.filter.FormContentFilter.doFilterInternal(FormContentFilter.java:93) ~[spring-web-6.1.3.jar:6.1.3]
	at org.springframework.web.filter.OncePerRequestFilter.doFilter(OncePerRequestFilter.java:116) ~[spring-web-6.1.3.jar:6.1.3]
	at org.apache.catalina.core.ApplicationFilterChain.internalDoFilter(ApplicationFilterChain.java:174) ~[tomcat-embed-core-10.1.18.jar:10.1.18]
	at org.apache.catalina.core.ApplicationFilterChain.doFilter(ApplicationFilterChain.java:149) ~[tomcat-embed-core-10.1.18.jar:10.1.18]
	at org.springframework.web.filter.CharacterEncodingFilter.doFilterInternal(CharacterEncodingFilter.java:201) ~[spring-web-6.1.3.jar:6.1.3]
	at org.springframework.web.filter.OncePerRequestFilter.doFilter(OncePerRequestFilter.java:116) ~[spring-web-6.1.3.jar:6.1.3]
	at org.apache.catalina.core.ApplicationFilterChain.internalDoFilter(ApplicationFilterChain.java:174) ~[tomcat-embed-core-10.1.18.jar:10.1.18]
	at org.apache.catalina.core.ApplicationFilterChain.doFilter(ApplicationFilterChain.java:149) ~[tomcat-embed-core-10.1.18.jar:10.1.18]
	at org.apache.catalina.core.StandardWrapperValve.invoke(StandardWrapperValve.java:167) [tomcat-embed-core-10.1.18.jar:10.1.18]
	at org.apache.catalina.core.StandardContextValve.invoke(StandardContextValve.java:90) [tomcat-embed-core-10.1.18.jar:10.1.18]
	at org.apache.catalina.authenticator.AuthenticatorBase.invoke(AuthenticatorBase.java:482) [tomcat-embed-core-10.1.18.jar:10.1.18]
	at org.apache.catalina.core.StandardHostValve.invoke(StandardHostValve.java:115) [tomcat-embed-core-10.1.18.jar:10.1.18]
	at org.apache.catalina.valves.ErrorReportValve.invoke(ErrorReportValve.java:93) [tomcat-embed-core-10.1.18.jar:10.1.18]
	at org.apache.catalina.core.StandardEngineValve.invoke(StandardEngineValve.java:74) [tomcat-embed-core-10.1.18.jar:10.1.18]
	at org.apache.catalina.connector.CoyoteAdapter.service(CoyoteAdapter.java:340) [tomcat-embed-core-10.1.18.jar:10.1.18]
	at org.apache.coyote.http11.Http11Processor.service(Http11Processor.java:391) [tomcat-embed-core-10.1.18.jar:10.1.18]
	at org.apache.coyote.AbstractProcessorLight.process(AbstractProcessorLight.java:63) [tomcat-embed-core-10.1.18.jar:10.1.18]
	at org.apache.coyote.AbstractProtocol$ConnectionHandler.process(AbstractProtocol.java:896) [tomcat-embed-core-10.1.18.jar:10.1.18]
	at org.apache.tomcat.util.net.NioEndpoint$SocketProcessor.doRun(NioEndpoint.java:1744) [tomcat-embed-core-10.1.18.jar:10.1.18]
	at org.apache.tomcat.util.net.SocketProcessorBase.run(SocketProcessorBase.java:52) [tomcat-embed-core-10.1.18.jar:10.1.18]
	at org.apache.tomcat.util.threads.ThreadPoolExecutor.runWorker(ThreadPoolExecutor.java:1191) [tomcat-embed-core-10.1.18.jar:10.1.18]
	at org.apache.tomcat.util.threads.ThreadPoolExecutor$Worker.run(ThreadPoolExecutor.java:659) [tomcat-embed-core-10.1.18.jar:10.1.18]
	at org.apache.tomcat.util.threads.TaskThread$WrappingRunnable.run(TaskThread.java:61) [tomcat-embed-core-10.1.18.jar:10.1.18]
	at java.base/java.lang.Thread.run(Thread.java:1589) [?:?]
2024-12-28T22:16:58.771+0700 WARN Resolved [org.springframework.web.servlet.resource.NoResourceFoundException: No static resource favicon.ico.]
2024-12-28T22:17:05.835+0700 WARN Resolved [org.springframework.web.servlet.resource.NoResourceFoundException: No static resource favicon.ico.]
2024-12-28T22:17:07.290+0700 WARN Resolved [org.springframework.web.servlet.resource.NoResourceFoundException: No static resource favicon.ico.]
2024-12-28T22:17:18.131+0700 INFO Closing JPA EntityManagerFactory for persistence unit 'default'
2024-12-28T22:17:18.137+0700 WARN Invocation of destroy method failed on bean with name 'inMemoryDatabaseShutdownExecutor': org.h2.jdbc.JdbcSQLNonTransientConnectionException: База данных уже закрыта (чтобы отключить автоматическое закрытие базы данных при останове JVM, добавьте ";DB_CLOSE_ON_EXIT=FALSE" в URL)
Database is already closed (to disable automatic closing at VM shutdown, add ";DB_CLOSE_ON_EXIT=FALSE" to the db URL) [90121-224]
2024-12-28T22:17:18.137+0700 INFO HikariPool-1 - Shutdown initiated...
2024-12-28T22:17:18.138+0700 INFO HikariPool-1 - Shutdown completed.
